#
# There is insufficient memory for the Java Runtime Environment to continue.
# Native memory allocation (malloc) failed to allocate 33136 bytes for Chunk::new
# Possible reasons:
#   The system is out of physical RAM or swap space
#   In 32 bit mode, the process size limit was hit
# Possible solutions:
#   Reduce memory load on the system
#   Increase physical memory or swap space
#   Check if swap backing store is full
#   Use 64 bit Java on a 64 bit OS
#   Decrease Java heap size (-Xmx/-Xms)
#   Decrease number of Java threads
#   Decrease Java thread stack sizes (-Xss)
#   Set larger code cache with -XX:ReservedCodeCacheSize=
# This output file may be truncated or incomplete.
#
#  Out of Memory Error (allocation.cpp:390), pid=31004, tid=0x000000000000647c
#
# JRE version: Java(TM) SE Runtime Environment (8.0_101-b13) (build 1.8.0_101-b13)
# Java VM: Java HotSpot(TM) 64-Bit Server VM (25.101-b13 mixed mode windows-amd64 compressed oops)
# Failed to write core dump. Minidumps are not enabled by default on client versions of Windows
#

---------------  T H R E A D  ---------------

Current thread (0x0000000002d93800):  JavaThread "main" [_thread_in_native, id=25724, stack(0x0000000002bc0000,0x0000000002cc0000)]

Stack: [0x0000000002bc0000,0x0000000002cc0000]
[error occurred during error reporting (printing stack bounds), id 0xc0000005]

Native frames: (J=compiled Java code, j=interpreted, Vv=VM code, C=native code)

Java frames: (J=compiled Java code, j=interpreted, Vv=VM code)
j  java.util.concurrent.CompletableFuture.<clinit>()V+11
v  ~StubRoutines::call_stub
j  io.lettuce.core.AbstractRedisClient.toCompletableFuture(Lio/netty/util/concurrent/Future;)Ljava/util/concurrent/CompletableFuture;+0
j  io.lettuce.core.AbstractRedisClient.closeResources()Ljava/util/concurrent/CompletableFuture;+194
j  io.lettuce.core.AbstractRedisClient.shutdownAsync(JJLjava/util/concurrent/TimeUnit;)Ljava/util/concurrent/CompletableFuture;+46
j  io.lettuce.core.AbstractRedisClient.shutdown(JJLjava/util/concurrent/TimeUnit;)V+5
j  org.springframework.data.redis.connection.lettuce.LettuceConnectionFactory.destroy()V+99
j  org.springframework.beans.factory.support.DisposableBeanAdapter.destroy()V+139
j  org.springframework.beans.factory.support.DefaultSingletonBeanRegistry.destroyBean(Ljava/lang/String;Lorg/springframework/beans/factory/DisposableBean;)V+133
j  org.springframework.beans.factory.support.DefaultSingletonBeanRegistry.destroySingleton(Ljava/lang/String;)V+41
j  org.springframework.beans.factory.support.DefaultListableBeanFactory.destroySingleton(Ljava/lang/String;)V+2
j  org.springframework.beans.factory.support.DefaultSingletonBeanRegistry.destroySingletons()V+105
j  org.springframework.beans.factory.support.DefaultListableBeanFactory.destroySingletons()V+1
j  org.springframework.context.support.AbstractApplicationContext.destroyBeans()V+4
j  org.springframework.context.support.AbstractApplicationContext.refresh()V+110
j  org.springframework.boot.web.servlet.context.ServletWebServerApplicationContext.refresh()V+1
j  org.springframework.boot.SpringApplication.refresh(Lorg/springframework/context/ApplicationContext;)V+10
j  org.springframework.boot.SpringApplication.refreshContext(Lorg/springframework/context/ConfigurableApplicationContext;)V+2
j  org.springframework.boot.SpringApplication.run([Ljava/lang/String;)Lorg/springframework/context/ConfigurableApplicationContext;+118
j  org.springframework.boot.SpringApplication.run([Ljava/lang/Class;[Ljava/lang/String;)Lorg/springframework/context/ConfigurableApplicationContext;+9
j  org.springframework.boot.SpringApplication.run(Ljava/lang/Class;[Ljava/lang/String;)Lorg/springframework/context/ConfigurableApplicationContext;+9
j  com.ecpss.HgoodApplication.main([Ljava/lang/String;)V+3
v  ~StubRoutines::call_stub

---------------  P R O C E S S  ---------------

Java Threads: ( => current thread )
  0x000000001b47c000 JavaThread "mysql-cj-abandoned-connection-cleanup" daemon [_thread_blocked, id=12360, stack(0x000000001cc90000,0x000000001cd90000)]
  0x000000001b458800 JavaThread "container-0" [_thread_blocked, id=34036, stack(0x000000001cb90000,0x000000001cc90000)]
  0x000000001b458000 JavaThread "Catalina-utility-2" [_thread_blocked, id=19380, stack(0x000000001ca90000,0x000000001cb90000)]
  0x000000001b457000 JavaThread "Catalina-utility-1" [_thread_blocked, id=32912, stack(0x000000001c990000,0x000000001ca90000)]
  0x0000000019765800 JavaThread "Service Thread" daemon [_thread_blocked, id=36924, stack(0x0000000019fc0000,0x000000001a0c0000)]
  0x000000001967e800 JavaThread "C1 CompilerThread2" daemon [_thread_blocked, id=30184, stack(0x0000000019ec0000,0x0000000019fc0000)]
  0x00000000196ae800 JavaThread "C2 CompilerThread1" daemon [_thread_blocked, id=104, stack(0x0000000019dc0000,0x0000000019ec0000)]
  0x00000000196ae000 JavaThread "C2 CompilerThread0" daemon [_thread_blocked, id=21816, stack(0x0000000019cc0000,0x0000000019dc0000)]
  0x0000000019682800 JavaThread "Monitor Ctrl-Break" daemon [_thread_in_native, id=25472, stack(0x0000000019bc0000,0x0000000019cc0000)]
  0x0000000017a77000 JavaThread "Attach Listener" daemon [_thread_blocked, id=10032, stack(0x00000000192c0000,0x00000000193c0000)]
  0x0000000017a76000 JavaThread "Signal Dispatcher" daemon [_thread_blocked, id=4056, stack(0x00000000191c0000,0x00000000192c0000)]
  0x0000000017a50000 JavaThread "Finalizer" daemon [_thread_blocked, id=36148, stack(0x0000000018cc0000,0x0000000018dc0000)]
  0x0000000017a29000 JavaThread "Reference Handler" daemon [_thread_blocked, id=27396, stack(0x0000000018bc0000,0x0000000018cc0000)]
=>0x0000000002d93800 JavaThread "main" [_thread_in_native, id=25724, stack(0x0000000002bc0000,0x0000000002cc0000)]

Other Threads:
  0x0000000017a28000 VMThread [stack: 0x0000000018ac0000,0x0000000018bc0000] [id=22240]
  0x000000001976b000 WatcherThread [stack: 0x000000001a0c0000,0x000000001a1c0000] [id=8312]

VM state:not at safepoint (normal execution)

VM Mutex/Monitor currently owned by a thread: None

Heap:
 PSYoungGen      total 70656K, used 31657K [0x00000000d6100000, 0x00000000dab00000, 0x0000000100000000)
  eden space 65536K, 40% used [0x00000000d6100000,0x00000000d7aedd70,0x00000000da100000)
  from space 5120K, 99% used [0x00000000da600000,0x00000000daafc7d0,0x00000000dab00000)
  to   space 5120K, 0% used [0x00000000da100000,0x00000000da100000,0x00000000da600000)
 ParOldGen       total 52224K, used 16442K [0x0000000082200000, 0x0000000085500000, 0x00000000d6100000)
  object space 52224K, 31% used [0x0000000082200000,0x000000008320eba0,0x0000000085500000)
 Metaspace       used 38043K, capacity 40135K, committed 40320K, reserved 1089536K
  class space    used 5092K, capacity 5480K, committed 5504K, reserved 1048576K

Card table byte_map: [0x0000000012350000,0x0000000012740000] byte_map_base: 0x0000000011f3f000

Marking Bits: (ParMarkBitMap*) 0x000000006ac3a6d0
 Begin Bits: [0x0000000012de0000, 0x0000000014d58000)
 End Bits:   [0x0000000014d58000, 0x0000000016cd0000)

Polling page: 0x0000000000e60000

CodeCache: size=245760Kb used=7490Kb max_used=7490Kb free=238269Kb
 bounds [0x0000000002f90000, 0x00000000036f0000, 0x0000000011f90000]
 total_blobs=4056 nmethods=3589 adapters=378
 compilation: enabled

Compilation events (10 events):
Event: 4.439 Thread 0x000000001967e800 3584       1       java.util.concurrent.ConcurrentHashMap$MapEntry::getValue (5 bytes)
Event: 4.439 Thread 0x000000001967e800 nmethod 3584 0x00000000036df1d0 code [0x00000000036df320, 0x00000000036df430]
Event: 4.439 Thread 0x000000001967e800 3585       1       java.util.concurrent.ConcurrentHashMap$BaseIterator::<init> (21 bytes)
Event: 4.439 Thread 0x000000001967e800 nmethod 3585 0x00000000036df490 code [0x00000000036df600, 0x00000000036df778]
Event: 4.439 Thread 0x000000001967e800 3586   !   1       java.util.concurrent.ConcurrentHashMap::clear (176 bytes)
Event: 4.440 Thread 0x000000001967e800 nmethod 3586 0x00000000036df810 code [0x00000000036df9a0, 0x00000000036dfeb8]
Event: 4.441 Thread 0x000000001967e800 3587       1       java.lang.invoke.LambdaFormEditor$Transform::<init> (17 bytes)
Event: 4.441 Thread 0x000000001967e800 nmethod 3587 0x00000000036e0390 code [0x00000000036e04e0, 0x00000000036e0650]
Event: 4.441 Thread 0x000000001967e800 3588       1       java.lang.invoke.BoundMethodHandle$Species_L::<init> (12 bytes)
Event: 4.441 Thread 0x000000001967e800 nmethod 3588 0x00000000036e0690 code [0x00000000036e07e0, 0x00000000036e0948]

GC Heap History (10 events):
Event: 2.850 GC heap before
{Heap before GC invocations=8 (full 1):
 PSYoungGen      total 70656K, used 70641K [0x00000000d6100000, 0x00000000dab00000, 0x0000000100000000)
  eden space 65536K, 100% used [0x00000000d6100000,0x00000000da100000,0x00000000da100000)
  from space 5120K, 99% used [0x00000000da600000,0x00000000daafc628,0x00000000dab00000)
  to   space 5120K, 0% used [0x00000000da100000,0x00000000da100000,0x00000000da600000)
 ParOldGen       total 52224K, used 9271K [0x0000000082200000, 0x0000000085500000, 0x00000000d6100000)
  object space 52224K, 17% used [0x0000000082200000,0x0000000082b0dff0,0x0000000085500000)
 Metaspace       used 27800K, capacity 29118K, committed 29440K, reserved 1075200K
  class space    used 3736K, capacity 4001K, committed 4096K, reserved 1048576K
Event: 2.857 GC heap after
Heap after GC invocations=8 (full 1):
 PSYoungGen      total 70656K, used 5088K [0x00000000d6100000, 0x00000000dab00000, 0x0000000100000000)
  eden space 65536K, 0% used [0x00000000d6100000,0x00000000d6100000,0x00000000da100000)
  from space 5120K, 99% used [0x00000000da100000,0x00000000da5f8020,0x00000000da600000)
  to   space 5120K, 0% used [0x00000000da600000,0x00000000da600000,0x00000000dab00000)
 ParOldGen       total 52224K, used 12878K [0x0000000082200000, 0x0000000085500000, 0x00000000d6100000)
  object space 52224K, 24% used [0x0000000082200000,0x0000000082e938c8,0x0000000085500000)
 Metaspace       used 27800K, capacity 29118K, committed 29440K, reserved 1075200K
  class space    used 3736K, capacity 4001K, committed 4096K, reserved 1048576K
}
Event: 3.442 GC heap before
{Heap before GC invocations=9 (full 1):
 PSYoungGen      total 70656K, used 70624K [0x00000000d6100000, 0x00000000dab00000, 0x0000000100000000)
  eden space 65536K, 100% used [0x00000000d6100000,0x00000000da100000,0x00000000da100000)
  from space 5120K, 99% used [0x00000000da100000,0x00000000da5f8020,0x00000000da600000)
  to   space 5120K, 0% used [0x00000000da600000,0x00000000da600000,0x00000000dab00000)
 ParOldGen       total 52224K, used 12878K [0x0000000082200000, 0x0000000085500000, 0x00000000d6100000)
  object space 52224K, 24% used [0x0000000082200000,0x0000000082e938c8,0x0000000085500000)
 Metaspace       used 31859K, capacity 33392K, committed 33536K, reserved 1079296K
  class space    used 4227K, capacity 4530K, committed 4608K, reserved 1048576K
Event: 3.452 GC heap after
Heap after GC invocations=9 (full 1):
 PSYoungGen      total 70656K, used 5106K [0x00000000d6100000, 0x00000000dab00000, 0x0000000100000000)
  eden space 65536K, 0% used [0x00000000d6100000,0x00000000d6100000,0x00000000da100000)
  from space 5120K, 99% used [0x00000000da600000,0x00000000daafc978,0x00000000dab00000)
  to   space 5120K, 0% used [0x00000000da100000,0x00000000da100000,0x00000000da600000)
 ParOldGen       total 52224K, used 18222K [0x0000000082200000, 0x0000000085500000, 0x00000000d6100000)
  object space 52224K, 34% used [0x0000000082200000,0x00000000833cb918,0x0000000085500000)
 Metaspace       used 31859K, capacity 33392K, committed 33536K, reserved 1079296K
  class space    used 4227K, capacity 4530K, committed 4608K, reserved 1048576K
}
Event: 3.763 GC heap before
{Heap before GC invocations=10 (full 1):
 PSYoungGen      total 70656K, used 36333K [0x00000000d6100000, 0x00000000dab00000, 0x0000000100000000)
  eden space 65536K, 47% used [0x00000000d6100000,0x00000000d7f7ec40,0x00000000da100000)
  from space 5120K, 99% used [0x00000000da600000,0x00000000daafc978,0x00000000dab00000)
  to   space 5120K, 0% used [0x00000000da100000,0x00000000da100000,0x00000000da600000)
 ParOldGen       total 52224K, used 18222K [0x0000000082200000, 0x0000000085500000, 0x00000000d6100000)
  object space 52224K, 34% used [0x0000000082200000,0x00000000833cb918,0x0000000085500000)
 Metaspace       used 33889K, capacity 35400K, committed 35496K, reserved 1079296K
  class space    used 4505K, capacity 4796K, committed 4864K, reserved 1048576K
Event: 3.770 GC heap after
Heap after GC invocations=10 (full 1):
 PSYoungGen      total 70656K, used 5115K [0x00000000d6100000, 0x00000000dab00000, 0x0000000100000000)
  eden space 65536K, 0% used [0x00000000d6100000,0x00000000d6100000,0x00000000da100000)
  from space 5120K, 99% used [0x00000000da100000,0x00000000da5fec88,0x00000000da600000)
  to   space 5120K, 0% used [0x00000000da600000,0x00000000da600000,0x00000000dab00000)
 ParOldGen       total 52224K, used 20882K [0x0000000082200000, 0x0000000085500000, 0x00000000d6100000)
  object space 52224K, 39% used [0x0000000082200000,0x0000000083664970,0x0000000085500000)
 Metaspace       used 33889K, capacity 35400K, committed 35496K, reserved 1079296K
  class space    used 4505K, capacity 4796K, committed 4864K, reserved 1048576K
}
Event: 3.770 GC heap before
{Heap before GC invocations=11 (full 2):
 PSYoungGen      total 70656K, used 5115K [0x00000000d6100000, 0x00000000dab00000, 0x0000000100000000)
  eden space 65536K, 0% used [0x00000000d6100000,0x00000000d6100000,0x00000000da100000)
  from space 5120K, 99% used [0x00000000da100000,0x00000000da5fec88,0x00000000da600000)
  to   space 5120K, 0% used [0x00000000da600000,0x00000000da600000,0x00000000dab00000)
 ParOldGen       total 52224K, used 20882K [0x0000000082200000, 0x0000000085500000, 0x00000000d6100000)
  object space 52224K, 39% used [0x0000000082200000,0x0000000083664970,0x0000000085500000)
 Metaspace       used 33889K, capacity 35400K, committed 35496K, reserved 1079296K
  class space    used 4505K, capacity 4796K, committed 4864K, reserved 1048576K
Event: 3.844 GC heap after
Heap after GC invocations=11 (full 2):
 PSYoungGen      total 70656K, used 0K [0x00000000d6100000, 0x00000000dab00000, 0x0000000100000000)
  eden space 65536K, 0% used [0x00000000d6100000,0x00000000d6100000,0x00000000da100000)
  from space 5120K, 0% used [0x00000000da100000,0x00000000da100000,0x00000000da600000)
  to   space 5120K, 0% used [0x00000000da600000,0x00000000da600000,0x00000000dab00000)
 ParOldGen       total 52224K, used 16256K [0x0000000082200000, 0x0000000085500000, 0x00000000d6100000)
  object space 52224K, 31% used [0x0000000082200000,0x00000000831e0260,0x0000000085500000)
 Metaspace       used 33889K, capacity 35400K, committed 35496K, reserved 1079296K
  class space    used 4505K, capacity 4796K, committed 4864K, reserved 1048576K
}
Event: 4.287 GC heap before
{Heap before GC invocations=12 (full 2):
 PSYoungGen      total 70656K, used 65536K [0x00000000d6100000, 0x00000000dab00000, 0x0000000100000000)
  eden space 65536K, 100% used [0x00000000d6100000,0x00000000da100000,0x00000000da100000)
  from space 5120K, 0% used [0x00000000da100000,0x00000000da100000,0x00000000da600000)
  to   space 5120K, 0% used [0x00000000da600000,0x00000000da600000,0x00000000dab00000)
 ParOldGen       total 52224K, used 16256K [0x0000000082200000, 0x0000000085500000, 0x00000000d6100000)
  object space 52224K, 31% used [0x0000000082200000,0x00000000831e0260,0x0000000085500000)
 Metaspace       used 36823K, capacity 38704K, committed 38784K, reserved 1083392K
  class space    used 4868K, capacity 5248K, committed 5248K, reserved 1048576K
Event: 4.291 GC heap after
Heap after GC invocations=12 (full 2):
 PSYoungGen      total 70656K, used 5105K [0x00000000d6100000, 0x00000000dab00000, 0x0000000100000000)
  eden space 65536K, 0% used [0x00000000d6100000,0x00000000d6100000,0x00000000da100000)
  from space 5120K, 99% used [0x00000000da600000,0x00000000daafc7d0,0x00000000dab00000)
  to   space 5120K, 0% used [0x00000000da100000,0x00000000da100000,0x00000000da600000)
 ParOldGen       total 52224K, used 16442K [0x0000000082200000, 0x0000000085500000, 0x00000000d6100000)
  object space 52224K, 31% used [0x0000000082200000,0x000000008320eba0,0x0000000085500000)
 Metaspace       used 36823K, capacity 38704K, committed 38784K, reserved 1083392K
  class space    used 4868K, capacity 5248K, committed 5248K, reserved 1048576K
}

Deoptimization events (0 events):
No events

Internal exceptions (10 events):
Event: 4.419 Thread 0x0000000002d93800 Exception <a 'java/lang/ArrayIndexOutOfBoundsException'> (0x00000000d77293b8) thrown at [C:\re\workspace\8-2-build-windows-amd64-cygwin\jdk8u101\7261\hotspot\src\share\vm\runtime\sharedRuntime.cpp, line 605]
Event: 4.420 Thread 0x0000000002d93800 Exception <a 'java/lang/ArrayIndexOutOfBoundsException'> (0x00000000d7739750) thrown at [C:\re\workspace\8-2-build-windows-amd64-cygwin\jdk8u101\7261\hotspot\src\share\vm\runtime\sharedRuntime.cpp, line 605]
Event: 4.426 Thread 0x0000000002d93800 Exception <a 'java/lang/ArrayIndexOutOfBoundsException'> (0x00000000d77bd4d0) thrown at [C:\re\workspace\8-2-build-windows-amd64-cygwin\jdk8u101\7261\hotspot\src\share\vm\runtime\sharedRuntime.cpp, line 605]
Event: 4.437 Thread 0x0000000002d93800 Exception <a 'java/lang/OutOfMemoryError'> (0x00000000d7934bd8) thrown at [C:\re\workspace\8-2-build-windows-amd64-cygwin\jdk8u101\7261\hotspot\src\share\vm\prims\jni.cpp, line 735]
Event: 4.438 Thread 0x0000000002d93800 Exception <a 'java/lang/OutOfMemoryError'> (0x00000000d7934bd8) thrown at [C:\re\workspace\8-2-build-windows-amd64-cygwin\jdk8u101\7261\hotspot\src\share\vm\prims\jvm.cpp, line 1390]
Event: 4.438 Thread 0x0000000002d93800 Exception <a 'java/lang/OutOfMemoryError'> (0x00000000d7934bd8) thrown at [C:\re\workspace\8-2-build-windows-amd64-cygwin\jdk8u101\7261\hotspot\src\share\vm\prims\jvm.cpp, line 1390]
Event: 4.438 Thread 0x0000000002d93800 Exception <a 'java/lang/reflect/InvocationTargetException'> (0x00000000d7936928) thrown at [C:\re\workspace\8-2-build-windows-amd64-cygwin\jdk8u101\7261\hotspot\src\share\vm\runtime\reflection.cpp, line 1092]
Event: 4.440 Thread 0x0000000002d93800 Exception <a 'java/lang/NoSuchMethodError': java.lang.Object.lambda$toStream$0(Ljava/util/Optional;)Ljava/util/stream/Stream;> (0x00000000d796f608) thrown at [C:\re\workspace\8-2-build-windows-amd64-cygwin\jdk8u101\7261\hotspot\src\share\vm\interpreter\lin¶t`Y\Ã@
Event: 4.441 Thread 0x0000000002d93800 Exception <a 'java/lang/NoSuchMethodError': java.lang.Object.of(Ljava/lang/Object;)Ljava/util/stream/Stream;> (0x00000000d7978580) thrown at [C:\re\workspace\8-2-build-windows-amd64-cygwin\jdk8u101\7261\hotspot\src\share\vm\interpreter\linkResolver.cpp, liB’
|Ã@
Event: 4.441 Thread 0x0000000002d93800 Exception <a 'java/lang/NoSuchMethodError': java.lang.Object.empty()Ljava/util/stream/Stream;> (0x00000000d797b070) thrown at [C:\re\workspace\8-2-build-windows-amd64-cygwin\jdk8u101\7261\hotspot\src\share\vm\interpreter\linkResolver.cpp, line 582]

Events (10 events):
Event: 4.443 loading class io/netty/channel/group/ChannelMatchers$ClassMatcher done
Event: 4.443 loading class io/netty/channel/group/ChannelMatchers$InvertMatcher
Event: 4.443 loading class io/netty/channel/group/ChannelMatchers$InvertMatcher done
Event: 4.443 loading class io/netty/channel/group/DefaultChannelGroupFuture
Event: 4.443 loading class io/netty/channel/group/DefaultChannelGroupFuture done
Event: 4.444 loading class io/netty/channel/group/DefaultChannelGroupFuture$1
Event: 4.444 loading class io/netty/channel/group/DefaultChannelGroupFuture$1 done
Event: 4.444 loading class java/util/concurrent/CompletableFuture$AltResult
Event: 4.444 loading class java/util/concurrent/CompletableFuture$AltResult done
Event: 4.444 loading class java/util/concurrent/ForkJoinPool


Dynamic libraries:
0x00007ff73f440000 - 0x00007ff73f477000 	C:\Program Files\Java\jdk1.8.0_101\bin\java.exe
0x00007ffec80a0000 - 0x00007ffec8281000 	C:\WINDOWS\SYSTEM32\ntdll.dll
0x00007ffec7380000 - 0x00007ffec7431000 	C:\WINDOWS\System32\KERNEL32.DLL
0x00007ffec4690000 - 0x00007ffec4903000 	C:\WINDOWS\System32\KERNELBASE.dll
0x00007ffec7720000 - 0x00007ffec77c1000 	C:\WINDOWS\System32\ADVAPI32.dll
0x00007ffec5530000 - 0x00007ffec55ce000 	C:\WINDOWS\System32\msvcrt.dll
0x00007ffec76c0000 - 0x00007ffec771b000 	C:\WINDOWS\System32\sechost.dll
0x00007ffec7010000 - 0x00007ffec7134000 	C:\WINDOWS\System32\RPCRT4.dll
0x00007ffec79b0000 - 0x00007ffec7b40000 	C:\WINDOWS\System32\USER32.dll
0x00007ffec45c0000 - 0x00007ffec45e0000 	C:\WINDOWS\System32\win32u.dll
0x00007ffec7140000 - 0x00007ffec7168000 	C:\WINDOWS\System32\GDI32.dll
0x00007ffec5390000 - 0x00007ffec5521000 	C:\WINDOWS\System32\gdi32full.dll
0x00007ffec4520000 - 0x00007ffec45bf000 	C:\WINDOWS\System32\msvcp_win.dll
0x00007ffec50a0000 - 0x00007ffec5198000 	C:\WINDOWS\System32\ucrtbase.dll
0x00007ffeb63b0000 - 0x00007ffeb6619000 	C:\WINDOWS\WinSxS\amd64_microsoft.windows.common-controls_6595b64144ccf1df_6.0.17134.915_none_fb42a6293065514f\COMCTL32.dll
0x00007ffec7c10000 - 0x00007ffec7f32000 	C:\WINDOWS\System32\combase.dll
0x00007ffec4910000 - 0x00007ffec4989000 	C:\WINDOWS\System32\bcryptPrimitives.dll
0x00007ffec7690000 - 0x00007ffec76bd000 	C:\WINDOWS\System32\IMM32.DLL
0x000000006bc90000 - 0x000000006bd62000 	C:\Program Files\Java\jdk1.8.0_101\jre\bin\msvcr100.dll
0x000000006a420000 - 0x000000006acba000 	C:\Program Files\Java\jdk1.8.0_101\jre\bin\server\jvm.dll
0x00007ffec8050000 - 0x00007ffec8058000 	C:\WINDOWS\System32\PSAPI.DLL
0x00007ffebde20000 - 0x00007ffebde43000 	C:\WINDOWS\SYSTEM32\WINMM.dll
0x00007ffebca00000 - 0x00007ffebca0a000 	C:\WINDOWS\SYSTEM32\VERSION.dll
0x00007ffeb77a0000 - 0x00007ffeb77a9000 	C:\WINDOWS\SYSTEM32\WSOCK32.dll
0x00007ffec7170000 - 0x00007ffec71dc000 	C:\WINDOWS\System32\WS2_32.dll
0x00007ffebddf0000 - 0x00007ffebde1a000 	C:\WINDOWS\SYSTEM32\winmmbase.dll
0x00007ffec4640000 - 0x00007ffec4689000 	C:\WINDOWS\System32\cfgmgr32.dll
0x000000006bc80000 - 0x000000006bc8f000 	C:\Program Files\Java\jdk1.8.0_101\jre\bin\verify.dll
0x000000006bc10000 - 0x000000006bc39000 	C:\Program Files\Java\jdk1.8.0_101\jre\bin\java.dll
0x000000006bba0000 - 0x000000006bbc3000 	C:\Program Files\Java\jdk1.8.0_101\jre\bin\instrument.dll
0x000000006bc60000 - 0x000000006bc76000 	C:\Program Files\Java\jdk1.8.0_101\jre\bin\zip.dll
0x00007ffec5b50000 - 0x00007ffec6f90000 	C:\WINDOWS\System32\SHELL32.dll
0x00007ffec7fa0000 - 0x00007ffec8049000 	C:\WINDOWS\System32\shcore.dll
0x00007ffec4990000 - 0x00007ffec509d000 	C:\WINDOWS\System32\windows.storage.dll
0x00007ffec7950000 - 0x00007ffec79a1000 	C:\WINDOWS\System32\shlwapi.dll
0x00007ffec4450000 - 0x00007ffec4461000 	C:\WINDOWS\System32\kernel.appcore.dll
0x00007ffec43c0000 - 0x00007ffec43df000 	C:\WINDOWS\System32\profapi.dll
0x00007ffec43e0000 - 0x00007ffec442c000 	C:\WINDOWS\System32\powrprof.dll
0x00007ffec43b0000 - 0x00007ffec43ba000 	C:\WINDOWS\System32\FLTLIB.DLL
0x00007ffebd2c0000 - 0x00007ffebd2da000 	D:\Program Files\JetBrains\IntelliJ IDEA 2017.1.3\bin\breakgen64.dll
0x000000006bbf0000 - 0x000000006bc0a000 	C:\Program Files\Java\jdk1.8.0_101\jre\bin\net.dll
0x00007ffec3c10000 - 0x00007ffec3c76000 	C:\WINDOWS\system32\mswsock.dll
0x000000006bb90000 - 0x000000006bb9d000 	C:\Program Files\Java\jdk1.8.0_101\jre\bin\management.dll
0x00007ffeb7750000 - 0x00007ffeb7766000 	C:\WINDOWS\system32\napinsp.dll
0x00007ffeb7730000 - 0x00007ffeb774a000 	C:\WINDOWS\system32\pnrpnsp.dll
0x00007ffec1b80000 - 0x00007ffec1b99000 	C:\WINDOWS\system32\NLAapi.dll
0x00007ffec39a0000 - 0x00007ffec3a5e000 	C:\WINDOWS\SYSTEM32\DNSAPI.dll
0x00007ffec8060000 - 0x00007ffec8068000 	C:\WINDOWS\System32\NSI.dll
0x00007ffec3960000 - 0x00007ffec3998000 	C:\WINDOWS\SYSTEM32\IPHLPAPI.DLL
0x00007ffeb7720000 - 0x00007ffeb772e000 	C:\WINDOWS\System32\winrnr.dll
0x00007ffebfa60000 - 0x00007ffebfa6a000 	C:\Windows\System32\rasadhlp.dll
0x00007ffec1000000 - 0x00007ffec1072000 	C:\WINDOWS\System32\fwpuclnt.dll
0x00007ffec3ef0000 - 0x00007ffec3f15000 	C:\WINDOWS\SYSTEM32\bcrypt.dll
0x000000006bbd0000 - 0x000000006bbe1000 	C:\Program Files\Java\jdk1.8.0_101\jre\bin\nio.dll
0x00007ffec3dd0000 - 0x00007ffec3de7000 	C:\WINDOWS\SYSTEM32\CRYPTSP.dll
0x00007ffec37c0000 - 0x00007ffec37f3000 	C:\WINDOWS\system32\rsaenh.dll
0x00007ffec42b0000 - 0x00007ffec42d8000 	C:\WINDOWS\SYSTEM32\USERENV.dll
0x00007ffec3dc0000 - 0x00007ffec3dcb000 	C:\WINDOWS\SYSTEM32\CRYPTBASE.dll
0x00007ffec19b0000 - 0x00007ffec19c6000 	C:\WINDOWS\SYSTEM32\dhcpcsvc6.DLL
0x00007ffec1990000 - 0x00007ffec19aa000 	C:\WINDOWS\SYSTEM32\dhcpcsvc.DLL

VM Arguments:
jvm_args: -Dvisualvm.id=586207388167174 -XX:TieredStopAtLevel=1 -Xverify:none -Dspring.output.ansi.enabled=always -javaagent:D:\Program Files\JetBrains\IntelliJ IDEA 2017.1.3\lib\idea_rt.jar=59652:D:\Program Files\JetBrains\IntelliJ IDEA 2017.1.3\bin -Dfile.encoding=UTF-8 
java_command: com.ecpss.HgoodApplication
java_class_path (initial): C:\Program Files\Java\jdk1.8.0_101\jre\lib\charsets.jar;C:\Program Files\Java\jdk1.8.0_101\jre\lib\deploy.jar;C:\Program Files\Java\jdk1.8.0_101\jre\lib\ext\access-bridge-64.jar;C:\Program Files\Java\jdk1.8.0_101\jre\lib\ext\cldrdata.jar;C:\Program Files\Java\jdk1.8.0_101\jre\lib\ext\dnsns.jar;C:\Program Files\Java\jdk1.8.0_101\jre\lib\ext\jaccess.jar;C:\Program Files\Java\jdk1.8.0_101\jre\lib\ext\jfxrt.jar;C:\Program Files\Java\jdk1.8.0_101\jre\lib\ext\localedata.jar;C:\Program Files\Java\jdk1.8.0_101\jre\lib\ext\nashorn.jar;C:\Program Files\Java\jdk1.8.0_101\jre\lib\ext\sunec.jar;C:\Program Files\Java\jdk1.8.0_101\jre\lib\ext\sunjce_provider.jar;C:\Program Files\Java\jdk1.8.0_101\jre\lib\ext\sunmscapi.jar;C:\Program Files\Java\jdk1.8.0_101\jre\lib\ext\sunpkcs11.jar;C:\Program Files\Java\jdk1.8.0_101\jre\lib\ext\zipfs.jar;C:\Program Files\Java\jdk1.8.0_101\jre\lib\javaws.jar;C:\Program Files\Java\jdk1.8.0_101\jre\lib\jce.jar;C:\Program Files\Java\jdk1.8.0_101\jre\lib\jfr.jar;C:\Program Files\Java\jdk1.8.0_101\jre\lib\jfxswt.jar;C:\Program Files\Java\jdk1.8.0_101\jre\lib\jsse.jar;C:\Program Files\Java\jdk1.8.0_101\jre\lib\management-agent.jar;C:\Program Files\Java\jdk1.8.0_101\jre\lib\plugin.jar;C:\Program Files\Java\jdk1.8.0_101\jre\lib\resources.jar;C:\Program Files\Java\jdk1.8.0_101\jre\lib\rt.jar;D:\workaddress\projectwork\hgood\target\classes;D:\MavenRepository\repository\org\springframework\boot\spring-boot-starter-web\2.1.7.RELEASE\spring-boot-starter-web-2.1.7.RELEASE.jar;D:\MavenRepository\repository\org\springframework\boot\spring-boot-starter\2.1.7.RELEASE\spring-boot-starter-2.1.7.RELEASE.jar;D:\MavenRepository\repository\org\springframework\boot\spring-boot\2.1.7.RELEASE\spring-boot-2.1.7.RELEASE.jar;D:\MavenRepository\repository\org\springframework\boot\spring-boot-autoconfigure\2.1.7.RELEASE\spring-boot-autoconfigure-2.1.7.RELEASE.jar;D:\MavenRepository\repository\org\springframework\boot\spring-boot-starter-logging\2.1.7.
Launcher Type: SUN_STANDARD

Environment Variables:
JAVA_HOME=C:\Program Files\Java\jdk1.8.0_101
CLASSPATH=.;C:\Program Files\Java\jdk1.8.0_101\lib;C:\Program Files\Java\jdk1.8.0_101\lib\tools.jar;
PATH=D:\Program Files (x86)\NetSarang\Xshell 6\;D:\Program Files (x86)\NetSarang\Xftp 6\;E:\app\client\Raytine\product\12.1.0\client_1\bin;E:\app\oracleuser\product\12.1.0\dbhome_1\bin;C:\Program Files\Java\jdk1.8.0_101\bin;C:\ProgramData\Oracle\Java\javapath;C:\Program Files\Java\jdk1.7.0_04\bin;C:\Program Files\Intel\iCLS Client\;C:\Windows\system32;C:\Windows;C:\Windows\System32\Wbem;C:\Windows\System32\WindowsPowerShell\v1.0\;C:\Program Files (x86)\Intel\Intel(R) Management Engine Components\DAL;C:\Program Files\Intel\Intel(R) Management Engine Components\DAL;C:\Program Files (x86)\Intel\Intel(R) Management Engine Components\IPT;C:\Program Files\Intel\Intel(R) Management Engine Components\IPT;C:\Program Files (x86)\NVIDIA Corporation\PhysX\Common;D:\apache-maven-3.5.4-bin\apache-maven-3.5.4\bin;D:\mysql-5.6.22-winx64\bin;C:\Program Files (x86)\Microsoft SQL Server\100\Tools\Binn\;C:\Program Files\Microsoft SQL Server\100\Tools\Binn\;C:\Program Files\Microsoft SQL Server\100\DTS\Binn\;C:\Program Files (x86)\Microsoft SQL Server\100\Tools\Binn\VSShell\Common7\IDE\;C:\Program Files (x86)\Microsoft Visual Studio 9.0\Common7\IDE\PrivateAssemblies\;C:\Program Files (x86)\Microsoft SQL Server\100\DTS\Binn\;C:\WINDOWS\system32;C:\WINDOWS;C:\WINDOWS\System32\Wbem;C:\WINDOWS\System32\WindowsPowerShell\v1.0\;C:\WINDOWS\System32\OpenSSH\;E:\TOOLS\nexus-3.14.0-04-win64\nexus-3.14.0-04\bin;C:\Users\Raytine\Desktop\ÖÚ¶à\¹¤¾ß\gradle-4.4\bin;D:\Program Files\erl9.2\bin;D:\Program Files\RabbitMQ Server\rabbitmq_server-3.7.13\sbin;C:\Users\Raytine\Desktop\ÖÚ¶à\¹¤¾ß\gradle-4.4\bin;D:\Program Files\nodejs\;C:\Users\Raytine\AppData\Local\Microsoft\WindowsApps;;D:\Program Files (x86)\SSH Communications Security\SSH Secure Shell;C:\Users\Raytine\AppData\Roaming\npm
USERNAME=Raytine
OS=Windows_NT
PROCESSOR_IDENTIFIER=Intel64 Family 6 Model 158 Stepping 11, GenuineIntel



---------------  S Y S T E M  ---------------

OS: Windows 10.0 , 64 bit Build 17134 (10.0.17134.753)

CPU:total 4 (4 cores per cpu, 1 threads per core) family 6 model 158 stepping 11, cmov, cx8, fxsr, mmx, sse, sse2, sse3, ssse3, sse4.1, sse4.2, popcnt, avx, avx2, aes, clmul, erms, 3dnowpref, lzcnt, tsc, tscinvbit, bmi1, bmi2, adx

Memory: 4k page, physical 8243236k(2047108k free), swap 23697892k(932k free)

vm_info: Java HotSpot(TM) 64-Bit Server VM (25.101-b13) for windows-amd64 JRE (1.8.0_101-b13), built on Jun 22 2016 01:21:29 by "java_re" with MS VC++ 10.0 (VS2010)

time: Thu Sep 12 09:29:55 2019
elapsed time: 4 seconds (0d 0h 0m 4s)

