#
# A fatal error has been detected by the Java Runtime Environment:
#
#  EXCEPTION_ACCESS_VIOLATION (0xc0000005) at pc=0x000000006645a0a5, pid=45400, tid=0x000000000000bb98
#
# JRE version: Java(TM) SE Runtime Environment (8.0_101-b13) (build 1.8.0_101-b13)
# Java VM: Java HotSpot(TM) 64-Bit Server VM (25.101-b13 mixed mode windows-amd64 compressed oops)
# Problematic frame:
# V  [jvm.dll+0x12a0a5]
#
# Failed to write core dump. Minidumps are not enabled by default on client versions of Windows
#
# If you would like to submit a bug report, please visit:
#   http://bugreport.java.com/bugreport/crash.jsp
#

---------------  T H R E A D  ---------------

Current thread (0x0000000017623000):  JavaThread "JDWP Transport Listener: dt_shmem" daemon [_thread_in_vm, id=48024, stack(0x0000000018f40000,0x0000000019040000)]

siginfo: ExceptionCode=0xc0000005, reading address 0x0000003b003b6e6f

Registers:
RAX=0x000000001903f601, RBX=0x0000000017623000, RCX=0x0000003b003b6e6f, RDX=0x0000000000000000
RSP=0x000000001903f630, RBP=0x0000003b003b6e6f, RSI=0x000000001903f748, RDI=0x0000000002a24890
R8 =0x0000000017623000, R9 =0x0000000000008000, R10=0x0000000000000000, R11=0x0000000019fb9263
R12=0x0000000000000000, R13=0x0000000017623c18, R14=0x0000000000000000, R15=0x0000000000000000
RIP=0x000000006645a0a5, EFLAGS=0x0000000000010206

Top of Stack: (sp=0x000000001903f630)
0x000000001903f630:   0000000017623000 0000000017623000
0x000000001903f640:   000000001903f6f8 0000000066662f0b
0x000000001903f650:   0000000017623000 000000006667f76d
0x000000001903f660:   0000000000000000 0000000067a39155
0x000000001903f670:   00000000175f00e8 0000000067a4291e
0x000000001903f680:   0000000017623000 0000000000000000
0x000000001903f690:   0000000000000000 0000000000000000
0x000000001903f6a0:   0000003b003b6e6f 0000000067a41a15
0x000000001903f6b0:   000000001903f748 000000001903f720
0x000000001903f6c0:   0000000000000001 00000000175f00e8
0x000000001903f6d0:   0000003b003b6e6f 0000000067a253b3
0x000000001903f6e0:   000000001903f810 0000000000000001
0x000000001903f6f0:   0000000000000001 00000000175f00e8
0x000000001903f700:   00000000f000100a 0000000000000000
0x000000001903f710:   0000000000000000 0000000000000000
0x000000001903f720:   0000000000000001 0000000067a25571 

Instructions: (pc=0x000000006645a0a5)
0x000000006645a085:   cc cc cc cc cc cc cc cc cc cc cc 48 83 ec 28 48
0x000000006645a095:   85 c9 75 07 33 c0 48 83 c4 28 c3 48 89 5c 24 20
0x000000006645a0a5:   48 8b 19 48 85 db 74 20 48 83 fb 37 74 1a 48 8b
0x000000006645a0b5:   13 48 8b cb ff 52 10 84 c0 74 0d 48 8b c3 48 8b 


Register to memory mapping:

RAX=0x000000001903f601 is pointing into the stack for thread: 0x0000000017623000
RBX=0x0000000017623000 is a thread
RCX=0x0000003b003b6e6f is an unknown value
RDX=0x0000000000000000 is an unknown value
RSP=0x000000001903f630 is pointing into the stack for thread: 0x0000000017623000
RBP=0x0000003b003b6e6f is an unknown value
RSI=0x000000001903f748 is pointing into the stack for thread: 0x0000000017623000
RDI=0x0000000002a24890 is an unknown value
R8 =0x0000000017623000 is a thread
R9 =0x0000000000008000 is an unknown value
R10=0x0000000000000000 is an unknown value
R11=0x0000000019fb9263 is an unknown value
R12=0x0000000000000000 is an unknown value
R13=0x0000000017623c18 is an unknown value
R14=0x0000000000000000 is an unknown value
R15=0x0000000000000000 is an unknown value


Stack: [0x0000000018f40000,0x0000000019040000],  sp=0x000000001903f630,  free space=1021k
Native frames: (J=compiled Java code, j=interpreted, Vv=VM code, C=native code)
V  [jvm.dll+0x12a0a5]
V  [jvm.dll+0x34f76d]
C  [jdwp.dll+0x21a15]
C  [jdwp.dll+0x53b3]
C  [jdwp.dll+0x5571]
C  [jdwp.dll+0xf0a8]
C  [jdwp.dll+0x1f2d5]
C  [jdwp.dll+0x1f4aa]
V  [jvm.dll+0x1bd258]
V  [jvm.dll+0x2451a4]
V  [jvm.dll+0x29c18a]
C  [msvcr100.dll+0x21d9f]
C  [msvcr100.dll+0x21e3b]
C  [KERNEL32.DLL+0x14034]
C  [ntdll.dll+0x73691]


---------------  P R O C E S S  ---------------

Java Threads: ( => current thread )
  0x0000000018a06000 JavaThread "Service Thread" daemon [_thread_blocked, id=47316, stack(0x0000000019540000,0x0000000019640000)]
  0x000000001764b000 JavaThread "C1 CompilerThread2" daemon [_thread_blocked, id=46508, stack(0x0000000019440000,0x0000000019540000)]
  0x000000001764a000 JavaThread "C2 CompilerThread1" daemon [_thread_blocked, id=48680, stack(0x0000000019340000,0x0000000019440000)]
  0x0000000017647000 JavaThread "C2 CompilerThread0" daemon [_thread_blocked, id=49132, stack(0x0000000019240000,0x0000000019340000)]
  0x0000000017637000 JavaThread "JDWP Command Reader" daemon [_thread_in_native, id=39948, stack(0x0000000019140000,0x0000000019240000)]
  0x0000000017630000 JavaThread "JDWP Event Helper Thread" daemon [_thread_blocked, id=48532, stack(0x0000000019040000,0x0000000019140000)]
=>0x0000000017623000 JavaThread "JDWP Transport Listener: dt_shmem" daemon [_thread_in_vm, id=48024, stack(0x0000000018f40000,0x0000000019040000)]
  0x0000000017609000 JavaThread "Attach Listener" daemon [_thread_blocked, id=44392, stack(0x0000000018e40000,0x0000000018f40000)]
  0x0000000018983800 JavaThread "Signal Dispatcher" daemon [_thread_blocked, id=47212, stack(0x0000000018d40000,0x0000000018e40000)]
  0x00000000175da000 JavaThread "Finalizer" daemon [_thread_blocked, id=39928, stack(0x0000000018840000,0x0000000018940000)]
  0x0000000002b19800 JavaThread "Reference Handler" daemon [_thread_blocked, id=34464, stack(0x0000000018740000,0x0000000018840000)]
  0x0000000002a2a800 JavaThread "main" [_thread_blocked, id=45772, stack(0x0000000002840000,0x0000000002940000)]

Other Threads:
  0x00000000175b8000 VMThread [stack: 0x0000000018640000,0x0000000018740000] [id=48340]
  0x0000000018a78000 WatcherThread [stack: 0x0000000019640000,0x0000000019740000] [id=43708]

VM state:not at safepoint (normal execution)

VM Mutex/Monitor currently owned by a thread: None

Heap:
 PSYoungGen      total 37888K, used 15752K [0x00000000d6100000, 0x00000000d8b00000, 0x0000000100000000)
  eden space 32768K, 48% used [0x00000000d6100000,0x00000000d7062040,0x00000000d8100000)
  from space 5120K, 0% used [0x00000000d8600000,0x00000000d8600000,0x00000000d8b00000)
  to   space 5120K, 0% used [0x00000000d8100000,0x00000000d8100000,0x00000000d8600000)
 ParOldGen       total 86016K, used 0K [0x0000000082200000, 0x0000000087600000, 0x00000000d6100000)
  object space 86016K, 0% used [0x0000000082200000,0x0000000082200000,0x0000000087600000)
 Metaspace       used 6093K, capacity 6326K, committed 6400K, reserved 1056768K
  class space    used 693K, capacity 766K, committed 768K, reserved 1048576K

Card table byte_map: [0x0000000011ee0000,0x00000000122d0000] byte_map_base: 0x0000000011acf000

Marking Bits: (ParMarkBitMap*) 0x0000000066b4a6d0
 Begin Bits: [0x0000000012970000, 0x00000000148e8000)
 End Bits:   [0x00000000148e8000, 0x0000000016860000)

Polling page: 0x00000000005f0000

CodeCache: size=245760Kb used=2552Kb max_used=2552Kb free=243207Kb
 bounds [0x0000000002b20000, 0x0000000002da0000, 0x0000000011b20000]
 total_blobs=816 nmethods=545 adapters=192
 compilation: enabled

Compilation events (10 events):
Event: 0.985 Thread 0x000000001764b000  537  s    3       java.lang.StringBuffer::append (15 bytes)
Event: 0.985 Thread 0x000000001764b000 nmethod 537 0x0000000002d9c350 code [0x0000000002d9c4c0, 0x0000000002d9c7e8]
Event: 0.985 Thread 0x000000001764b000  538       3       java.lang.AbstractStringBuilder::append (40 bytes)
Event: 0.985 Thread 0x000000001764b000 nmethod 538 0x0000000002d9c8d0 code [0x0000000002d9ca60, 0x0000000002d9ce58]
Event: 0.987 Thread 0x000000001764b000  541       3       jdk.internal.org.objectweb.asm.ByteVector::<init> (13 bytes)
Event: 0.987 Thread 0x000000001764b000 nmethod 541 0x0000000002d9cfd0 code [0x0000000002d9d140, 0x0000000002d9d390]
Event: 0.987 Thread 0x000000001764b000  542       3       jdk.internal.org.objectweb.asm.ByteVector::putByteArray (49 bytes)
Event: 0.987 Thread 0x000000001764b000 nmethod 542 0x0000000002d9d450 code [0x0000000002d9d5c0, 0x0000000002d9d8d8]
Event: 0.988 Thread 0x000000001764b000  544       3       jdk.internal.org.objectweb.asm.ByteVector::enlarge (51 bytes)
Event: 0.989 Thread 0x000000001764b000 nmethod 544 0x0000000002d9db50 code [0x0000000002d9dcc0, 0x0000000002d9dfe8]

GC Heap History (0 events):
No events

Deoptimization events (1 events):
Event: 0.363 Thread 0x0000000002a2a800 Uncommon trap: reason=unstable_if action=reinterpret pc=0x0000000002c23d9c method=java.lang.String.hashCode()I @ 14

Internal exceptions (9 events):
Event: 0.105 Thread 0x0000000002a2a800 Exception <a 'java/lang/NoSuchMethodError': Method sun.misc.Unsafe.defineClass(Ljava/lang/String;[BII)Ljava/lang/Class; name or signature does not match> (0x00000000d6107cc0) thrown at [C:\re\workspace\8-2-build-windows-amd64-cygwin\jdk8u101\7261\hotspot\s„ðÊÝTìº?
Event: 0.105 Thread 0x0000000002a2a800 Exception <a 'java/lang/NoSuchMethodError': Method sun.misc.Unsafe.prefetchRead(Ljava/lang/Object;J)V name or signature does not match> (0x00000000d6107fa8) thrown at [C:\re\workspace\8-2-build-windows-amd64-cygwin\jdk8u101\7261\hotspot\src\share\vm\prims\P¿(þŸQã?
Event: 0.604 Thread 0x0000000002a2a800 Exception <a 'java/io/FileNotFoundException'> (0x00000000d66ae9e0) thrown at [C:\re\workspace\8-2-build-windows-amd64-cygwin\jdk8u101\7261\hotspot\src\share\vm\prims\jni.cpp, line 709]
Event: 0.624 Thread 0x0000000002a2a800 Exception <a 'java/security/PrivilegedActionException'> (0x00000000d66fe390) thrown at [C:\re\workspace\8-2-build-windows-amd64-cygwin\jdk8u101\7261\hotspot\src\share\vm\prims\jvm.cpp, line 1386]
Event: 0.624 Thread 0x0000000002a2a800 Exception <a 'java/security/PrivilegedActionException'> (0x00000000d66fe5a0) thrown at [C:\re\workspace\8-2-build-windows-amd64-cygwin\jdk8u101\7261\hotspot\src\share\vm\prims\jvm.cpp, line 1386]
Event: 0.627 Thread 0x0000000002a2a800 Exception <a 'java/security/PrivilegedActionException'> (0x00000000d6702488) thrown at [C:\re\workspace\8-2-build-windows-amd64-cygwin\jdk8u101\7261\hotspot\src\share\vm\prims\jvm.cpp, line 1386]
Event: 0.627 Thread 0x0000000002a2a800 Exception <a 'java/security/PrivilegedActionException'> (0x00000000d6702698) thrown at [C:\re\workspace\8-2-build-windows-amd64-cygwin\jdk8u101\7261\hotspot\src\share\vm\prims\jvm.cpp, line 1386]
Event: 0.963 Thread 0x0000000002a2a800 Exception <a 'java/lang/NoSuchFieldError': method resolution failed> (0x00000000d6fc8f58) thrown at [C:\re\workspace\8-2-build-windows-amd64-cygwin\jdk8u101\7261\hotspot\src\share\vm\prims\methodHandles.cpp, line 1146]
Event: 0.965 Thread 0x0000000002a2a800 Exception <a 'java/lang/NoSuchFieldError': method resolution failed> (0x00000000d6fd6648) thrown at [C:\re\workspace\8-2-build-windows-amd64-cygwin\jdk8u101\7261\hotspot\src\share\vm\prims\methodHandles.cpp, line 1146]

Events (10 events):
Event: 995.853 Executing VM operation: GetOrSetLocal
Event: 995.853 Executing VM operation: GetOrSetLocal done
Event: 995.855 Executing VM operation: GetOrSetLocal
Event: 995.855 Executing VM operation: GetOrSetLocal done
Event: 995.857 Executing VM operation: GetOrSetLocal
Event: 995.857 Executing VM operation: GetOrSetLocal done
Event: 1195.935 Executing VM operation: ChangeBreakpoints
Event: 1195.935 Executing VM operation: ChangeBreakpoints done
Event: 1195.943 Executing VM operation: RedefineClasses
Event: 1195.946 Executing VM operation: RedefineClasses done


Dynamic libraries:
0x00007ff7feed0000 - 0x00007ff7fef07000 	C:\Program Files\Java\jdk1.8.0_101\bin\java.exe
0x00007ff927ee0000 - 0x00007ff9280c1000 	C:\WINDOWS\SYSTEM32\ntdll.dll
0x00007ff927df0000 - 0x00007ff927ea1000 	C:\WINDOWS\System32\KERNEL32.DLL
0x00007ff9242b0000 - 0x00007ff924523000 	C:\WINDOWS\System32\KERNELBASE.dll
0x00007ff927270000 - 0x00007ff927311000 	C:\WINDOWS\System32\ADVAPI32.dll
0x00007ff927b60000 - 0x00007ff927bfe000 	C:\WINDOWS\System32\msvcrt.dll
0x00007ff925a00000 - 0x00007ff925a5b000 	C:\WINDOWS\System32\sechost.dll
0x00007ff9256a0000 - 0x00007ff9257c4000 	C:\WINDOWS\System32\RPCRT4.dll
0x00007ff9257e0000 - 0x00007ff925970000 	C:\WINDOWS\System32\USER32.dll
0x00007ff924b50000 - 0x00007ff924b70000 	C:\WINDOWS\System32\win32u.dll
0x00007ff926f00000 - 0x00007ff926f28000 	C:\WINDOWS\System32\GDI32.dll
0x00007ff9246e0000 - 0x00007ff924871000 	C:\WINDOWS\System32\gdi32full.dll
0x00007ff924bc0000 - 0x00007ff924c5f000 	C:\WINDOWS\System32\msvcp_win.dll
0x00007ff9245e0000 - 0x00007ff9246d8000 	C:\WINDOWS\System32\ucrtbase.dll
0x00007ff912800000 - 0x00007ff912a69000 	C:\WINDOWS\WinSxS\amd64_microsoft.windows.common-controls_6595b64144ccf1df_6.0.17134.858_none_fb45a4913062a171\COMCTL32.dll
0x00007ff925370000 - 0x00007ff925692000 	C:\WINDOWS\System32\combase.dll
0x00007ff924ad0000 - 0x00007ff924b4a000 	C:\WINDOWS\System32\bcryptPrimitives.dll
0x00007ff9259d0000 - 0x00007ff9259fd000 	C:\WINDOWS\System32\IMM32.DLL
0x0000000067b40000 - 0x0000000067c12000 	C:\Program Files\Java\jdk1.8.0_101\jre\bin\msvcr100.dll
0x0000000066330000 - 0x0000000066bca000 	C:\Program Files\Java\jdk1.8.0_101\jre\bin\server\jvm.dll
0x00007ff9257d0000 - 0x00007ff9257d8000 	C:\WINDOWS\System32\PSAPI.DLL
0x00007ff90e370000 - 0x00007ff90e379000 	C:\WINDOWS\SYSTEM32\WSOCK32.dll
0x00007ff927c00000 - 0x00007ff927c6c000 	C:\WINDOWS\System32\WS2_32.dll
0x00007ff91cb40000 - 0x00007ff91cb63000 	C:\WINDOWS\SYSTEM32\WINMM.dll
0x00007ff923930000 - 0x00007ff92393a000 	C:\WINDOWS\SYSTEM32\VERSION.dll
0x00007ff91cb10000 - 0x00007ff91cb3a000 	C:\WINDOWS\SYSTEM32\WINMMBASE.dll
0x00007ff924b70000 - 0x00007ff924bb9000 	C:\WINDOWS\System32\cfgmgr32.dll
0x000000006a9c0000 - 0x000000006a9cf000 	C:\Program Files\Java\jdk1.8.0_101\jre\bin\verify.dll
0x000000006a990000 - 0x000000006a9b9000 	C:\Program Files\Java\jdk1.8.0_101\jre\bin\java.dll
0x0000000067a20000 - 0x0000000067a55000 	C:\Program Files\Java\jdk1.8.0_101\jre\bin\jdwp.dll
0x0000000067a10000 - 0x0000000067a18000 	C:\Program Files\Java\jdk1.8.0_101\jre\bin\npt.dll
0x000000006a970000 - 0x000000006a986000 	C:\Program Files\Java\jdk1.8.0_101\jre\bin\zip.dll
0x00007ff925a60000 - 0x00007ff926ea0000 	C:\WINDOWS\System32\SHELL32.dll
0x00007ff927870000 - 0x00007ff927919000 	C:\WINDOWS\System32\shcore.dll
0x00007ff924c60000 - 0x00007ff92536d000 	C:\WINDOWS\System32\windows.storage.dll
0x00007ff925970000 - 0x00007ff9259c1000 	C:\WINDOWS\System32\shlwapi.dll
0x00007ff924260000 - 0x00007ff924271000 	C:\WINDOWS\System32\kernel.appcore.dll
0x00007ff924280000 - 0x00007ff92429f000 	C:\WINDOWS\System32\profapi.dll
0x00007ff9241f0000 - 0x00007ff92423c000 	C:\WINDOWS\System32\powrprof.dll
0x00007ff9242a0000 - 0x00007ff9242aa000 	C:\WINDOWS\System32\FLTLIB.DLL
0x0000000067a00000 - 0x0000000067a0b000 	C:\Program Files\Java\jdk1.8.0_101\jre\bin\dt_shmem.dll
0x00007ff923d20000 - 0x00007ff923ee9000 	C:\WINDOWS\SYSTEM32\dbghelp.dll

VM Arguments:
jvm_args: -agentlib:jdwp=transport=dt_shmem,address=javadebug,suspend=y,server=n -Dvisualvm.id=273167455836365 -ea -Didea.test.cyclic.buffer.size=1048576 -Dfile.encoding=UTF-8 
java_command: com.intellij.rt.execution.junit.JUnitStarter -ideVersion5 com.ecpss.lamda.PublicTest,T2
java_class_path (initial): D:\Program Files\JetBrains\IntelliJ IDEA 2017.1.3\lib\idea_rt.jar;D:\Program Files\JetBrains\IntelliJ IDEA 2017.1.3\plugins\junit\lib\junit-rt.jar;C:\Program Files\Java\jdk1.8.0_101\jre\lib\charsets.jar;C:\Program Files\Java\jdk1.8.0_101\jre\lib\deploy.jar;C:\Program Files\Java\jdk1.8.0_101\jre\lib\ext\access-bridge-64.jar;C:\Program Files\Java\jdk1.8.0_101\jre\lib\ext\cldrdata.jar;C:\Program Files\Java\jdk1.8.0_101\jre\lib\ext\dnsns.jar;C:\Program Files\Java\jdk1.8.0_101\jre\lib\ext\jaccess.jar;C:\Program Files\Java\jdk1.8.0_101\jre\lib\ext\jfxrt.jar;C:\Program Files\Java\jdk1.8.0_101\jre\lib\ext\localedata.jar;C:\Program Files\Java\jdk1.8.0_101\jre\lib\ext\nashorn.jar;C:\Program Files\Java\jdk1.8.0_101\jre\lib\ext\sunec.jar;C:\Program Files\Java\jdk1.8.0_101\jre\lib\ext\sunjce_provider.jar;C:\Program Files\Java\jdk1.8.0_101\jre\lib\ext\sunmscapi.jar;C:\Program Files\Java\jdk1.8.0_101\jre\lib\ext\sunpkcs11.jar;C:\Program Files\Java\jdk1.8.0_101\jre\lib\ext\zipfs.jar;C:\Program Files\Java\jdk1.8.0_101\jre\lib\javaws.jar;C:\Program Files\Java\jdk1.8.0_101\jre\lib\jce.jar;C:\Program Files\Java\jdk1.8.0_101\jre\lib\jfr.jar;C:\Program Files\Java\jdk1.8.0_101\jre\lib\jfxswt.jar;C:\Program Files\Java\jdk1.8.0_101\jre\lib\jsse.jar;C:\Program Files\Java\jdk1.8.0_101\jre\lib\management-agent.jar;C:\Program Files\Java\jdk1.8.0_101\jre\lib\plugin.jar;C:\Program Files\Java\jdk1.8.0_101\jre\lib\resources.jar;C:\Program Files\Java\jdk1.8.0_101\jre\lib\rt.jar;D:\workaddress\projectwork\fwethersystem\target\test-classes;D:\workaddress\projectwork\fwethersystem\target\classes;D:\MavenRepository\repository\org\springframework\boot\spring-boot-starter-data-elasticsearch\2.1.1.RELEASE\spring-boot-starter-data-elasticsearch-2.1.1.RELEASE.jar;D:\MavenRepository\repository\org\springframework\boot\spring-boot-starter\2.1.1.RELEASE\spring-boot-starter-2.1.1.RELEASE.jar;D:\MavenRepository\repository\org\springframework\boot\spring-boot-starter-logging\2.1.1.RELE
Launcher Type: SUN_STANDARD

Environment Variables:
JAVA_HOME=C:\Program Files\Java\jdk1.8.0_101
CLASSPATH=.;C:\Program Files\Java\jdk1.8.0_101\lib;C:\Program Files\Java\jdk1.8.0_101\lib\tools.jar;
PATH=D:\Program Files (x86)\NetSarang\Xshell 6\;D:\Program Files (x86)\NetSarang\Xftp 6\;E:\app\client\Raytine\product\12.1.0\client_1\bin;E:\app\oracleuser\product\12.1.0\dbhome_1\bin;C:\Program Files\Java\jdk1.8.0_101\bin;C:\ProgramData\Oracle\Java\javapath;C:\Program Files\Java\jdk1.7.0_04\bin;C:\Program Files\Intel\iCLS Client\;C:\Windows\system32;C:\Windows;C:\Windows\System32\Wbem;C:\Windows\System32\WindowsPowerShell\v1.0\;C:\Program Files (x86)\Intel\Intel(R) Management Engine Components\DAL;C:\Program Files\Intel\Intel(R) Management Engine Components\DAL;C:\Program Files (x86)\Intel\Intel(R) Management Engine Components\IPT;C:\Program Files\Intel\Intel(R) Management Engine Components\IPT;C:\Program Files (x86)\NVIDIA Corporation\PhysX\Common;D:\apache-maven-3.5.4-bin\apache-maven-3.5.4\bin;D:\mysql-5.6.22-winx64\bin;C:\Program Files (x86)\Microsoft SQL Server\100\Tools\Binn\;C:\Program Files\Microsoft SQL Server\100\Tools\Binn\;C:\Program Files\Microsoft SQL Server\100\DTS\Binn\;C:\Program Files (x86)\Microsoft SQL Server\100\Tools\Binn\VSShell\Common7\IDE\;C:\Program Files (x86)\Microsoft Visual Studio 9.0\Common7\IDE\PrivateAssemblies\;C:\Program Files (x86)\Microsoft SQL Server\100\DTS\Binn\;C:\WINDOWS\system32;C:\WINDOWS;C:\WINDOWS\System32\Wbem;C:\WINDOWS\System32\WindowsPowerShell\v1.0\;C:\WINDOWS\System32\OpenSSH\;E:\TOOLS\nexus-3.14.0-04-win64\nexus-3.14.0-04\bin;E:\TOOLS\gradle-5.3.1-all\gradle-5.3.1\bin;D:\Program Files\erl9.2\bin;D:\Program Files\RabbitMQ Server\rabbitmq_server-3.7.13\sbin;E:\TOOLS\gradle-5.3.1-all\gradle-5.3.1\bin;C:\Users\Raytine\AppData\Local\Microsoft\WindowsApps;;D:\Program Files (x86)\SSH Communications Security\SSH Secure Shell
USERNAME=Raytine
OS=Windows_NT
PROCESSOR_IDENTIFIER=Intel64 Family 6 Model 158 Stepping 11, GenuineIntel



---------------  S Y S T E M  ---------------

OS: Windows 10.0 , 64 bit Build 17134 (10.0.17134.753)

CPU:total 4 (4 cores per cpu, 1 threads per core) family 6 model 158 stepping 11, cmov, cx8, fxsr, mmx, sse, sse2, sse3, ssse3, sse4.1, sse4.2, popcnt, avx, avx2, aes, clmul, erms, 3dnowpref, lzcnt, tsc, tscinvbit, bmi1, bmi2, adx

Memory: 4k page, physical 8243236k(1709252k free), swap 21350436k(5170272k free)

vm_info: Java HotSpot(TM) 64-Bit Server VM (25.101-b13) for windows-amd64 JRE (1.8.0_101-b13), built on Jun 22 2016 01:21:29 by "java_re" with MS VC++ 10.0 (VS2010)

time: Sun Jul 14 14:52:05 2019
elapsed time: 1196 seconds (0d 0h 19m 56s)

