#
# A fatal error has been detected by the Java Runtime Environment:
#
#  EXCEPTION_ACCESS_VIOLATION (0xc0000005) at pc=0x000000006645a0a5, pid=24380, tid=0x000000000000aa00
#
# JRE version: Java(TM) SE Runtime Environment (8.0_101-b13) (build 1.8.0_101-b13)
# Java VM: Java HotSpot(TM) 64-Bit Server VM (25.101-b13 mixed mode windows-amd64 compressed oops)
# Problematic frame:
# V  [jvm.dll+0x12a0a5]
#
# Failed to write core dump. Minidumps are not enabled by default on client versions of Windows
#
# If you would like to submit a bug report, please visit:
#   http://bugreport.java.com/bugreport/crash.jsp
#

---------------  T H R E A D  ---------------

Current thread (0x0000000017496800):  JavaThread "JDWP Transport Listener: dt_shmem" daemon [_thread_in_vm, id=43520, stack(0x0000000018dc0000,0x0000000018ec0000)]

siginfo: ExceptionCode=0xc0000005, reading address 0x00000000003b6e6f

Registers:
RAX=0x0000000018ebf501, RBX=0x0000000017496800, RCX=0x00000000003b6e6f, RDX=0x0000000000000000
RSP=0x0000000018ebf560, RBP=0x00000000003b6e6f, RSI=0x0000000018ebf678, RDI=0x0000000002894890
R8 =0x0000000017496800, R9 =0x0000000000008000, R10=0x0000000000000000, R11=0x00000000188a66c3
R12=0x0000000000000000, R13=0x0000000017497428, R14=0x0000000000000000, R15=0x0000000000000000
RIP=0x000000006645a0a5, EFLAGS=0x0000000000010206

Top of Stack: (sp=0x0000000018ebf560)
0x0000000018ebf560:   0000000017496800 0000000017496800
0x0000000018ebf570:   0000000018ebf628 0000000066662f0b
0x0000000018ebf580:   0000000017496800 000000006667f76d
0x0000000018ebf590:   0000000000000000 0000000067a39155
0x0000000018ebf5a0:   0000000019b782f0 0000000067a4291e
0x0000000018ebf5b0:   0000000017496800 0000000000000000
0x0000000018ebf5c0:   0000000000000000 0000000000000000
0x0000000018ebf5d0:   00000000003b6e6f 0000000067a41a15
0x0000000018ebf5e0:   0000000018ebf678 0000000018ebf650
0x0000000018ebf5f0:   0000000000000001 0000000019b782f0
0x0000000018ebf600:   00000000003b6e6f 0000000067a253b3
0x0000000018ebf610:   0000000018ebf740 0000000000000001
0x0000000018ebf620:   0000000000000001 0000000019b782f0
0x0000000018ebf630:   00000000f000100a 0000000000000000
0x0000000018ebf640:   0000000000000000 0000000000000000
0x0000000018ebf650:   0000000000000001 0000000067a25571 

Instructions: (pc=0x000000006645a0a5)
0x000000006645a085:   cc cc cc cc cc cc cc cc cc cc cc 48 83 ec 28 48
0x000000006645a095:   85 c9 75 07 33 c0 48 83 c4 28 c3 48 89 5c 24 20
0x000000006645a0a5:   48 8b 19 48 85 db 74 20 48 83 fb 37 74 1a 48 8b
0x000000006645a0b5:   13 48 8b cb ff 52 10 84 c0 74 0d 48 8b c3 48 8b 


Register to memory mapping:

RAX=0x0000000018ebf501 is pointing into the stack for thread: 0x0000000017496800
RBX=0x0000000017496800 is a thread
RCX=0x00000000003b6e6f is an unknown value
RDX=0x0000000000000000 is an unknown value
RSP=0x0000000018ebf560 is pointing into the stack for thread: 0x0000000017496800
RBP=0x00000000003b6e6f is an unknown value
RSI=0x0000000018ebf678 is pointing into the stack for thread: 0x0000000017496800
RDI=0x0000000002894890 is an unknown value
R8 =0x0000000017496800 is a thread
R9 =0x0000000000008000 is an unknown value
R10=0x0000000000000000 is an unknown value
R11=0x00000000188a66c3 is an unknown value
R12=0x0000000000000000 is an unknown value
R13=0x0000000017497428 is an unknown value
R14=0x0000000000000000 is an unknown value
R15=0x0000000000000000 is an unknown value


Stack: [0x0000000018dc0000,0x0000000018ec0000],  sp=0x0000000018ebf560,  free space=1021k
Native frames: (J=compiled Java code, j=interpreted, Vv=VM code, C=native code)
V  [jvm.dll+0x12a0a5]
V  [jvm.dll+0x34f76d]
C  [jdwp.dll+0x21a15]
C  [jdwp.dll+0x53b3]
C  [jdwp.dll+0x5571]
C  [jdwp.dll+0xf0a8]
C  [jdwp.dll+0x1f2d5]
C  [jdwp.dll+0x1f4aa]
V  [jvm.dll+0x1bd258]
V  [jvm.dll+0x2451a4]
V  [jvm.dll+0x29c18a]
C  [msvcr100.dll+0x21d9f]
C  [msvcr100.dll+0x21e3b]
C  [KERNEL32.DLL+0x14034]
C  [ntdll.dll+0x73691]


---------------  P R O C E S S  ---------------

Java Threads: ( => current thread )
  0x000000001887e000 JavaThread "Service Thread" daemon [_thread_blocked, id=21680, stack(0x00000000193c0000,0x00000000194c0000)]
  0x0000000018854800 JavaThread "C1 CompilerThread2" daemon [_thread_blocked, id=48916, stack(0x00000000192c0000,0x00000000193c0000)]
  0x00000000174be000 JavaThread "C2 CompilerThread1" daemon [_thread_blocked, id=29892, stack(0x00000000191c0000,0x00000000192c0000)]
  0x00000000174b6000 JavaThread "C2 CompilerThread0" daemon [_thread_blocked, id=48144, stack(0x00000000190c0000,0x00000000191c0000)]
  0x00000000174a6800 JavaThread "JDWP Command Reader" daemon [_thread_in_native, id=48912, stack(0x0000000018fc0000,0x00000000190c0000)]
  0x00000000174a3800 JavaThread "JDWP Event Helper Thread" daemon [_thread_blocked, id=32888, stack(0x0000000018ec0000,0x0000000018fc0000)]
=>0x0000000017496800 JavaThread "JDWP Transport Listener: dt_shmem" daemon [_thread_in_vm, id=43520, stack(0x0000000018dc0000,0x0000000018ec0000)]
  0x000000001748b000 JavaThread "Attach Listener" daemon [_thread_blocked, id=44028, stack(0x0000000018cc0000,0x0000000018dc0000)]
  0x0000000017479000 JavaThread "Signal Dispatcher" daemon [_thread_blocked, id=45248, stack(0x0000000018bc0000,0x0000000018cc0000)]
  0x000000001744f800 JavaThread "Finalizer" daemon [_thread_blocked, id=48352, stack(0x00000000186c0000,0x00000000187c0000)]
  0x0000000002989800 JavaThread "Reference Handler" daemon [_thread_blocked, id=43612, stack(0x00000000185c0000,0x00000000186c0000)]
  0x000000000289a800 JavaThread "main" [_thread_blocked, id=49060, stack(0x0000000002790000,0x0000000002890000)]

Other Threads:
  0x0000000017428000 VMThread [stack: 0x00000000184c0000,0x00000000185c0000] [id=48832]
  0x00000000188df800 WatcherThread [stack: 0x00000000194c0000,0x00000000195c0000] [id=46792]

VM state:not at safepoint (normal execution)

VM Mutex/Monitor currently owned by a thread: None

Heap:
 PSYoungGen      total 37888K, used 15752K [0x00000000d6100000, 0x00000000d8b00000, 0x0000000100000000)
  eden space 32768K, 48% used [0x00000000d6100000,0x00000000d70620a0,0x00000000d8100000)
  from space 5120K, 0% used [0x00000000d8600000,0x00000000d8600000,0x00000000d8b00000)
  to   space 5120K, 0% used [0x00000000d8100000,0x00000000d8100000,0x00000000d8600000)
 ParOldGen       total 86016K, used 0K [0x0000000082200000, 0x0000000087600000, 0x00000000d6100000)
  object space 86016K, 0% used [0x0000000082200000,0x0000000082200000,0x0000000087600000)
 Metaspace       used 6125K, capacity 6334K, committed 6400K, reserved 1056768K
  class space    used 694K, capacity 766K, committed 768K, reserved 1048576K

Card table byte_map: [0x0000000011d50000,0x0000000012140000] byte_map_base: 0x000000001193f000

Marking Bits: (ParMarkBitMap*) 0x0000000066b4a6d0
 Begin Bits: [0x00000000127e0000, 0x0000000014758000)
 End Bits:   [0x0000000014758000, 0x00000000166d0000)

Polling page: 0x00000000004f0000

CodeCache: size=245760Kb used=2579Kb max_used=2579Kb free=243180Kb
 bounds [0x0000000002990000, 0x0000000002c20000, 0x0000000011990000]
 total_blobs=828 nmethods=557 adapters=192
 compilation: enabled

Compilation events (10 events):
Event: 2.836 Thread 0x0000000018854800  551       3       jdk.internal.org.objectweb.asm.ByteVector::<init> (13 bytes)
Event: 2.836 Thread 0x0000000018854800 nmethod 551 0x0000000002c12c90 code [0x0000000002c12e00, 0x0000000002c13050]
Event: 2.836 Thread 0x0000000018854800  553       3       jdk.internal.org.objectweb.asm.ByteVector::putByteArray (49 bytes)
Event: 2.836 Thread 0x0000000018854800 nmethod 553 0x0000000002c13110 code [0x0000000002c13280, 0x0000000002c13598]
Event: 2.836 Thread 0x0000000018854800  552       3       sun.reflect.misc.ReflectUtil::isVMAnonymousClass (19 bytes)
Event: 2.836 Thread 0x0000000018854800 nmethod 552 0x0000000002c13690 code [0x0000000002c13820, 0x0000000002c13d78]
Event: 2.836 Thread 0x0000000018854800  555       3       jdk.internal.org.objectweb.asm.ByteVector::putInt (74 bytes)
Event: 2.837 Thread 0x0000000018854800 nmethod 555 0x0000000002c14010 code [0x0000000002c14180, 0x0000000002c14428]
Event: 2.837 Thread 0x0000000018854800  554       3       jdk.internal.org.objectweb.asm.ByteVector::enlarge (51 bytes)
Event: 2.837 Thread 0x0000000018854800 nmethod 554 0x0000000002c145d0 code [0x0000000002c14740, 0x0000000002c14a68]

GC Heap History (0 events):
No events

Deoptimization events (1 events):
Event: 1.598 Thread 0x000000000289a800 Uncommon trap: reason=unstable_if action=reinterpret pc=0x0000000002a9ba5c method=java.lang.String.hashCode()I @ 14

Internal exceptions (9 events):
Event: 0.065 Thread 0x000000000289a800 Exception <a 'java/lang/NoSuchMethodError': Method sun.misc.Unsafe.defineClass(Ljava/lang/String;[BII)Ljava/lang/Class; name or signature does not match> (0x00000000d6107cc0) thrown at [C:\re\workspace\8-2-build-windows-amd64-cygwin\jdk8u101\7261\hotspot\sı-Õ
¯ù∞?
Event: 0.065 Thread 0x000000000289a800 Exception <a 'java/lang/NoSuchMethodError': Method sun.misc.Unsafe.prefetchRead(Ljava/lang/Object;J)V name or signature does not match> (0x00000000d6107fa8) thrown at [C:\re\workspace\8-2-build-windows-amd64-cygwin\jdk8u101\7261\hotspot\src\share\vm\prims\™ßŸ80
Event: 2.023 Thread 0x000000000289a800 Exception <a 'java/io/FileNotFoundException'> (0x00000000d66ae9e0) thrown at [C:\re\workspace\8-2-build-windows-amd64-cygwin\jdk8u101\7261\hotspot\src\share\vm\prims\jni.cpp, line 709]
Event: 2.038 Thread 0x000000000289a800 Exception <a 'java/security/PrivilegedActionException'> (0x00000000d66fe390) thrown at [C:\re\workspace\8-2-build-windows-amd64-cygwin\jdk8u101\7261\hotspot\src\share\vm\prims\jvm.cpp, line 1386]
Event: 2.038 Thread 0x000000000289a800 Exception <a 'java/security/PrivilegedActionException'> (0x00000000d66fe5a0) thrown at [C:\re\workspace\8-2-build-windows-amd64-cygwin\jdk8u101\7261\hotspot\src\share\vm\prims\jvm.cpp, line 1386]
Event: 2.051 Thread 0x000000000289a800 Exception <a 'java/security/PrivilegedActionException'> (0x00000000d6702488) thrown at [C:\re\workspace\8-2-build-windows-amd64-cygwin\jdk8u101\7261\hotspot\src\share\vm\prims\jvm.cpp, line 1386]
Event: 2.051 Thread 0x000000000289a800 Exception <a 'java/security/PrivilegedActionException'> (0x00000000d6702698) thrown at [C:\re\workspace\8-2-build-windows-amd64-cygwin\jdk8u101\7261\hotspot\src\share\vm\prims\jvm.cpp, line 1386]
Event: 2.811 Thread 0x000000000289a800 Exception <a 'java/lang/NoSuchFieldError': method resolution failed> (0x00000000d6fc90c0) thrown at [C:\re\workspace\8-2-build-windows-amd64-cygwin\jdk8u101\7261\hotspot\src\share\vm\prims\methodHandles.cpp, line 1146]
Event: 2.814 Thread 0x000000000289a800 Exception <a 'java/lang/NoSuchFieldError': method resolution failed> (0x00000000d6fd67b0) thrown at [C:\re\workspace\8-2-build-windows-amd64-cygwin\jdk8u101\7261\hotspot\src\share\vm\prims\methodHandles.cpp, line 1146]

Events (10 events):
Event: 1107.346 Executing VM operation: GetOrSetLocal
Event: 1107.346 Executing VM operation: GetOrSetLocal done
Event: 1107.349 Executing VM operation: GetOrSetLocal
Event: 1107.349 Executing VM operation: GetOrSetLocal done
Event: 1107.355 Executing VM operation: GetOrSetLocal
Event: 1107.355 Executing VM operation: GetOrSetLocal done
Event: 1307.312 Executing VM operation: ChangeBreakpoints
Event: 1307.312 Executing VM operation: ChangeBreakpoints done
Event: 1307.323 Executing VM operation: RedefineClasses
Event: 1307.326 Executing VM operation: RedefineClasses done


Dynamic libraries:
0x00007ff7feed0000 - 0x00007ff7fef07000 	C:\Program Files\Java\jdk1.8.0_101\bin\java.exe
0x00007ff927ee0000 - 0x00007ff9280c1000 	C:\WINDOWS\SYSTEM32\ntdll.dll
0x00007ff927df0000 - 0x00007ff927ea1000 	C:\WINDOWS\System32\KERNEL32.DLL
0x00007ff9242b0000 - 0x00007ff924523000 	C:\WINDOWS\System32\KERNELBASE.dll
0x00007ff927270000 - 0x00007ff927311000 	C:\WINDOWS\System32\ADVAPI32.dll
0x00007ff927b60000 - 0x00007ff927bfe000 	C:\WINDOWS\System32\msvcrt.dll
0x00007ff925a00000 - 0x00007ff925a5b000 	C:\WINDOWS\System32\sechost.dll
0x00007ff9256a0000 - 0x00007ff9257c4000 	C:\WINDOWS\System32\RPCRT4.dll
0x00007ff9257e0000 - 0x00007ff925970000 	C:\WINDOWS\System32\USER32.dll
0x00007ff924b50000 - 0x00007ff924b70000 	C:\WINDOWS\System32\win32u.dll
0x00007ff926f00000 - 0x00007ff926f28000 	C:\WINDOWS\System32\GDI32.dll
0x00007ff9246e0000 - 0x00007ff924871000 	C:\WINDOWS\System32\gdi32full.dll
0x00007ff924bc0000 - 0x00007ff924c5f000 	C:\WINDOWS\System32\msvcp_win.dll
0x00007ff9245e0000 - 0x00007ff9246d8000 	C:\WINDOWS\System32\ucrtbase.dll
0x00007ff912800000 - 0x00007ff912a69000 	C:\WINDOWS\WinSxS\amd64_microsoft.windows.common-controls_6595b64144ccf1df_6.0.17134.858_none_fb45a4913062a171\COMCTL32.dll
0x00007ff925370000 - 0x00007ff925692000 	C:\WINDOWS\System32\combase.dll
0x00007ff924ad0000 - 0x00007ff924b4a000 	C:\WINDOWS\System32\bcryptPrimitives.dll
0x00007ff9259d0000 - 0x00007ff9259fd000 	C:\WINDOWS\System32\IMM32.DLL
0x0000000067b40000 - 0x0000000067c12000 	C:\Program Files\Java\jdk1.8.0_101\jre\bin\msvcr100.dll
0x0000000066330000 - 0x0000000066bca000 	C:\Program Files\Java\jdk1.8.0_101\jre\bin\server\jvm.dll
0x00007ff9257d0000 - 0x00007ff9257d8000 	C:\WINDOWS\System32\PSAPI.DLL
0x00007ff923930000 - 0x00007ff92393a000 	C:\WINDOWS\SYSTEM32\VERSION.dll
0x00007ff91cb40000 - 0x00007ff91cb63000 	C:\WINDOWS\SYSTEM32\WINMM.dll
0x00007ff90e370000 - 0x00007ff90e379000 	C:\WINDOWS\SYSTEM32\WSOCK32.dll
0x00007ff927c00000 - 0x00007ff927c6c000 	C:\WINDOWS\System32\WS2_32.dll
0x00007ff91cb10000 - 0x00007ff91cb3a000 	C:\WINDOWS\SYSTEM32\winmmbase.dll
0x00007ff924b70000 - 0x00007ff924bb9000 	C:\WINDOWS\System32\cfgmgr32.dll
0x000000006a9c0000 - 0x000000006a9cf000 	C:\Program Files\Java\jdk1.8.0_101\jre\bin\verify.dll
0x000000006a990000 - 0x000000006a9b9000 	C:\Program Files\Java\jdk1.8.0_101\jre\bin\java.dll
0x0000000067a20000 - 0x0000000067a55000 	C:\Program Files\Java\jdk1.8.0_101\jre\bin\jdwp.dll
0x0000000067a10000 - 0x0000000067a18000 	C:\Program Files\Java\jdk1.8.0_101\jre\bin\npt.dll
0x000000006a970000 - 0x000000006a986000 	C:\Program Files\Java\jdk1.8.0_101\jre\bin\zip.dll
0x00007ff925a60000 - 0x00007ff926ea0000 	C:\WINDOWS\System32\SHELL32.dll
0x00007ff927870000 - 0x00007ff927919000 	C:\WINDOWS\System32\shcore.dll
0x00007ff924c60000 - 0x00007ff92536d000 	C:\WINDOWS\System32\windows.storage.dll
0x00007ff925970000 - 0x00007ff9259c1000 	C:\WINDOWS\System32\shlwapi.dll
0x00007ff924260000 - 0x00007ff924271000 	C:\WINDOWS\System32\kernel.appcore.dll
0x00007ff924280000 - 0x00007ff92429f000 	C:\WINDOWS\System32\profapi.dll
0x00007ff9241f0000 - 0x00007ff92423c000 	C:\WINDOWS\System32\powrprof.dll
0x00007ff9242a0000 - 0x00007ff9242aa000 	C:\WINDOWS\System32\FLTLIB.DLL
0x0000000067a00000 - 0x0000000067a0b000 	C:\Program Files\Java\jdk1.8.0_101\jre\bin\dt_shmem.dll
0x00007ff923d20000 - 0x00007ff923ee9000 	C:\WINDOWS\SYSTEM32\dbghelp.dll

VM Arguments:
jvm_args: -agentlib:jdwp=transport=dt_shmem,address=javadebug,suspend=y,server=n -Dvisualvm.id=273055595370104 -ea -Didea.test.cyclic.buffer.size=1048576 -Dfile.encoding=UTF-8 
java_command: com.intellij.rt.execution.junit.JUnitStarter -ideVersion5 com.ecpss.lamda.PublicTest,T2
java_class_path (initial): D:\Program Files\JetBrains\IntelliJ IDEA 2017.1.3\lib\idea_rt.jar;D:\Program Files\JetBrains\IntelliJ IDEA 2017.1.3\plugins\junit\lib\junit-rt.jar;C:\Program Files\Java\jdk1.8.0_101\jre\lib\charsets.jar;C:\Program Files\Java\jdk1.8.0_101\jre\lib\deploy.jar;C:\Program Files\Java\jdk1.8.0_101\jre\lib\ext\access-bridge-64.jar;C:\Program Files\Java\jdk1.8.0_101\jre\lib\ext\cldrdata.jar;C:\Program Files\Java\jdk1.8.0_101\jre\lib\ext\dnsns.jar;C:\Program Files\Java\jdk1.8.0_101\jre\lib\ext\jaccess.jar;C:\Program Files\Java\jdk1.8.0_101\jre\lib\ext\jfxrt.jar;C:\Program Files\Java\jdk1.8.0_101\jre\lib\ext\localedata.jar;C:\Program Files\Java\jdk1.8.0_101\jre\lib\ext\nashorn.jar;C:\Program Files\Java\jdk1.8.0_101\jre\lib\ext\sunec.jar;C:\Program Files\Java\jdk1.8.0_101\jre\lib\ext\sunjce_provider.jar;C:\Program Files\Java\jdk1.8.0_101\jre\lib\ext\sunmscapi.jar;C:\Program Files\Java\jdk1.8.0_101\jre\lib\ext\sunpkcs11.jar;C:\Program Files\Java\jdk1.8.0_101\jre\lib\ext\zipfs.jar;C:\Program Files\Java\jdk1.8.0_101\jre\lib\javaws.jar;C:\Program Files\Java\jdk1.8.0_101\jre\lib\jce.jar;C:\Program Files\Java\jdk1.8.0_101\jre\lib\jfr.jar;C:\Program Files\Java\jdk1.8.0_101\jre\lib\jfxswt.jar;C:\Program Files\Java\jdk1.8.0_101\jre\lib\jsse.jar;C:\Program Files\Java\jdk1.8.0_101\jre\lib\management-agent.jar;C:\Program Files\Java\jdk1.8.0_101\jre\lib\plugin.jar;C:\Program Files\Java\jdk1.8.0_101\jre\lib\resources.jar;C:\Program Files\Java\jdk1.8.0_101\jre\lib\rt.jar;D:\workaddress\projectwork\fwethersystem\target\test-classes;D:\workaddress\projectwork\fwethersystem\target\classes;D:\MavenRepository\repository\org\springframework\boot\spring-boot-starter-data-elasticsearch\2.1.1.RELEASE\spring-boot-starter-data-elasticsearch-2.1.1.RELEASE.jar;D:\MavenRepository\repository\org\springframework\boot\spring-boot-starter\2.1.1.RELEASE\spring-boot-starter-2.1.1.RELEASE.jar;D:\MavenRepository\repository\org\springframework\boot\spring-boot-starter-logging\2.1.1.RELE
Launcher Type: SUN_STANDARD

Environment Variables:
JAVA_HOME=C:\Program Files\Java\jdk1.8.0_101
CLASSPATH=.;C:\Program Files\Java\jdk1.8.0_101\lib;C:\Program Files\Java\jdk1.8.0_101\lib\tools.jar;
PATH=D:\Program Files (x86)\NetSarang\Xshell 6\;D:\Program Files (x86)\NetSarang\Xftp 6\;E:\app\client\Raytine\product\12.1.0\client_1\bin;E:\app\oracleuser\product\12.1.0\dbhome_1\bin;C:\Program Files\Java\jdk1.8.0_101\bin;C:\ProgramData\Oracle\Java\javapath;C:\Program Files\Java\jdk1.7.0_04\bin;C:\Program Files\Intel\iCLS Client\;C:\Windows\system32;C:\Windows;C:\Windows\System32\Wbem;C:\Windows\System32\WindowsPowerShell\v1.0\;C:\Program Files (x86)\Intel\Intel(R) Management Engine Components\DAL;C:\Program Files\Intel\Intel(R) Management Engine Components\DAL;C:\Program Files (x86)\Intel\Intel(R) Management Engine Components\IPT;C:\Program Files\Intel\Intel(R) Management Engine Components\IPT;C:\Program Files (x86)\NVIDIA Corporation\PhysX\Common;D:\apache-maven-3.5.4-bin\apache-maven-3.5.4\bin;D:\mysql-5.6.22-winx64\bin;C:\Program Files (x86)\Microsoft SQL Server\100\Tools\Binn\;C:\Program Files\Microsoft SQL Server\100\Tools\Binn\;C:\Program Files\Microsoft SQL Server\100\DTS\Binn\;C:\Program Files (x86)\Microsoft SQL Server\100\Tools\Binn\VSShell\Common7\IDE\;C:\Program Files (x86)\Microsoft Visual Studio 9.0\Common7\IDE\PrivateAssemblies\;C:\Program Files (x86)\Microsoft SQL Server\100\DTS\Binn\;C:\WINDOWS\system32;C:\WINDOWS;C:\WINDOWS\System32\Wbem;C:\WINDOWS\System32\WindowsPowerShell\v1.0\;C:\WINDOWS\System32\OpenSSH\;E:\TOOLS\nexus-3.14.0-04-win64\nexus-3.14.0-04\bin;E:\TOOLS\gradle-5.3.1-all\gradle-5.3.1\bin;D:\Program Files\erl9.2\bin;D:\Program Files\RabbitMQ Server\rabbitmq_server-3.7.13\sbin;E:\TOOLS\gradle-5.3.1-all\gradle-5.3.1\bin;C:\Users\Raytine\AppData\Local\Microsoft\WindowsApps;;D:\Program Files (x86)\SSH Communications Security\SSH Secure Shell
USERNAME=Raytine
OS=Windows_NT
PROCESSOR_IDENTIFIER=Intel64 Family 6 Model 158 Stepping 11, GenuineIntel



---------------  S Y S T E M  ---------------

OS: Windows 10.0 , 64 bit Build 17134 (10.0.17134.753)

CPU:total 4 (4 cores per cpu, 1 threads per core) family 6 model 158 stepping 11, cmov, cx8, fxsr, mmx, sse, sse2, sse3, ssse3, sse4.1, sse4.2, popcnt, avx, avx2, aes, clmul, erms, 3dnowpref, lzcnt, tsc, tscinvbit, bmi1, bmi2, adx

Memory: 4k page, physical 8243236k(1673972k free), swap 21350436k(4919760k free)

vm_info: Java HotSpot(TM) 64-Bit Server VM (25.101-b13) for windows-amd64 JRE (1.8.0_101-b13), built on Jun 22 2016 01:21:29 by "java_re" with MS VC++ 10.0 (VS2010)

time: Sun Jul 14 14:52:05 2019
elapsed time: 1307 seconds (0d 0h 21m 47s)

