2019-06-22 16:18:16.902 INFO [restartedMain]com.ecpss.AvideoApplication.logStarting:50 -Starting AvideoApplication on xhost with PID 113608 (D:\workaddress\projectwork\avideo\target\classes started by Raytine in D:\workaddress\projectwork)
2019-06-22 16:18:16.908 INFO [restartedMain]com.ecpss.AvideoApplication.logStartupProfileInfo:675 -No active profile set, falling back to default profiles: default
2019-06-22 16:18:16.973 INFO [restartedMain]o.s.b.devtools.env.DevToolsPropertyDefaultsPostProcessor.logTo:227 -Devtools property defaults active! Set 'spring.devtools.add-properties' to 'false' to disable
2019-06-22 16:18:16.974 INFO [restartedMain]o.s.b.devtools.env.DevToolsPropertyDefaultsPostProcessor.logTo:227 -For additional web related logging consider setting the 'logging.level.web' property to 'DEBUG'
2019-06-22 16:18:18.635 INFO [restartedMain]o.s.d.repository.config.RepositoryConfigurationDelegate.multipleStoresDetected:244 -Multiple Spring Data modules found, entering strict repository configuration mode!
2019-06-22 16:18:18.636 INFO [restartedMain]o.s.d.repository.config.RepositoryConfigurationDelegate.registerRepositoriesIn:126 -Bootstrapping Spring Data repositories in DEFAULT mode.
2019-06-22 16:18:18.675 INFO [restartedMain]o.s.d.repository.config.RepositoryConfigurationDelegate.registerRepositoriesIn:182 -Finished Spring Data repository scanning in 30ms. Found 0 repository interfaces.
2019-06-22 16:18:18.696 INFO [restartedMain]o.s.d.repository.config.RepositoryConfigurationDelegate.multipleStoresDetected:244 -Multiple Spring Data modules found, entering strict repository configuration mode!
2019-06-22 16:18:18.697 INFO [restartedMain]o.s.d.repository.config.RepositoryConfigurationDelegate.registerRepositoriesIn:126 -Bootstrapping Spring Data repositories in DEFAULT mode.
2019-06-22 16:18:18.721 INFO [restartedMain]o.s.d.repository.config.RepositoryConfigurationDelegate.registerRepositoriesIn:182 -Finished Spring Data repository scanning in 9ms. Found 0 repository interfaces.
2019-06-22 16:18:19.506 INFO [restartedMain]o.s.c.s.PostProcessorRegistrationDelegate$BeanPostProcessorChecker.postProcessAfterInitialization:330 -Bean 'org.springframework.transaction.annotation.ProxyTransactionManagementConfiguration' of type [org.springframework.transaction.annotation.ProxyTransactionManagementConfiguration$$EnhancerBySpringCGLIB$$1032c6aa] is not eligible for getting processed by all BeanPostProcessors (for example: not eligible for auto-proxying)
2019-06-22 16:18:20.692 INFO [restartedMain]o.s.boot.web.embedded.tomcat.TomcatWebServer.initialize:90 -Tomcat initialized with port(s): 8081 (http)
2019-06-22 16:18:20.722 INFO [restartedMain]org.apache.coyote.http11.Http11NioProtocol.log:173 -Initializing ProtocolHandler ["http-nio-8081"]
2019-06-22 16:18:20.740 INFO [restartedMain]org.apache.catalina.core.StandardService.log:173 -Starting service [Tomcat]
2019-06-22 16:18:20.740 INFO [restartedMain]org.apache.catalina.core.StandardEngine.log:173 -Starting Servlet engine: [Apache Tomcat/9.0.19]
2019-06-22 16:18:20.971 INFO [restartedMain]o.a.catalina.core.ContainerBase.[Tomcat].[localhost].[/].log:173 -Initializing Spring embedded WebApplicationContext
2019-06-22 16:18:20.972 INFO [restartedMain]org.springframework.web.context.ContextLoader.prepareWebApplicationContext:296 -Root WebApplicationContext: initialization completed in 3997 ms
2019-06-22 16:18:21.317 INFO [restartedMain]com.alibaba.druid.pool.DruidDataSource.init:923 -{dataSource-1} inited
2019-06-22 16:18:22.058 INFO [restartedMain]org.hibernate.jpa.internal.util.LogHelper.logPersistenceUnitInformation:31 -HHH000204: Processing PersistenceUnitInfo [
	name: default
	...]
2019-06-22 16:18:22.163 INFO [restartedMain]org.hibernate.Version.logVersion:46 -HHH000412: Hibernate Core {5.3.10.Final}
2019-06-22 16:18:22.164 INFO [restartedMain]org.hibernate.cfg.Environment.<clinit>:213 -HHH000206: hibernate.properties not found
2019-06-22 16:18:22.370 INFO [restartedMain]org.hibernate.annotations.common.Version.<clinit>:49 -HCANN000001: Hibernate Commons Annotations {5.0.4.Final}
2019-06-22 16:18:23.622 INFO [restartedMain]org.hibernate.dialect.Dialect.<init>:157 -HHH000400: Using dialect: org.hibernate.dialect.MySQL5Dialect
2019-06-22 16:18:24.950 INFO [restartedMain]o.s.orm.jpa.LocalContainerEntityManagerFactoryBean.buildNativeEntityManagerFactory:415 -Initialized JPA EntityManagerFactory for persistence unit 'default'
2019-06-22 16:18:24.978 INFO [restartedMain]o.s.boot.devtools.autoconfigure.OptionalLiveReloadServer.startServer:57 -LiveReload server is running on port 35729
2019-06-22 16:18:25.279 INFO [restartedMain]o.s.scheduling.concurrent.ThreadPoolTaskExecutor.initialize:171 -Initializing ExecutorService 'applicationTaskExecutor'
2019-06-22 16:18:25.325 WARN [restartedMain]o.s.b.a.o.j.JpaBaseConfiguration$JpaWebConfiguration$JpaWebMvcConfiguration.openEntityManagerInViewInterceptor:237 -spring.jpa.open-in-view is enabled by default. Therefore, database queries may be performed during view rendering. Explicitly configure spring.jpa.open-in-view to disable this warning
2019-06-22 16:18:25.767 INFO [restartedMain]o.s.b.a.web.servlet.WelcomePageHandlerMapping.<init>:61 -Adding welcome page template: index
2019-06-22 16:18:26.446 INFO [restartedMain]org.apache.coyote.http11.Http11NioProtocol.log:173 -Starting ProtocolHandler ["http-nio-8081"]
2019-06-22 16:18:26.474 INFO [restartedMain]o.s.boot.web.embedded.tomcat.TomcatWebServer.start:204 -Tomcat started on port(s): 8081 (http) with context path ''
2019-06-22 16:18:26.477 INFO [restartedMain]com.ecpss.AvideoApplication.logStarted:59 -Started AvideoApplication in 10.452 seconds (JVM running for 11.555)
2019-06-22 16:19:44.928 INFO [http-nio-8081-exec-2]o.a.catalina.core.ContainerBase.[Tomcat].[localhost].[/].log:173 -Initializing Spring DispatcherServlet 'dispatcherServlet'
2019-06-22 16:19:44.928 INFO [http-nio-8081-exec-2]org.springframework.web.servlet.DispatcherServlet.initServletBean:524 -Initializing Servlet 'dispatcherServlet'
2019-06-22 16:19:44.940 INFO [http-nio-8081-exec-2]org.springframework.web.servlet.DispatcherServlet.initServletBean:546 -Completed initialization in 12 ms
2019-06-22 16:22:26.703 INFO [restartedMain]com.ecpss.AvideoApplication.logStarting:50 -Starting AvideoApplication on xhost with PID 65476 (D:\workaddress\projectwork\avideo\target\classes started by Raytine in D:\workaddress\projectwork)
2019-06-22 16:22:26.708 INFO [restartedMain]com.ecpss.AvideoApplication.logStartupProfileInfo:675 -No active profile set, falling back to default profiles: default
2019-06-22 16:22:26.765 INFO [restartedMain]o.s.b.devtools.env.DevToolsPropertyDefaultsPostProcessor.logTo:227 -Devtools property defaults active! Set 'spring.devtools.add-properties' to 'false' to disable
2019-06-22 16:22:26.765 INFO [restartedMain]o.s.b.devtools.env.DevToolsPropertyDefaultsPostProcessor.logTo:227 -For additional web related logging consider setting the 'logging.level.web' property to 'DEBUG'
2019-06-22 16:22:28.245 INFO [restartedMain]o.s.d.repository.config.RepositoryConfigurationDelegate.multipleStoresDetected:244 -Multiple Spring Data modules found, entering strict repository configuration mode!
2019-06-22 16:22:28.245 INFO [restartedMain]o.s.d.repository.config.RepositoryConfigurationDelegate.registerRepositoriesIn:126 -Bootstrapping Spring Data repositories in DEFAULT mode.
2019-06-22 16:22:28.288 INFO [restartedMain]o.s.d.repository.config.RepositoryConfigurationDelegate.registerRepositoriesIn:182 -Finished Spring Data repository scanning in 32ms. Found 0 repository interfaces.
2019-06-22 16:22:28.310 INFO [restartedMain]o.s.d.repository.config.RepositoryConfigurationDelegate.multipleStoresDetected:244 -Multiple Spring Data modules found, entering strict repository configuration mode!
2019-06-22 16:22:28.311 INFO [restartedMain]o.s.d.repository.config.RepositoryConfigurationDelegate.registerRepositoriesIn:126 -Bootstrapping Spring Data repositories in DEFAULT mode.
2019-06-22 16:22:28.336 INFO [restartedMain]o.s.d.repository.config.RepositoryConfigurationDelegate.registerRepositoriesIn:182 -Finished Spring Data repository scanning in 14ms. Found 0 repository interfaces.
2019-06-22 16:22:28.942 INFO [restartedMain]o.s.c.s.PostProcessorRegistrationDelegate$BeanPostProcessorChecker.postProcessAfterInitialization:330 -Bean 'org.springframework.transaction.annotation.ProxyTransactionManagementConfiguration' of type [org.springframework.transaction.annotation.ProxyTransactionManagementConfiguration$$EnhancerBySpringCGLIB$$6309e10d] is not eligible for getting processed by all BeanPostProcessors (for example: not eligible for auto-proxying)
2019-06-22 16:22:30.349 INFO [restartedMain]o.s.boot.web.embedded.tomcat.TomcatWebServer.initialize:90 -Tomcat initialized with port(s): 8081 (http)
2019-06-22 16:22:30.393 INFO [restartedMain]org.apache.coyote.http11.Http11NioProtocol.log:173 -Initializing ProtocolHandler ["http-nio-8081"]
2019-06-22 16:22:30.404 INFO [restartedMain]org.apache.catalina.core.StandardService.log:173 -Starting service [Tomcat]
2019-06-22 16:22:30.406 INFO [restartedMain]org.apache.catalina.core.StandardEngine.log:173 -Starting Servlet engine: [Apache Tomcat/9.0.19]
2019-06-22 16:22:30.655 INFO [restartedMain]o.a.catalina.core.ContainerBase.[Tomcat].[localhost].[/].log:173 -Initializing Spring embedded WebApplicationContext
2019-06-22 16:22:30.655 INFO [restartedMain]org.springframework.web.context.ContextLoader.prepareWebApplicationContext:296 -Root WebApplicationContext: initialization completed in 3890 ms
2019-06-22 16:22:31.425 INFO [restartedMain]com.alibaba.druid.pool.DruidDataSource.init:923 -{dataSource-1} inited
2019-06-22 16:22:31.874 INFO [restartedMain]org.hibernate.jpa.internal.util.LogHelper.logPersistenceUnitInformation:31 -HHH000204: Processing PersistenceUnitInfo [
	name: default
	...]
2019-06-22 16:22:31.946 INFO [restartedMain]org.hibernate.Version.logVersion:46 -HHH000412: Hibernate Core {5.3.10.Final}
2019-06-22 16:22:31.947 INFO [restartedMain]org.hibernate.cfg.Environment.<clinit>:213 -HHH000206: hibernate.properties not found
2019-06-22 16:22:32.073 INFO [restartedMain]org.hibernate.annotations.common.Version.<clinit>:49 -HCANN000001: Hibernate Commons Annotations {5.0.4.Final}
2019-06-22 16:22:33.162 INFO [restartedMain]org.hibernate.dialect.Dialect.<init>:157 -HHH000400: Using dialect: org.hibernate.dialect.MySQL5Dialect
2019-06-22 16:22:34.049 INFO [restartedMain]o.s.orm.jpa.LocalContainerEntityManagerFactoryBean.buildNativeEntityManagerFactory:415 -Initialized JPA EntityManagerFactory for persistence unit 'default'
2019-06-22 16:22:34.064 INFO [restartedMain]o.s.boot.devtools.autoconfigure.OptionalLiveReloadServer.startServer:57 -LiveReload server is running on port 35729
2019-06-22 16:22:34.326 INFO [restartedMain]o.s.scheduling.concurrent.ThreadPoolTaskExecutor.initialize:171 -Initializing ExecutorService 'applicationTaskExecutor'
2019-06-22 16:22:34.368 WARN [restartedMain]o.s.b.a.o.j.JpaBaseConfiguration$JpaWebConfiguration$JpaWebMvcConfiguration.openEntityManagerInViewInterceptor:237 -spring.jpa.open-in-view is enabled by default. Therefore, database queries may be performed during view rendering. Explicitly configure spring.jpa.open-in-view to disable this warning
2019-06-22 16:22:34.665 INFO [restartedMain]o.s.b.a.web.servlet.WelcomePageHandlerMapping.<init>:61 -Adding welcome page template: index
2019-06-22 16:22:35.559 INFO [restartedMain]org.apache.coyote.http11.Http11NioProtocol.log:173 -Starting ProtocolHandler ["http-nio-8081"]
2019-06-22 16:22:35.603 INFO [restartedMain]o.s.boot.web.embedded.tomcat.TomcatWebServer.start:204 -Tomcat started on port(s): 8081 (http) with context path ''
2019-06-22 16:22:35.610 INFO [restartedMain]com.ecpss.AvideoApplication.logStarted:59 -Started AvideoApplication in 9.348 seconds (JVM running for 10.244)
2019-06-22 16:22:36.058 INFO [http-nio-8081-exec-1]o.a.catalina.core.ContainerBase.[Tomcat].[localhost].[/].log:173 -Initializing Spring DispatcherServlet 'dispatcherServlet'
2019-06-22 16:22:36.058 INFO [http-nio-8081-exec-1]org.springframework.web.servlet.DispatcherServlet.initServletBean:524 -Initializing Servlet 'dispatcherServlet'
2019-06-22 16:22:36.069 INFO [http-nio-8081-exec-1]org.springframework.web.servlet.DispatcherServlet.initServletBean:546 -Completed initialization in 10 ms
2019-06-22 16:25:44.252 INFO [restartedMain]com.ecpss.AvideoApplication.logStarting:50 -Starting AvideoApplication on xhost with PID 109912 (D:\workaddress\projectwork\avideo\target\classes started by Raytine in D:\workaddress\projectwork)
2019-06-22 16:25:44.256 INFO [restartedMain]com.ecpss.AvideoApplication.logStartupProfileInfo:675 -No active profile set, falling back to default profiles: default
2019-06-22 16:25:44.318 INFO [restartedMain]o.s.b.devtools.env.DevToolsPropertyDefaultsPostProcessor.logTo:227 -Devtools property defaults active! Set 'spring.devtools.add-properties' to 'false' to disable
2019-06-22 16:25:44.318 INFO [restartedMain]o.s.b.devtools.env.DevToolsPropertyDefaultsPostProcessor.logTo:227 -For additional web related logging consider setting the 'logging.level.web' property to 'DEBUG'
2019-06-22 16:25:45.894 INFO [restartedMain]o.s.d.repository.config.RepositoryConfigurationDelegate.multipleStoresDetected:244 -Multiple Spring Data modules found, entering strict repository configuration mode!
2019-06-22 16:25:45.895 INFO [restartedMain]o.s.d.repository.config.RepositoryConfigurationDelegate.registerRepositoriesIn:126 -Bootstrapping Spring Data repositories in DEFAULT mode.
2019-06-22 16:25:45.924 INFO [restartedMain]o.s.d.repository.config.RepositoryConfigurationDelegate.registerRepositoriesIn:182 -Finished Spring Data repository scanning in 23ms. Found 0 repository interfaces.
2019-06-22 16:25:45.937 INFO [restartedMain]o.s.d.repository.config.RepositoryConfigurationDelegate.multipleStoresDetected:244 -Multiple Spring Data modules found, entering strict repository configuration mode!
2019-06-22 16:25:45.938 INFO [restartedMain]o.s.d.repository.config.RepositoryConfigurationDelegate.registerRepositoriesIn:126 -Bootstrapping Spring Data repositories in DEFAULT mode.
2019-06-22 16:25:45.962 INFO [restartedMain]o.s.d.repository.config.RepositoryConfigurationDelegate.registerRepositoriesIn:182 -Finished Spring Data repository scanning in 13ms. Found 0 repository interfaces.
2019-06-22 16:25:46.473 INFO [restartedMain]o.s.c.s.PostProcessorRegistrationDelegate$BeanPostProcessorChecker.postProcessAfterInitialization:330 -Bean 'org.springframework.transaction.annotation.ProxyTransactionManagementConfiguration' of type [org.springframework.transaction.annotation.ProxyTransactionManagementConfiguration$$EnhancerBySpringCGLIB$$418c157f] is not eligible for getting processed by all BeanPostProcessors (for example: not eligible for auto-proxying)
2019-06-22 16:25:47.174 INFO [restartedMain]o.s.boot.web.embedded.tomcat.TomcatWebServer.initialize:90 -Tomcat initialized with port(s): 8081 (http)
2019-06-22 16:25:47.194 INFO [restartedMain]org.apache.coyote.http11.Http11NioProtocol.log:173 -Initializing ProtocolHandler ["http-nio-8081"]
2019-06-22 16:25:47.202 INFO [restartedMain]org.apache.catalina.core.StandardService.log:173 -Starting service [Tomcat]
2019-06-22 16:25:47.203 INFO [restartedMain]org.apache.catalina.core.StandardEngine.log:173 -Starting Servlet engine: [Apache Tomcat/9.0.19]
2019-06-22 16:25:47.445 INFO [restartedMain]o.a.catalina.core.ContainerBase.[Tomcat].[localhost].[/].log:173 -Initializing Spring embedded WebApplicationContext
2019-06-22 16:25:47.466 INFO [restartedMain]org.springframework.web.context.ContextLoader.prepareWebApplicationContext:296 -Root WebApplicationContext: initialization completed in 3148 ms
2019-06-22 16:25:48.090 INFO [restartedMain]com.alibaba.druid.pool.DruidDataSource.init:923 -{dataSource-1} inited
2019-06-22 16:25:48.353 INFO [restartedMain]org.hibernate.jpa.internal.util.LogHelper.logPersistenceUnitInformation:31 -HHH000204: Processing PersistenceUnitInfo [
	name: default
	...]
2019-06-22 16:25:48.418 INFO [restartedMain]org.hibernate.Version.logVersion:46 -HHH000412: Hibernate Core {5.3.10.Final}
2019-06-22 16:25:48.420 INFO [restartedMain]org.hibernate.cfg.Environment.<clinit>:213 -HHH000206: hibernate.properties not found
2019-06-22 16:25:48.560 INFO [restartedMain]org.hibernate.annotations.common.Version.<clinit>:49 -HCANN000001: Hibernate Commons Annotations {5.0.4.Final}
2019-06-22 16:25:49.786 INFO [restartedMain]org.hibernate.dialect.Dialect.<init>:157 -HHH000400: Using dialect: org.hibernate.dialect.MySQL5Dialect
2019-06-22 16:25:51.031 INFO [restartedMain]o.s.orm.jpa.LocalContainerEntityManagerFactoryBean.buildNativeEntityManagerFactory:415 -Initialized JPA EntityManagerFactory for persistence unit 'default'
2019-06-22 16:25:51.051 INFO [restartedMain]o.s.boot.devtools.autoconfigure.OptionalLiveReloadServer.startServer:57 -LiveReload server is running on port 35729
2019-06-22 16:25:51.478 INFO [restartedMain]o.s.scheduling.concurrent.ThreadPoolTaskExecutor.initialize:171 -Initializing ExecutorService 'applicationTaskExecutor'
2019-06-22 16:25:51.555 WARN [restartedMain]o.s.b.a.o.j.JpaBaseConfiguration$JpaWebConfiguration$JpaWebMvcConfiguration.openEntityManagerInViewInterceptor:237 -spring.jpa.open-in-view is enabled by default. Therefore, database queries may be performed during view rendering. Explicitly configure spring.jpa.open-in-view to disable this warning
2019-06-22 16:25:51.910 INFO [restartedMain]o.s.b.a.web.servlet.WelcomePageHandlerMapping.<init>:61 -Adding welcome page template: index
2019-06-22 16:25:52.605 INFO [restartedMain]org.apache.coyote.http11.Http11NioProtocol.log:173 -Starting ProtocolHandler ["http-nio-8081"]
2019-06-22 16:25:52.635 INFO [restartedMain]o.s.boot.web.embedded.tomcat.TomcatWebServer.start:204 -Tomcat started on port(s): 8081 (http) with context path ''
2019-06-22 16:25:52.638 INFO [restartedMain]com.ecpss.AvideoApplication.logStarted:59 -Started AvideoApplication in 8.83 seconds (JVM running for 9.996)
2019-06-22 16:25:56.032 INFO [http-nio-8081-exec-2]o.a.catalina.core.ContainerBase.[Tomcat].[localhost].[/].log:173 -Initializing Spring DispatcherServlet 'dispatcherServlet'
2019-06-22 16:25:56.032 INFO [http-nio-8081-exec-2]org.springframework.web.servlet.DispatcherServlet.initServletBean:524 -Initializing Servlet 'dispatcherServlet'
2019-06-22 16:25:56.044 INFO [http-nio-8081-exec-2]org.springframework.web.servlet.DispatcherServlet.initServletBean:546 -Completed initialization in 11 ms
2019-06-22 16:26:12.199 INFO [restartedMain]com.ecpss.AvideoApplication.logStarting:50 -Starting AvideoApplication on xhost with PID 110620 (D:\workaddress\projectwork\avideo\target\classes started by Raytine in D:\workaddress\projectwork)
2019-06-22 16:26:12.203 INFO [restartedMain]com.ecpss.AvideoApplication.logStartupProfileInfo:675 -No active profile set, falling back to default profiles: default
2019-06-22 16:26:12.323 INFO [restartedMain]o.s.b.devtools.env.DevToolsPropertyDefaultsPostProcessor.logTo:227 -Devtools property defaults active! Set 'spring.devtools.add-properties' to 'false' to disable
2019-06-22 16:26:12.323 INFO [restartedMain]o.s.b.devtools.env.DevToolsPropertyDefaultsPostProcessor.logTo:227 -For additional web related logging consider setting the 'logging.level.web' property to 'DEBUG'
2019-06-22 16:26:13.899 INFO [restartedMain]o.s.d.repository.config.RepositoryConfigurationDelegate.multipleStoresDetected:244 -Multiple Spring Data modules found, entering strict repository configuration mode!
2019-06-22 16:26:13.899 INFO [restartedMain]o.s.d.repository.config.RepositoryConfigurationDelegate.registerRepositoriesIn:126 -Bootstrapping Spring Data repositories in DEFAULT mode.
2019-06-22 16:26:13.934 INFO [restartedMain]o.s.d.repository.config.RepositoryConfigurationDelegate.registerRepositoriesIn:182 -Finished Spring Data repository scanning in 25ms. Found 0 repository interfaces.
2019-06-22 16:26:14.008 INFO [restartedMain]o.s.d.repository.config.RepositoryConfigurationDelegate.multipleStoresDetected:244 -Multiple Spring Data modules found, entering strict repository configuration mode!
2019-06-22 16:26:14.012 INFO [restartedMain]o.s.d.repository.config.RepositoryConfigurationDelegate.registerRepositoriesIn:126 -Bootstrapping Spring Data repositories in DEFAULT mode.
2019-06-22 16:26:14.082 INFO [restartedMain]o.s.d.repository.config.RepositoryConfigurationDelegate.registerRepositoriesIn:182 -Finished Spring Data repository scanning in 42ms. Found 0 repository interfaces.
2019-06-22 16:26:14.848 INFO [restartedMain]o.s.c.s.PostProcessorRegistrationDelegate$BeanPostProcessorChecker.postProcessAfterInitialization:330 -Bean 'org.springframework.transaction.annotation.ProxyTransactionManagementConfiguration' of type [org.springframework.transaction.annotation.ProxyTransactionManagementConfiguration$$EnhancerBySpringCGLIB$$d1afb331] is not eligible for getting processed by all BeanPostProcessors (for example: not eligible for auto-proxying)
2019-06-22 16:26:16.458 INFO [restartedMain]o.s.boot.web.embedded.tomcat.TomcatWebServer.initialize:90 -Tomcat initialized with port(s): 8081 (http)
2019-06-22 16:26:16.485 INFO [restartedMain]org.apache.coyote.http11.Http11NioProtocol.log:173 -Initializing ProtocolHandler ["http-nio-8081"]
2019-06-22 16:26:16.509 INFO [restartedMain]org.apache.catalina.core.StandardService.log:173 -Starting service [Tomcat]
2019-06-22 16:26:16.510 INFO [restartedMain]org.apache.catalina.core.StandardEngine.log:173 -Starting Servlet engine: [Apache Tomcat/9.0.19]
2019-06-22 16:26:16.758 INFO [restartedMain]o.a.catalina.core.ContainerBase.[Tomcat].[localhost].[/].log:173 -Initializing Spring embedded WebApplicationContext
2019-06-22 16:26:16.758 INFO [restartedMain]org.springframework.web.context.ContextLoader.prepareWebApplicationContext:296 -Root WebApplicationContext: initialization completed in 4435 ms
2019-06-22 16:26:17.275 INFO [restartedMain]com.alibaba.druid.pool.DruidDataSource.init:923 -{dataSource-1} inited
2019-06-22 16:26:17.602 INFO [restartedMain]org.hibernate.jpa.internal.util.LogHelper.logPersistenceUnitInformation:31 -HHH000204: Processing PersistenceUnitInfo [
	name: default
	...]
2019-06-22 16:26:17.677 INFO [restartedMain]org.hibernate.Version.logVersion:46 -HHH000412: Hibernate Core {5.3.10.Final}
2019-06-22 16:26:17.679 INFO [restartedMain]org.hibernate.cfg.Environment.<clinit>:213 -HHH000206: hibernate.properties not found
2019-06-22 16:26:17.846 INFO [restartedMain]org.hibernate.annotations.common.Version.<clinit>:49 -HCANN000001: Hibernate Commons Annotations {5.0.4.Final}
2019-06-22 16:26:19.695 INFO [restartedMain]org.hibernate.dialect.Dialect.<init>:157 -HHH000400: Using dialect: org.hibernate.dialect.MySQL5Dialect
2019-06-22 16:26:20.504 INFO [restartedMain]o.s.orm.jpa.LocalContainerEntityManagerFactoryBean.buildNativeEntityManagerFactory:415 -Initialized JPA EntityManagerFactory for persistence unit 'default'
2019-06-22 16:26:20.520 INFO [restartedMain]o.s.boot.devtools.autoconfigure.OptionalLiveReloadServer.startServer:57 -LiveReload server is running on port 35729
2019-06-22 16:26:20.758 INFO [restartedMain]o.s.scheduling.concurrent.ThreadPoolTaskExecutor.initialize:171 -Initializing ExecutorService 'applicationTaskExecutor'
2019-06-22 16:26:20.795 WARN [restartedMain]o.s.b.a.o.j.JpaBaseConfiguration$JpaWebConfiguration$JpaWebMvcConfiguration.openEntityManagerInViewInterceptor:237 -spring.jpa.open-in-view is enabled by default. Therefore, database queries may be performed during view rendering. Explicitly configure spring.jpa.open-in-view to disable this warning
2019-06-22 16:26:21.066 INFO [restartedMain]o.s.b.a.web.servlet.WelcomePageHandlerMapping.<init>:61 -Adding welcome page template: index
2019-06-22 16:26:21.696 INFO [restartedMain]org.apache.coyote.http11.Http11NioProtocol.log:173 -Starting ProtocolHandler ["http-nio-8081"]
2019-06-22 16:26:21.723 INFO [restartedMain]o.s.boot.web.embedded.tomcat.TomcatWebServer.start:204 -Tomcat started on port(s): 8081 (http) with context path ''
2019-06-22 16:26:21.726 INFO [restartedMain]com.ecpss.AvideoApplication.logStarted:59 -Started AvideoApplication in 9.929 seconds (JVM running for 10.995)
2019-06-22 16:27:45.122 INFO [http-nio-8081-exec-3]o.a.catalina.core.ContainerBase.[Tomcat].[localhost].[/].log:173 -Initializing Spring DispatcherServlet 'dispatcherServlet'
2019-06-22 16:27:45.123 INFO [http-nio-8081-exec-3]org.springframework.web.servlet.DispatcherServlet.initServletBean:524 -Initializing Servlet 'dispatcherServlet'
2019-06-22 16:27:45.134 INFO [http-nio-8081-exec-3]org.springframework.web.servlet.DispatcherServlet.initServletBean:546 -Completed initialization in 11 ms
