2019-07-04 09:56:16.443 INFO [restartedMain]com.ecpss.DdiancanApplication.logStarting:50 -Starting DdiancanApplication on xhost with PID 21184 (D:\workaddress\projectwork\ddiancan\target\classes started by Raytine in D:\workaddress\projectwork)
2019-07-04 09:56:16.472 INFO [restartedMain]com.ecpss.DdiancanApplication.logStartupProfileInfo:646 -No active profile set, falling back to default profiles: default
2019-07-04 09:56:16.731 INFO [restartedMain]o.s.b.devtools.env.DevToolsPropertyDefaultsPostProcessor.logTo:225 -Devtools property defaults active! Set 'spring.devtools.add-properties' to 'false' to disable
2019-07-04 09:56:16.733 INFO [restartedMain]o.s.b.devtools.env.DevToolsPropertyDefaultsPostProcessor.logTo:225 -For additional web related logging consider setting the 'logging.level.web' property to 'DEBUG'
2019-07-04 09:56:19.993 INFO [restartedMain]o.s.d.repository.config.RepositoryConfigurationDelegate.multipleStoresDetected:244 -Multiple Spring Data modules found, entering strict repository configuration mode!
2019-07-04 09:56:19.993 INFO [restartedMain]o.s.d.repository.config.RepositoryConfigurationDelegate.registerRepositoriesIn:126 -Bootstrapping Spring Data repositories in DEFAULT mode.
2019-07-04 09:56:20.304 INFO [restartedMain]o.s.d.repository.config.RepositoryConfigurationDelegate.registerRepositoriesIn:182 -Finished Spring Data repository scanning in 266ms. Found 1 repository interfaces.
2019-07-04 09:56:20.321 INFO [restartedMain]o.s.d.repository.config.RepositoryConfigurationDelegate.multipleStoresDetected:244 -Multiple Spring Data modules found, entering strict repository configuration mode!
2019-07-04 09:56:20.322 INFO [restartedMain]o.s.d.repository.config.RepositoryConfigurationDelegate.registerRepositoriesIn:126 -Bootstrapping Spring Data repositories in DEFAULT mode.
2019-07-04 09:56:20.437 INFO [restartedMain]o.s.d.r.config.RepositoryConfigurationExtensionSupport.isStrictRepositoryCandidate:363 -Spring Data Redis - Could not safely identify store assignment for repository candidate interface com.ecpss.service.qservice.PageResponsity.
2019-07-04 09:56:20.438 INFO [restartedMain]o.s.d.repository.config.RepositoryConfigurationDelegate.registerRepositoriesIn:182 -Finished Spring Data repository scanning in 51ms. Found 0 repository interfaces.
2019-07-04 09:56:21.661 INFO [restartedMain]o.s.c.s.PostProcessorRegistrationDelegate$BeanPostProcessorChecker.postProcessAfterInitialization:330 -Bean 'org.springframework.transaction.annotation.ProxyTransactionManagementConfiguration' of type [org.springframework.transaction.annotation.ProxyTransactionManagementConfiguration$$EnhancerBySpringCGLIB$$d198b17f] is not eligible for getting processed by all BeanPostProcessors (for example: not eligible for auto-proxying)
2019-07-04 09:56:22.891 INFO [restartedMain]o.s.boot.web.embedded.tomcat.TomcatWebServer.initialize:90 -Tomcat initialized with port(s): 8083 (http)
2019-07-04 09:56:22.911 INFO [restartedMain]org.apache.coyote.http11.Http11NioProtocol.log:173 -Initializing ProtocolHandler ["http-nio-8083"]
2019-07-04 09:56:22.950 INFO [restartedMain]org.apache.catalina.core.StandardService.log:173 -Starting service [Tomcat]
2019-07-04 09:56:22.951 INFO [restartedMain]org.apache.catalina.core.StandardEngine.log:173 -Starting Servlet engine: [Apache Tomcat/9.0.21]
2019-07-04 09:56:23.607 INFO [restartedMain]o.a.catalina.core.ContainerBase.[Tomcat].[localhost].[/].log:173 -Initializing Spring embedded WebApplicationContext
2019-07-04 09:56:23.607 INFO [restartedMain]org.springframework.web.context.ContextLoader.prepareWebApplicationContext:283 -Root WebApplicationContext: initialization completed in 6873 ms
2019-07-04 09:56:24.912 INFO [restartedMain]com.alibaba.druid.pool.DruidDataSource.init:923 -{dataSource-1} inited
2019-07-04 09:56:25.858 INFO [restartedMain]org.hibernate.jpa.internal.util.LogHelper.logPersistenceUnitInformation:31 -HHH000204: Processing PersistenceUnitInfo [
	name: default
	...]
2019-07-04 09:56:26.285 INFO [restartedMain]org.hibernate.Version.logVersion:46 -HHH000412: Hibernate Core {5.3.10.Final}
2019-07-04 09:56:26.306 INFO [restartedMain]org.hibernate.cfg.Environment.<clinit>:213 -HHH000206: hibernate.properties not found
2019-07-04 09:56:27.018 INFO [restartedMain]org.hibernate.annotations.common.Version.<clinit>:49 -HCANN000001: Hibernate Commons Annotations {5.0.4.Final}
2019-07-04 09:56:27.611 INFO [restartedMain]org.hibernate.dialect.Dialect.<init>:157 -HHH000400: Using dialect: org.hibernate.dialect.MySQL5Dialect
2019-07-04 09:56:30.737 INFO [restartedMain]o.s.orm.jpa.LocalContainerEntityManagerFactoryBean.buildNativeEntityManagerFactory:415 -Initialized JPA EntityManagerFactory for persistence unit 'default'
2019-07-04 09:56:30.755 INFO [restartedMain]o.s.boot.devtools.autoconfigure.OptionalLiveReloadServer.startServer:57 -LiveReload server is running on port 35729
2019-07-04 09:56:32.872 INFO [restartedMain]o.s.scheduling.concurrent.ThreadPoolTaskExecutor.initialize:171 -Initializing ExecutorService 'applicationTaskExecutor'
2019-07-04 09:56:32.962 WARN [restartedMain]o.s.b.a.o.j.JpaBaseConfiguration$JpaWebConfiguration$JpaWebMvcConfiguration.openEntityManagerInViewInterceptor:225 -spring.jpa.open-in-view is enabled by default. Therefore, database queries may be performed during view rendering. Explicitly configure spring.jpa.open-in-view to disable this warning
2019-07-04 09:56:33.244 INFO [restartedMain]o.s.b.a.web.servlet.WelcomePageHandlerMapping.<init>:54 -Adding welcome page: class path resource [static/index.html]
2019-07-04 09:56:34.874 INFO [restartedMain]org.apache.coyote.http11.Http11NioProtocol.log:173 -Starting ProtocolHandler ["http-nio-8083"]
2019-07-04 09:56:34.911 INFO [restartedMain]o.s.boot.web.embedded.tomcat.TomcatWebServer.start:202 -Tomcat started on port(s): 8083 (http) with context path ''
2019-07-04 09:56:34.914 INFO [restartedMain]com.ecpss.DdiancanApplication.logStarted:59 -Started DdiancanApplication in 20.064 seconds (JVM running for 21.849)
2019-07-04 09:56:54.887 INFO [http-nio-8083-exec-1]o.a.catalina.core.ContainerBase.[Tomcat].[localhost].[/].log:173 -Initializing Spring DispatcherServlet 'dispatcherServlet'
2019-07-04 09:56:54.887 INFO [http-nio-8083-exec-1]org.springframework.web.servlet.DispatcherServlet.initServletBean:524 -Initializing Servlet 'dispatcherServlet'
2019-07-04 09:56:54.899 INFO [http-nio-8083-exec-1]org.springframework.web.servlet.DispatcherServlet.initServletBean:546 -Completed initialization in 11 ms
2019-07-04 17:34:42.113 INFO [restartedMain]com.ecpss.DdiancanApplication.logStarting:50 -Starting DdiancanApplication on xhost with PID 18964 (D:\workaddress\projectwork\ddiancan\target\classes started by Raytine in D:\workaddress\projectwork)
2019-07-04 17:34:42.143 INFO [restartedMain]com.ecpss.DdiancanApplication.logStartupProfileInfo:646 -No active profile set, falling back to default profiles: default
2019-07-04 17:34:42.276 INFO [restartedMain]o.s.b.devtools.env.DevToolsPropertyDefaultsPostProcessor.logTo:225 -Devtools property defaults active! Set 'spring.devtools.add-properties' to 'false' to disable
2019-07-04 17:34:42.277 INFO [restartedMain]o.s.b.devtools.env.DevToolsPropertyDefaultsPostProcessor.logTo:225 -For additional web related logging consider setting the 'logging.level.web' property to 'DEBUG'
2019-07-04 17:34:44.698 INFO [restartedMain]o.s.d.repository.config.RepositoryConfigurationDelegate.multipleStoresDetected:244 -Multiple Spring Data modules found, entering strict repository configuration mode!
2019-07-04 17:34:44.698 INFO [restartedMain]o.s.d.repository.config.RepositoryConfigurationDelegate.registerRepositoriesIn:126 -Bootstrapping Spring Data repositories in DEFAULT mode.
2019-07-04 17:34:44.891 INFO [restartedMain]o.s.d.repository.config.RepositoryConfigurationDelegate.registerRepositoriesIn:182 -Finished Spring Data repository scanning in 115ms. Found 1 repository interfaces.
2019-07-04 17:34:44.916 INFO [restartedMain]o.s.d.repository.config.RepositoryConfigurationDelegate.multipleStoresDetected:244 -Multiple Spring Data modules found, entering strict repository configuration mode!
2019-07-04 17:34:44.917 INFO [restartedMain]o.s.d.repository.config.RepositoryConfigurationDelegate.registerRepositoriesIn:126 -Bootstrapping Spring Data repositories in DEFAULT mode.
2019-07-04 17:34:44.944 INFO [restartedMain]o.s.d.r.config.RepositoryConfigurationExtensionSupport.isStrictRepositoryCandidate:363 -Spring Data Redis - Could not safely identify store assignment for repository candidate interface com.ecpss.service.qservice.PageResponsity.
2019-07-04 17:34:44.945 INFO [restartedMain]o.s.d.repository.config.RepositoryConfigurationDelegate.registerRepositoriesIn:182 -Finished Spring Data repository scanning in 16ms. Found 0 repository interfaces.
2019-07-04 17:34:45.744 INFO [restartedMain]o.s.c.s.PostProcessorRegistrationDelegate$BeanPostProcessorChecker.postProcessAfterInitialization:330 -Bean 'org.springframework.transaction.annotation.ProxyTransactionManagementConfiguration' of type [org.springframework.transaction.annotation.ProxyTransactionManagementConfiguration$$EnhancerBySpringCGLIB$$dd8e352b] is not eligible for getting processed by all BeanPostProcessors (for example: not eligible for auto-proxying)
2019-07-04 17:34:46.682 INFO [restartedMain]o.s.boot.web.embedded.tomcat.TomcatWebServer.initialize:90 -Tomcat initialized with port(s): 8083 (http)
2019-07-04 17:34:46.700 INFO [restartedMain]org.apache.coyote.http11.Http11NioProtocol.log:173 -Initializing ProtocolHandler ["http-nio-8083"]
2019-07-04 17:34:46.720 INFO [restartedMain]org.apache.catalina.core.StandardService.log:173 -Starting service [Tomcat]
2019-07-04 17:34:46.720 INFO [restartedMain]org.apache.catalina.core.StandardEngine.log:173 -Starting Servlet engine: [Apache Tomcat/9.0.21]
2019-07-04 17:34:46.947 INFO [restartedMain]o.a.catalina.core.ContainerBase.[Tomcat].[localhost].[/].log:173 -Initializing Spring embedded WebApplicationContext
2019-07-04 17:34:46.947 INFO [restartedMain]org.springframework.web.context.ContextLoader.prepareWebApplicationContext:283 -Root WebApplicationContext: initialization completed in 4670 ms
2019-07-04 17:34:47.827 INFO [restartedMain]com.alibaba.druid.pool.DruidDataSource.init:923 -{dataSource-1} inited
2019-07-04 17:34:48.496 INFO [restartedMain]org.hibernate.jpa.internal.util.LogHelper.logPersistenceUnitInformation:31 -HHH000204: Processing PersistenceUnitInfo [
	name: default
	...]
2019-07-04 17:34:48.827 INFO [restartedMain]org.hibernate.Version.logVersion:46 -HHH000412: Hibernate Core {5.3.10.Final}
2019-07-04 17:34:48.830 INFO [restartedMain]org.hibernate.cfg.Environment.<clinit>:213 -HHH000206: hibernate.properties not found
2019-07-04 17:34:49.416 INFO [restartedMain]org.hibernate.annotations.common.Version.<clinit>:49 -HCANN000001: Hibernate Commons Annotations {5.0.4.Final}
2019-07-04 17:34:49.919 INFO [restartedMain]org.hibernate.dialect.Dialect.<init>:157 -HHH000400: Using dialect: org.hibernate.dialect.MySQL5Dialect
2019-07-04 17:34:52.615 INFO [restartedMain]o.s.orm.jpa.LocalContainerEntityManagerFactoryBean.buildNativeEntityManagerFactory:415 -Initialized JPA EntityManagerFactory for persistence unit 'default'
2019-07-04 17:34:52.630 INFO [restartedMain]o.s.boot.devtools.autoconfigure.OptionalLiveReloadServer.startServer:57 -LiveReload server is running on port 35729
2019-07-04 17:34:53.961 INFO [restartedMain]o.s.scheduling.concurrent.ThreadPoolTaskExecutor.initialize:171 -Initializing ExecutorService 'applicationTaskExecutor'
2019-07-04 17:34:54.026 WARN [restartedMain]o.s.b.a.o.j.JpaBaseConfiguration$JpaWebConfiguration$JpaWebMvcConfiguration.openEntityManagerInViewInterceptor:225 -spring.jpa.open-in-view is enabled by default. Therefore, database queries may be performed during view rendering. Explicitly configure spring.jpa.open-in-view to disable this warning
2019-07-04 17:34:54.250 INFO [restartedMain]o.s.b.a.web.servlet.WelcomePageHandlerMapping.<init>:54 -Adding welcome page: class path resource [static/index.html]
2019-07-04 17:34:55.401 INFO [restartedMain]org.apache.coyote.http11.Http11NioProtocol.log:173 -Starting ProtocolHandler ["http-nio-8083"]
2019-07-04 17:34:55.438 INFO [restartedMain]o.s.boot.web.embedded.tomcat.TomcatWebServer.start:202 -Tomcat started on port(s): 8083 (http) with context path ''
2019-07-04 17:34:55.440 INFO [restartedMain]com.ecpss.DdiancanApplication.logStarted:59 -Started DdiancanApplication in 14.618 seconds (JVM running for 16.19)
2019-07-04 17:35:19.643 INFO [http-nio-8083-exec-2]o.a.catalina.core.ContainerBase.[Tomcat].[localhost].[/].log:173 -Initializing Spring DispatcherServlet 'dispatcherServlet'
2019-07-04 17:35:19.643 INFO [http-nio-8083-exec-2]org.springframework.web.servlet.DispatcherServlet.initServletBean:524 -Initializing Servlet 'dispatcherServlet'
2019-07-04 17:35:19.655 INFO [http-nio-8083-exec-2]org.springframework.web.servlet.DispatcherServlet.initServletBean:546 -Completed initialization in 12 ms
2019-07-04 17:36:12.183 INFO [restartedMain]com.ecpss.DdiancanApplication.logStarting:50 -Starting DdiancanApplication on xhost with PID 25268 (D:\workaddress\projectwork\ddiancan\target\classes started by Raytine in D:\workaddress\projectwork)
2019-07-04 17:36:12.187 INFO [restartedMain]com.ecpss.DdiancanApplication.logStartupProfileInfo:646 -No active profile set, falling back to default profiles: default
2019-07-04 17:36:12.288 INFO [restartedMain]o.s.b.devtools.env.DevToolsPropertyDefaultsPostProcessor.logTo:225 -Devtools property defaults active! Set 'spring.devtools.add-properties' to 'false' to disable
2019-07-04 17:36:12.289 INFO [restartedMain]o.s.b.devtools.env.DevToolsPropertyDefaultsPostProcessor.logTo:225 -For additional web related logging consider setting the 'logging.level.web' property to 'DEBUG'
2019-07-04 17:36:13.458 INFO [restartedMain]o.s.d.repository.config.RepositoryConfigurationDelegate.multipleStoresDetected:244 -Multiple Spring Data modules found, entering strict repository configuration mode!
2019-07-04 17:36:13.458 INFO [restartedMain]o.s.d.repository.config.RepositoryConfigurationDelegate.registerRepositoriesIn:126 -Bootstrapping Spring Data repositories in DEFAULT mode.
2019-07-04 17:36:13.540 INFO [restartedMain]o.s.d.repository.config.RepositoryConfigurationDelegate.registerRepositoriesIn:182 -Finished Spring Data repository scanning in 73ms. Found 1 repository interfaces.
2019-07-04 17:36:13.555 INFO [restartedMain]o.s.d.repository.config.RepositoryConfigurationDelegate.multipleStoresDetected:244 -Multiple Spring Data modules found, entering strict repository configuration mode!
2019-07-04 17:36:13.556 INFO [restartedMain]o.s.d.repository.config.RepositoryConfigurationDelegate.registerRepositoriesIn:126 -Bootstrapping Spring Data repositories in DEFAULT mode.
2019-07-04 17:36:13.587 INFO [restartedMain]o.s.d.r.config.RepositoryConfigurationExtensionSupport.isStrictRepositoryCandidate:363 -Spring Data Redis - Could not safely identify store assignment for repository candidate interface com.ecpss.service.qservice.PageResponsity.
2019-07-04 17:36:13.588 INFO [restartedMain]o.s.d.repository.config.RepositoryConfigurationDelegate.registerRepositoriesIn:182 -Finished Spring Data repository scanning in 17ms. Found 0 repository interfaces.
2019-07-04 17:36:13.986 INFO [restartedMain]o.s.c.s.PostProcessorRegistrationDelegate$BeanPostProcessorChecker.postProcessAfterInitialization:330 -Bean 'org.springframework.transaction.annotation.ProxyTransactionManagementConfiguration' of type [org.springframework.transaction.annotation.ProxyTransactionManagementConfiguration$$EnhancerBySpringCGLIB$$829c258d] is not eligible for getting processed by all BeanPostProcessors (for example: not eligible for auto-proxying)
2019-07-04 17:36:15.254 INFO [restartedMain]o.s.boot.web.embedded.tomcat.TomcatWebServer.initialize:90 -Tomcat initialized with port(s): 8083 (http)
2019-07-04 17:36:15.283 INFO [restartedMain]org.apache.coyote.http11.Http11NioProtocol.log:173 -Initializing ProtocolHandler ["http-nio-8083"]
2019-07-04 17:36:15.293 INFO [restartedMain]org.apache.catalina.core.StandardService.log:173 -Starting service [Tomcat]
2019-07-04 17:36:15.294 INFO [restartedMain]org.apache.catalina.core.StandardEngine.log:173 -Starting Servlet engine: [Apache Tomcat/9.0.21]
2019-07-04 17:36:15.481 INFO [restartedMain]o.a.catalina.core.ContainerBase.[Tomcat].[localhost].[/].log:173 -Initializing Spring embedded WebApplicationContext
2019-07-04 17:36:15.481 INFO [restartedMain]org.springframework.web.context.ContextLoader.prepareWebApplicationContext:283 -Root WebApplicationContext: initialization completed in 3192 ms
2019-07-04 17:36:15.890 INFO [restartedMain]com.alibaba.druid.pool.DruidDataSource.init:923 -{dataSource-1} inited
2019-07-04 17:36:16.064 INFO [restartedMain]org.hibernate.jpa.internal.util.LogHelper.logPersistenceUnitInformation:31 -HHH000204: Processing PersistenceUnitInfo [
	name: default
	...]
2019-07-04 17:36:16.119 INFO [restartedMain]org.hibernate.Version.logVersion:46 -HHH000412: Hibernate Core {5.3.10.Final}
2019-07-04 17:36:16.120 INFO [restartedMain]org.hibernate.cfg.Environment.<clinit>:213 -HHH000206: hibernate.properties not found
2019-07-04 17:36:16.229 INFO [restartedMain]org.hibernate.annotations.common.Version.<clinit>:49 -HCANN000001: Hibernate Commons Annotations {5.0.4.Final}
2019-07-04 17:36:16.369 INFO [restartedMain]org.hibernate.dialect.Dialect.<init>:157 -HHH000400: Using dialect: org.hibernate.dialect.MySQL5Dialect
2019-07-04 17:36:17.043 INFO [restartedMain]o.s.orm.jpa.LocalContainerEntityManagerFactoryBean.buildNativeEntityManagerFactory:415 -Initialized JPA EntityManagerFactory for persistence unit 'default'
2019-07-04 17:36:17.061 INFO [restartedMain]o.s.boot.devtools.autoconfigure.OptionalLiveReloadServer.startServer:57 -LiveReload server is running on port 35729
2019-07-04 17:36:17.690 INFO [restartedMain]o.s.scheduling.concurrent.ThreadPoolTaskExecutor.initialize:171 -Initializing ExecutorService 'applicationTaskExecutor'
2019-07-04 17:36:17.721 WARN [restartedMain]o.s.b.a.o.j.JpaBaseConfiguration$JpaWebConfiguration$JpaWebMvcConfiguration.openEntityManagerInViewInterceptor:225 -spring.jpa.open-in-view is enabled by default. Therefore, database queries may be performed during view rendering. Explicitly configure spring.jpa.open-in-view to disable this warning
2019-07-04 17:36:17.807 INFO [restartedMain]o.s.b.a.web.servlet.WelcomePageHandlerMapping.<init>:54 -Adding welcome page: class path resource [static/index.html]
2019-07-04 17:36:18.399 INFO [restartedMain]org.apache.coyote.http11.Http11NioProtocol.log:173 -Starting ProtocolHandler ["http-nio-8083"]
2019-07-04 17:36:18.435 INFO [restartedMain]o.s.boot.web.embedded.tomcat.TomcatWebServer.start:202 -Tomcat started on port(s): 8083 (http) with context path ''
2019-07-04 17:36:18.438 INFO [restartedMain]com.ecpss.DdiancanApplication.logStarted:59 -Started DdiancanApplication in 7.033 seconds (JVM running for 7.923)
2019-07-04 17:36:28.407 INFO [http-nio-8083-exec-1]o.a.catalina.core.ContainerBase.[Tomcat].[localhost].[/].log:173 -Initializing Spring DispatcherServlet 'dispatcherServlet'
2019-07-04 17:36:28.407 INFO [http-nio-8083-exec-1]org.springframework.web.servlet.DispatcherServlet.initServletBean:524 -Initializing Servlet 'dispatcherServlet'
2019-07-04 17:36:28.417 INFO [http-nio-8083-exec-1]org.springframework.web.servlet.DispatcherServlet.initServletBean:546 -Completed initialization in 10 ms
2019-07-04 17:37:52.386 INFO [restartedMain]com.ecpss.DdiancanApplication.logStarting:50 -Starting DdiancanApplication on xhost with PID 22676 (D:\workaddress\projectwork\ddiancan\target\classes started by Raytine in D:\workaddress\projectwork)
2019-07-04 17:37:52.389 INFO [restartedMain]com.ecpss.DdiancanApplication.logStartupProfileInfo:646 -No active profile set, falling back to default profiles: default
2019-07-04 17:37:52.424 INFO [restartedMain]o.s.b.devtools.env.DevToolsPropertyDefaultsPostProcessor.logTo:225 -Devtools property defaults active! Set 'spring.devtools.add-properties' to 'false' to disable
2019-07-04 17:37:52.424 INFO [restartedMain]o.s.b.devtools.env.DevToolsPropertyDefaultsPostProcessor.logTo:225 -For additional web related logging consider setting the 'logging.level.web' property to 'DEBUG'
2019-07-04 17:37:53.417 INFO [restartedMain]o.s.d.repository.config.RepositoryConfigurationDelegate.multipleStoresDetected:244 -Multiple Spring Data modules found, entering strict repository configuration mode!
2019-07-04 17:37:53.418 INFO [restartedMain]o.s.d.repository.config.RepositoryConfigurationDelegate.registerRepositoriesIn:126 -Bootstrapping Spring Data repositories in DEFAULT mode.
2019-07-04 17:37:53.504 INFO [restartedMain]o.s.d.repository.config.RepositoryConfigurationDelegate.registerRepositoriesIn:182 -Finished Spring Data repository scanning in 79ms. Found 1 repository interfaces.
2019-07-04 17:37:53.517 INFO [restartedMain]o.s.d.repository.config.RepositoryConfigurationDelegate.multipleStoresDetected:244 -Multiple Spring Data modules found, entering strict repository configuration mode!
2019-07-04 17:37:53.518 INFO [restartedMain]o.s.d.repository.config.RepositoryConfigurationDelegate.registerRepositoriesIn:126 -Bootstrapping Spring Data repositories in DEFAULT mode.
2019-07-04 17:37:53.540 INFO [restartedMain]o.s.d.r.config.RepositoryConfigurationExtensionSupport.isStrictRepositoryCandidate:363 -Spring Data Redis - Could not safely identify store assignment for repository candidate interface com.ecpss.service.qservice.PageResponsity.
2019-07-04 17:37:53.541 INFO [restartedMain]o.s.d.repository.config.RepositoryConfigurationDelegate.registerRepositoriesIn:182 -Finished Spring Data repository scanning in 15ms. Found 0 repository interfaces.
2019-07-04 17:37:54.193 INFO [restartedMain]o.s.c.s.PostProcessorRegistrationDelegate$BeanPostProcessorChecker.postProcessAfterInitialization:330 -Bean 'org.springframework.transaction.annotation.ProxyTransactionManagementConfiguration' of type [org.springframework.transaction.annotation.ProxyTransactionManagementConfiguration$$EnhancerBySpringCGLIB$$365249a1] is not eligible for getting processed by all BeanPostProcessors (for example: not eligible for auto-proxying)
2019-07-04 17:37:55.263 INFO [restartedMain]o.s.boot.web.embedded.tomcat.TomcatWebServer.initialize:90 -Tomcat initialized with port(s): 8083 (http)
2019-07-04 17:37:55.284 INFO [restartedMain]org.apache.coyote.http11.Http11NioProtocol.log:173 -Initializing ProtocolHandler ["http-nio-8083"]
2019-07-04 17:37:55.296 INFO [restartedMain]org.apache.catalina.core.StandardService.log:173 -Starting service [Tomcat]
2019-07-04 17:37:55.296 INFO [restartedMain]org.apache.catalina.core.StandardEngine.log:173 -Starting Servlet engine: [Apache Tomcat/9.0.21]
2019-07-04 17:37:55.456 INFO [restartedMain]o.a.catalina.core.ContainerBase.[Tomcat].[localhost].[/].log:173 -Initializing Spring embedded WebApplicationContext
2019-07-04 17:37:55.456 INFO [restartedMain]org.springframework.web.context.ContextLoader.prepareWebApplicationContext:283 -Root WebApplicationContext: initialization completed in 3031 ms
2019-07-04 17:37:55.792 INFO [restartedMain]com.alibaba.druid.pool.DruidDataSource.init:923 -{dataSource-1} inited
2019-07-04 17:37:55.971 INFO [restartedMain]org.hibernate.jpa.internal.util.LogHelper.logPersistenceUnitInformation:31 -HHH000204: Processing PersistenceUnitInfo [
	name: default
	...]
2019-07-04 17:37:56.047 INFO [restartedMain]org.hibernate.Version.logVersion:46 -HHH000412: Hibernate Core {5.3.10.Final}
2019-07-04 17:37:56.049 INFO [restartedMain]org.hibernate.cfg.Environment.<clinit>:213 -HHH000206: hibernate.properties not found
2019-07-04 17:37:56.161 INFO [restartedMain]org.hibernate.annotations.common.Version.<clinit>:49 -HCANN000001: Hibernate Commons Annotations {5.0.4.Final}
2019-07-04 17:37:56.307 INFO [restartedMain]org.hibernate.dialect.Dialect.<init>:157 -HHH000400: Using dialect: org.hibernate.dialect.MySQL5Dialect
2019-07-04 17:37:56.933 INFO [restartedMain]o.s.orm.jpa.LocalContainerEntityManagerFactoryBean.buildNativeEntityManagerFactory:415 -Initialized JPA EntityManagerFactory for persistence unit 'default'
2019-07-04 17:37:56.949 INFO [restartedMain]o.s.boot.devtools.autoconfigure.OptionalLiveReloadServer.startServer:57 -LiveReload server is running on port 35729
2019-07-04 17:37:57.556 INFO [restartedMain]o.s.scheduling.concurrent.ThreadPoolTaskExecutor.initialize:171 -Initializing ExecutorService 'applicationTaskExecutor'
2019-07-04 17:37:57.590 WARN [restartedMain]o.s.b.a.o.j.JpaBaseConfiguration$JpaWebConfiguration$JpaWebMvcConfiguration.openEntityManagerInViewInterceptor:225 -spring.jpa.open-in-view is enabled by default. Therefore, database queries may be performed during view rendering. Explicitly configure spring.jpa.open-in-view to disable this warning
2019-07-04 17:37:57.691 INFO [restartedMain]o.s.b.a.web.servlet.WelcomePageHandlerMapping.<init>:54 -Adding welcome page: class path resource [static/index.html]
2019-07-04 17:37:58.328 INFO [restartedMain]org.apache.coyote.http11.Http11NioProtocol.log:173 -Starting ProtocolHandler ["http-nio-8083"]
2019-07-04 17:37:58.355 INFO [restartedMain]o.s.boot.web.embedded.tomcat.TomcatWebServer.start:202 -Tomcat started on port(s): 8083 (http) with context path ''
2019-07-04 17:37:58.357 INFO [restartedMain]com.ecpss.DdiancanApplication.logStarted:59 -Started DdiancanApplication in 6.409 seconds (JVM running for 7.325)
2019-07-04 17:38:06.896 INFO [http-nio-8083-exec-1]o.a.catalina.core.ContainerBase.[Tomcat].[localhost].[/].log:173 -Initializing Spring DispatcherServlet 'dispatcherServlet'
2019-07-04 17:38:06.897 INFO [http-nio-8083-exec-1]org.springframework.web.servlet.DispatcherServlet.initServletBean:524 -Initializing Servlet 'dispatcherServlet'
2019-07-04 17:38:06.916 INFO [http-nio-8083-exec-1]org.springframework.web.servlet.DispatcherServlet.initServletBean:546 -Completed initialization in 19 ms
2019-07-04 17:43:15.457 INFO [restartedMain]com.ecpss.DdiancanApplication.logStarting:50 -Starting DdiancanApplication on xhost with PID 25252 (D:\workaddress\projectwork\ddiancan\target\classes started by Raytine in D:\workaddress\projectwork)
2019-07-04 17:43:15.461 INFO [restartedMain]com.ecpss.DdiancanApplication.logStartupProfileInfo:646 -No active profile set, falling back to default profiles: default
2019-07-04 17:43:15.567 INFO [restartedMain]o.s.b.devtools.env.DevToolsPropertyDefaultsPostProcessor.logTo:225 -Devtools property defaults active! Set 'spring.devtools.add-properties' to 'false' to disable
2019-07-04 17:43:15.572 INFO [restartedMain]o.s.b.devtools.env.DevToolsPropertyDefaultsPostProcessor.logTo:225 -For additional web related logging consider setting the 'logging.level.web' property to 'DEBUG'
2019-07-04 17:43:16.761 INFO [restartedMain]o.s.d.repository.config.RepositoryConfigurationDelegate.multipleStoresDetected:244 -Multiple Spring Data modules found, entering strict repository configuration mode!
2019-07-04 17:43:16.762 INFO [restartedMain]o.s.d.repository.config.RepositoryConfigurationDelegate.registerRepositoriesIn:126 -Bootstrapping Spring Data repositories in DEFAULT mode.
2019-07-04 17:43:16.863 INFO [restartedMain]o.s.d.repository.config.RepositoryConfigurationDelegate.registerRepositoriesIn:182 -Finished Spring Data repository scanning in 92ms. Found 1 repository interfaces.
2019-07-04 17:43:16.880 INFO [restartedMain]o.s.d.repository.config.RepositoryConfigurationDelegate.multipleStoresDetected:244 -Multiple Spring Data modules found, entering strict repository configuration mode!
2019-07-04 17:43:16.881 INFO [restartedMain]o.s.d.repository.config.RepositoryConfigurationDelegate.registerRepositoriesIn:126 -Bootstrapping Spring Data repositories in DEFAULT mode.
2019-07-04 17:43:16.906 INFO [restartedMain]o.s.d.r.config.RepositoryConfigurationExtensionSupport.isStrictRepositoryCandidate:363 -Spring Data Redis - Could not safely identify store assignment for repository candidate interface com.ecpss.service.qservice.PageResponsity.
2019-07-04 17:43:16.906 INFO [restartedMain]o.s.d.repository.config.RepositoryConfigurationDelegate.registerRepositoriesIn:182 -Finished Spring Data repository scanning in 16ms. Found 0 repository interfaces.
2019-07-04 17:43:17.329 INFO [restartedMain]o.s.c.s.PostProcessorRegistrationDelegate$BeanPostProcessorChecker.postProcessAfterInitialization:330 -Bean 'org.springframework.transaction.annotation.ProxyTransactionManagementConfiguration' of type [org.springframework.transaction.annotation.ProxyTransactionManagementConfiguration$$EnhancerBySpringCGLIB$$91856fa1] is not eligible for getting processed by all BeanPostProcessors (for example: not eligible for auto-proxying)
2019-07-04 17:43:18.047 INFO [restartedMain]o.s.boot.web.embedded.tomcat.TomcatWebServer.initialize:90 -Tomcat initialized with port(s): 8083 (http)
2019-07-04 17:43:18.073 INFO [restartedMain]org.apache.coyote.http11.Http11NioProtocol.log:173 -Initializing ProtocolHandler ["http-nio-8083"]
2019-07-04 17:43:18.084 INFO [restartedMain]org.apache.catalina.core.StandardService.log:173 -Starting service [Tomcat]
2019-07-04 17:43:18.084 INFO [restartedMain]org.apache.catalina.core.StandardEngine.log:173 -Starting Servlet engine: [Apache Tomcat/9.0.21]
2019-07-04 17:43:18.411 INFO [restartedMain]o.a.catalina.core.ContainerBase.[Tomcat].[localhost].[/].log:173 -Initializing Spring embedded WebApplicationContext
2019-07-04 17:43:18.412 INFO [restartedMain]org.springframework.web.context.ContextLoader.prepareWebApplicationContext:283 -Root WebApplicationContext: initialization completed in 2839 ms
2019-07-04 17:43:19.098 INFO [restartedMain]com.alibaba.druid.pool.DruidDataSource.init:923 -{dataSource-1} inited
2019-07-04 17:43:19.273 INFO [restartedMain]org.hibernate.jpa.internal.util.LogHelper.logPersistenceUnitInformation:31 -HHH000204: Processing PersistenceUnitInfo [
	name: default
	...]
2019-07-04 17:43:19.336 INFO [restartedMain]org.hibernate.Version.logVersion:46 -HHH000412: Hibernate Core {5.3.10.Final}
2019-07-04 17:43:19.337 INFO [restartedMain]org.hibernate.cfg.Environment.<clinit>:213 -HHH000206: hibernate.properties not found
2019-07-04 17:43:19.448 INFO [restartedMain]org.hibernate.annotations.common.Version.<clinit>:49 -HCANN000001: Hibernate Commons Annotations {5.0.4.Final}
2019-07-04 17:43:19.580 INFO [restartedMain]org.hibernate.dialect.Dialect.<init>:157 -HHH000400: Using dialect: org.hibernate.dialect.MySQL5Dialect
2019-07-04 17:43:20.511 INFO [restartedMain]o.s.orm.jpa.LocalContainerEntityManagerFactoryBean.buildNativeEntityManagerFactory:415 -Initialized JPA EntityManagerFactory for persistence unit 'default'
2019-07-04 17:43:20.534 INFO [restartedMain]o.s.boot.devtools.autoconfigure.OptionalLiveReloadServer.startServer:57 -LiveReload server is running on port 35729
2019-07-04 17:43:21.159 INFO [restartedMain]o.s.scheduling.concurrent.ThreadPoolTaskExecutor.initialize:171 -Initializing ExecutorService 'applicationTaskExecutor'
2019-07-04 17:43:21.196 WARN [restartedMain]o.s.b.a.o.j.JpaBaseConfiguration$JpaWebConfiguration$JpaWebMvcConfiguration.openEntityManagerInViewInterceptor:225 -spring.jpa.open-in-view is enabled by default. Therefore, database queries may be performed during view rendering. Explicitly configure spring.jpa.open-in-view to disable this warning
2019-07-04 17:43:21.298 INFO [restartedMain]o.s.b.a.web.servlet.WelcomePageHandlerMapping.<init>:54 -Adding welcome page: class path resource [static/index.html]
2019-07-04 17:43:21.956 INFO [restartedMain]org.apache.coyote.http11.Http11NioProtocol.log:173 -Starting ProtocolHandler ["http-nio-8083"]
2019-07-04 17:43:21.982 INFO [restartedMain]o.s.boot.web.embedded.tomcat.TomcatWebServer.start:202 -Tomcat started on port(s): 8083 (http) with context path ''
2019-07-04 17:43:21.985 INFO [restartedMain]com.ecpss.DdiancanApplication.logStarted:59 -Started DdiancanApplication in 7.131 seconds (JVM running for 8.085)
2019-07-04 17:43:38.369 INFO [http-nio-8083-exec-1]o.a.catalina.core.ContainerBase.[Tomcat].[localhost].[/].log:173 -Initializing Spring DispatcherServlet 'dispatcherServlet'
2019-07-04 17:43:38.369 INFO [http-nio-8083-exec-1]org.springframework.web.servlet.DispatcherServlet.initServletBean:524 -Initializing Servlet 'dispatcherServlet'
2019-07-04 17:43:38.379 INFO [http-nio-8083-exec-1]org.springframework.web.servlet.DispatcherServlet.initServletBean:546 -Completed initialization in 10 ms
