2019-07-20 11:07:28.281 INFO [restartedMain]com.ecpss.AvideoApplication.logStarting:50 -Starting AvideoApplication on xhost with PID 128744 (D:\workaddress\projectwork\avideo\target\classes started by Raytine in D:\workaddress\projectwork)
2019-07-20 11:07:28.297 INFO [restartedMain]com.ecpss.AvideoApplication.logStartupProfileInfo:675 -No active profile set, falling back to default profiles: default
2019-07-20 11:07:28.446 INFO [restartedMain]o.s.b.devtools.env.DevToolsPropertyDefaultsPostProcessor.logTo:227 -Devtools property defaults active! Set 'spring.devtools.add-properties' to 'false' to disable
2019-07-20 11:07:28.448 INFO [restartedMain]o.s.b.devtools.env.DevToolsPropertyDefaultsPostProcessor.logTo:227 -For additional web related logging consider setting the 'logging.level.web' property to 'DEBUG'
2019-07-20 11:07:31.561 INFO [restartedMain]o.s.d.repository.config.RepositoryConfigurationDelegate.multipleStoresDetected:244 -Multiple Spring Data modules found, entering strict repository configuration mode!
2019-07-20 11:07:31.562 INFO [restartedMain]o.s.d.repository.config.RepositoryConfigurationDelegate.registerRepositoriesIn:126 -Bootstrapping Spring Data repositories in DEFAULT mode.
2019-07-20 11:07:31.644 INFO [restartedMain]o.s.d.repository.config.RepositoryConfigurationDelegate.registerRepositoriesIn:182 -Finished Spring Data repository scanning in 40ms. Found 0 repository interfaces.
2019-07-20 11:07:31.705 INFO [restartedMain]o.s.d.repository.config.RepositoryConfigurationDelegate.multipleStoresDetected:244 -Multiple Spring Data modules found, entering strict repository configuration mode!
2019-07-20 11:07:31.725 INFO [restartedMain]o.s.d.repository.config.RepositoryConfigurationDelegate.registerRepositoriesIn:126 -Bootstrapping Spring Data repositories in DEFAULT mode.
2019-07-20 11:07:31.823 INFO [restartedMain]o.s.d.repository.config.RepositoryConfigurationDelegate.registerRepositoriesIn:182 -Finished Spring Data repository scanning in 10ms. Found 0 repository interfaces.
2019-07-20 11:07:33.150 INFO [restartedMain]o.s.c.s.PostProcessorRegistrationDelegate$BeanPostProcessorChecker.postProcessAfterInitialization:330 -Bean 'org.springframework.transaction.annotation.ProxyTransactionManagementConfiguration' of type [org.springframework.transaction.annotation.ProxyTransactionManagementConfiguration$$EnhancerBySpringCGLIB$$5026f4ef] is not eligible for getting processed by all BeanPostProcessors (for example: not eligible for auto-proxying)
2019-07-20 11:07:35.126 INFO [restartedMain]o.s.boot.web.embedded.tomcat.TomcatWebServer.initialize:90 -Tomcat initialized with port(s): 8081 (http)
2019-07-20 11:07:35.178 INFO [restartedMain]org.apache.coyote.http11.Http11NioProtocol.log:173 -Initializing ProtocolHandler ["http-nio-8081"]
2019-07-20 11:07:35.244 INFO [restartedMain]org.apache.catalina.core.StandardService.log:173 -Starting service [Tomcat]
2019-07-20 11:07:35.245 INFO [restartedMain]org.apache.catalina.core.StandardEngine.log:173 -Starting Servlet Engine: Apache Tomcat/9.0.13
2019-07-20 11:07:35.302 INFO [restartedMain]org.apache.catalina.core.AprLifecycleListener.log:173 -The APR based Apache Tomcat Native library which allows optimal performance in production environments was not found on the java.library.path: [C:\Program Files\Java\jdk1.8.0_101\bin;C:\WINDOWS\Sun\Java\bin;C:\WINDOWS\system32;C:\WINDOWS;D:\Program Files (x86)\NetSarang\Xshell 6\;D:\Program Files (x86)\NetSarang\Xftp 6\;E:\app\client\Raytine\product\12.1.0\client_1\bin;E:\app\oracleuser\product\12.1.0\dbhome_1\bin;C:\Program Files\Java\jdk1.8.0_101\bin;C:\ProgramData\Oracle\Java\javapath;C:\Program Files\Java\jdk1.7.0_04\bin;C:\Program Files\Intel\iCLS Client\;C:\Windows\system32;C:\Windows;C:\Windows\System32\Wbem;C:\Windows\System32\WindowsPowerShell\v1.0\;C:\Program Files (x86)\Intel\Intel(R) Management Engine Components\DAL;C:\Program Files\Intel\Intel(R) Management Engine Components\DAL;C:\Program Files (x86)\Intel\Intel(R) Management Engine Components\IPT;C:\Program Files\Intel\Intel(R) Management Engine Components\IPT;C:\Program Files (x86)\NVIDIA Corporation\PhysX\Common;D:\apache-maven-3.5.4-bin\apache-maven-3.5.4\bin;D:\mysql-5.6.22-winx64\bin;C:\Program Files (x86)\Microsoft SQL Server\100\Tools\Binn\;C:\Program Files\Microsoft SQL Server\100\Tools\Binn\;C:\Program Files\Microsoft SQL Server\100\DTS\Binn\;C:\Program Files (x86)\Microsoft SQL Server\100\Tools\Binn\VSShell\Common7\IDE\;C:\Program Files (x86)\Microsoft Visual Studio 9.0\Common7\IDE\PrivateAssemblies\;C:\Program Files (x86)\Microsoft SQL Server\100\DTS\Binn\;C:\WINDOWS\system32;C:\WINDOWS;C:\WINDOWS\System32\Wbem;C:\WINDOWS\System32\WindowsPowerShell\v1.0\;C:\WINDOWS\System32\OpenSSH\;E:\TOOLS\nexus-3.14.0-04-win64\nexus-3.14.0-04\bin;E:\TOOLS\gradle-5.3.1-all\gradle-5.3.1\bin;D:\Program Files\erl9.2\bin;D:\Program Files\RabbitMQ Server\rabbitmq_server-3.7.13\sbin;E:\TOOLS\gradle-5.3.1-all\gradle-5.3.1\bin;C:\Users\Raytine\AppData\Local\Microsoft\WindowsApps;;D:\Program Files (x86)\SSH Communications Security\SSH Secure Shell;.]
2019-07-20 11:07:35.666 INFO [restartedMain]o.a.catalina.core.ContainerBase.[Tomcat].[localhost].[/].log:173 -Initializing Spring embedded WebApplicationContext
2019-07-20 11:07:35.667 INFO [restartedMain]org.springframework.web.context.ContextLoader.prepareWebApplicationContext:296 -Root WebApplicationContext: initialization completed in 7219 ms
2019-07-20 11:07:36.993 INFO [restartedMain]com.alibaba.druid.pool.DruidDataSource.init:923 -{dataSource-1} inited
2019-07-20 11:07:38.307 INFO [restartedMain]org.hibernate.jpa.internal.util.LogHelper.logPersistenceUnitInformation:31 -HHH000204: Processing PersistenceUnitInfo [
	name: default
	...]
2019-07-20 11:07:38.777 INFO [restartedMain]org.hibernate.Version.logVersion:46 -HHH000412: Hibernate Core {5.3.7.Final}
2019-07-20 11:07:38.783 INFO [restartedMain]org.hibernate.cfg.Environment.<clinit>:213 -HHH000206: hibernate.properties not found
2019-07-20 11:07:39.601 INFO [restartedMain]org.hibernate.annotations.common.Version.<clinit>:49 -HCANN000001: Hibernate Commons Annotations {5.0.4.Final}
2019-07-20 11:07:43.968 INFO [restartedMain]org.hibernate.dialect.Dialect.<init>:157 -HHH000400: Using dialect: org.hibernate.dialect.MySQL5Dialect
2019-07-20 11:07:52.120 INFO [restartedMain]o.s.orm.jpa.LocalContainerEntityManagerFactoryBean.buildNativeEntityManagerFactory:415 -Initialized JPA EntityManagerFactory for persistence unit 'default'
2019-07-20 11:07:52.169 INFO [restartedMain]o.s.boot.devtools.autoconfigure.OptionalLiveReloadServer.startServer:57 -LiveReload server is running on port 35729
2019-07-20 11:07:53.996 INFO [restartedMain]o.s.scheduling.concurrent.ThreadPoolTaskExecutor.initialize:171 -Initializing ExecutorService 'applicationTaskExecutor'
2019-07-20 11:07:54.269 WARN [restartedMain]o.s.b.a.o.j.JpaBaseConfiguration$JpaWebConfiguration$JpaWebMvcConfiguration.openEntityManagerInViewInterceptor:234 -spring.jpa.open-in-view is enabled by default. Therefore, database queries may be performed during view rendering. Explicitly configure spring.jpa.open-in-view to disable this warning
2019-07-20 11:07:55.479 INFO [restartedMain]o.s.b.a.web.servlet.WelcomePageHandlerMapping.<init>:61 -Adding welcome page template: index
2019-07-20 11:08:00.150 INFO [restartedMain]org.apache.coyote.http11.Http11NioProtocol.log:173 -Starting ProtocolHandler ["http-nio-8081"]
2019-07-20 11:08:00.166 INFO [restartedMain]org.apache.tomcat.util.net.NioSelectorPool.log:173 -Using a shared selector for servlet write/read
2019-07-20 11:08:00.351 INFO [restartedMain]o.s.boot.web.embedded.tomcat.TomcatWebServer.start:204 -Tomcat started on port(s): 8081 (http) with context path ''
2019-07-20 11:08:00.381 INFO [restartedMain]com.ecpss.AvideoApplication.logStarted:59 -Started AvideoApplication in 33.286 seconds (JVM running for 36.642)
