2019-06-27 16:56:15.139 INFO [main]o.s.boot.test.context.SpringBootTestContextBootstrapper.buildDefaultMergedContextConfiguration:308 -Neither @ContextConfiguration nor @ContextHierarchy found for test class [com.ecpss.service.PayServiceTest], using SpringBootContextLoader
2019-06-27 16:56:15.153 INFO [main]o.s.test.context.support.AbstractContextLoader.generateDefaultLocations:264 -Could not detect default resource locations for test class [com.ecpss.service.PayServiceTest]: no resource found for suffixes {-context.xml, Context.groovy}.
2019-06-27 16:56:15.155 INFO [main]o.s.t.context.support.AnnotationConfigContextLoaderUtils.detectDefaultConfigurationClasses:83 -Could not detect default configuration classes for test class [com.ecpss.service.PayServiceTest]: PayServiceTest does not declare any static, non-private, non-final, nested classes annotated with @Configuration.
2019-06-27 16:56:15.928 INFO [main]o.s.boot.test.context.SpringBootTestContextBootstrapper.getOrFindConfigurationClasses:235 -Found @SpringBootConfiguration com.ecpss.DdiancanApplication for test class com.ecpss.service.PayServiceTest
2019-06-27 16:56:16.445 INFO [main]o.s.boot.test.context.SpringBootTestContextBootstrapper.getDefaultTestExecutionListenerClassNames:248 -Loaded default TestExecutionListener class names from location [META-INF/spring.factories]: [org.springframework.boot.test.mock.mockito.MockitoTestExecutionListener, org.springframework.boot.test.mock.mockito.ResetMocksTestExecutionListener, org.springframework.boot.test.autoconfigure.restdocs.RestDocsTestExecutionListener, org.springframework.boot.test.autoconfigure.web.client.MockRestServiceServerResetTestExecutionListener, org.springframework.boot.test.autoconfigure.web.servlet.MockMvcPrintOnlyOnFailureTestExecutionListener, org.springframework.boot.test.autoconfigure.web.servlet.WebDriverTestExecutionListener, org.springframework.test.context.web.ServletTestExecutionListener, org.springframework.test.context.support.DirtiesContextBeforeModesTestExecutionListener, org.springframework.test.context.support.DependencyInjectionTestExecutionListener, org.springframework.test.context.support.DirtiesContextTestExecutionListener, org.springframework.test.context.transaction.TransactionalTestExecutionListener, org.springframework.test.context.jdbc.SqlScriptsTestExecutionListener]
2019-06-27 16:56:16.529 INFO [main]o.s.boot.test.context.SpringBootTestContextBootstrapper.getTestExecutionListeners:177 -Using TestExecutionListeners: [org.springframework.test.context.web.ServletTestExecutionListener@4af0df05, org.springframework.test.context.support.DirtiesContextBeforeModesTestExecutionListener@57ea113a, org.springframework.boot.test.mock.mockito.MockitoTestExecutionListener@acdb094, org.springframework.boot.test.autoconfigure.SpringBootDependencyInjectionTestExecutionListener@674bd420, org.springframework.test.context.support.DirtiesContextTestExecutionListener@2b0f373b, org.springframework.test.context.transaction.TransactionalTestExecutionListener@2ceb80a1, org.springframework.test.context.jdbc.SqlScriptsTestExecutionListener@4b45dcb8, org.springframework.boot.test.mock.mockito.ResetMocksTestExecutionListener@7216fb24, org.springframework.boot.test.autoconfigure.restdocs.RestDocsTestExecutionListener@2072acb2, org.springframework.boot.test.autoconfigure.web.client.MockRestServiceServerResetTestExecutionListener@50ecde95, org.springframework.boot.test.autoconfigure.web.servlet.MockMvcPrintOnlyOnFailureTestExecutionListener@35a9782c, org.springframework.boot.test.autoconfigure.web.servlet.WebDriverTestExecutionListener@70a36a66]
2019-06-27 16:56:18.965 INFO [main]com.ecpss.service.PayServiceTest.logStarting:50 -Starting PayServiceTest on xhost with PID 18728 (started by Raytine in D:\workaddress\projectwork\ddiancan)
2019-06-27 16:56:18.965 INFO [main]com.ecpss.service.PayServiceTest.logStartupProfileInfo:646 -No active profile set, falling back to default profiles: default
2019-06-27 16:56:22.970 INFO [main]o.s.d.repository.config.RepositoryConfigurationDelegate.multipleStoresDetected:244 -Multiple Spring Data modules found, entering strict repository configuration mode!
2019-06-27 16:56:22.983 INFO [main]o.s.d.repository.config.RepositoryConfigurationDelegate.registerRepositoriesIn:126 -Bootstrapping Spring Data repositories in DEFAULT mode.
2019-06-27 16:56:23.495 INFO [main]o.s.d.repository.config.RepositoryConfigurationDelegate.registerRepositoriesIn:182 -Finished Spring Data repository scanning in 465ms. Found 1 repository interfaces.
2019-06-27 16:56:23.540 INFO [main]o.s.d.repository.config.RepositoryConfigurationDelegate.multipleStoresDetected:244 -Multiple Spring Data modules found, entering strict repository configuration mode!
2019-06-27 16:56:23.551 INFO [main]o.s.d.repository.config.RepositoryConfigurationDelegate.registerRepositoriesIn:126 -Bootstrapping Spring Data repositories in DEFAULT mode.
2019-06-27 16:56:23.702 INFO [main]o.s.d.r.config.RepositoryConfigurationExtensionSupport.isStrictRepositoryCandidate:363 -Spring Data Redis - Could not safely identify store assignment for repository candidate interface com.ecpss.service.qservice.PageResponsity.
2019-06-27 16:56:23.705 INFO [main]o.s.d.repository.config.RepositoryConfigurationDelegate.registerRepositoriesIn:182 -Finished Spring Data repository scanning in 87ms. Found 0 repository interfaces.
2019-06-27 16:56:25.061 INFO [main]o.s.c.s.PostProcessorRegistrationDelegate$BeanPostProcessorChecker.postProcessAfterInitialization:330 -Bean 'org.springframework.transaction.annotation.ProxyTransactionManagementConfiguration' of type [org.springframework.transaction.annotation.ProxyTransactionManagementConfiguration$$EnhancerBySpringCGLIB$$6948224d] is not eligible for getting processed by all BeanPostProcessors (for example: not eligible for auto-proxying)
2019-06-27 16:56:26.457 INFO [main]com.alibaba.druid.pool.DruidDataSource.init:923 -{dataSource-1} inited
2019-06-27 16:56:27.288 INFO [main]org.hibernate.jpa.internal.util.LogHelper.logPersistenceUnitInformation:31 -HHH000204: Processing PersistenceUnitInfo [
	name: default
	...]
2019-06-27 16:56:27.840 INFO [main]org.hibernate.Version.logVersion:46 -HHH000412: Hibernate Core {5.3.10.Final}
2019-06-27 16:56:27.842 INFO [main]org.hibernate.cfg.Environment.<clinit>:213 -HHH000206: hibernate.properties not found
2019-06-27 16:56:28.458 INFO [main]org.hibernate.annotations.common.Version.<clinit>:49 -HCANN000001: Hibernate Commons Annotations {5.0.4.Final}
2019-06-27 16:56:29.582 INFO [main]org.hibernate.dialect.Dialect.<init>:157 -HHH000400: Using dialect: org.hibernate.dialect.MySQL5Dialect
2019-06-27 16:56:33.247 INFO [main]o.s.orm.jpa.LocalContainerEntityManagerFactoryBean.buildNativeEntityManagerFactory:415 -Initialized JPA EntityManagerFactory for persistence unit 'default'
2019-06-27 16:56:37.803 INFO [main]o.s.scheduling.concurrent.ThreadPoolTaskExecutor.initialize:171 -Initializing ExecutorService 'applicationTaskExecutor'
2019-06-27 16:56:38.080 WARN [main]o.s.b.a.o.j.JpaBaseConfiguration$JpaWebConfiguration$JpaWebMvcConfiguration.openEntityManagerInViewInterceptor:225 -spring.jpa.open-in-view is enabled by default. Therefore, database queries may be performed during view rendering. Explicitly configure spring.jpa.open-in-view to disable this warning
2019-06-27 16:56:38.536 WARN [main]o.s.b.a.t.ThymeleafAutoConfiguration$DefaultTemplateResolverConfiguration.checkTemplateLocationExists:105 -Cannot find template location: classpath:/templates/ (please add some templates or check your Thymeleaf configuration)
2019-06-27 16:56:42.999 INFO [main]com.ecpss.service.PayServiceTest.logStarted:59 -Started PayServiceTest in 25.938 seconds (JVM running for 29.764)
2019-06-27 16:59:07.871 INFO [Thread-3]o.s.scheduling.concurrent.ThreadPoolTaskExecutor.shutdown:208 -Shutting down ExecutorService 'applicationTaskExecutor'
2019-06-27 16:59:07.876 INFO [Thread-3]o.s.orm.jpa.LocalContainerEntityManagerFactoryBean.destroy:597 -Closing JPA EntityManagerFactory for persistence unit 'default'
2019-06-27 16:59:07.902 INFO [Thread-3]com.alibaba.druid.pool.DruidDataSource.close:1818 -{dataSource-1} closed
2019-06-27 17:03:55.050 INFO [main]o.s.boot.test.context.SpringBootTestContextBootstrapper.buildDefaultMergedContextConfiguration:308 -Neither @ContextConfiguration nor @ContextHierarchy found for test class [com.ecpss.service.PayServiceTest], using SpringBootContextLoader
2019-06-27 17:03:55.059 INFO [main]o.s.test.context.support.AbstractContextLoader.generateDefaultLocations:264 -Could not detect default resource locations for test class [com.ecpss.service.PayServiceTest]: no resource found for suffixes {-context.xml, Context.groovy}.
2019-06-27 17:03:55.062 INFO [main]o.s.t.context.support.AnnotationConfigContextLoaderUtils.detectDefaultConfigurationClasses:83 -Could not detect default configuration classes for test class [com.ecpss.service.PayServiceTest]: PayServiceTest does not declare any static, non-private, non-final, nested classes annotated with @Configuration.
2019-06-27 17:03:55.259 INFO [main]o.s.boot.test.context.SpringBootTestContextBootstrapper.getOrFindConfigurationClasses:235 -Found @SpringBootConfiguration com.ecpss.DdiancanApplication for test class com.ecpss.service.PayServiceTest
2019-06-27 17:03:55.679 INFO [main]o.s.boot.test.context.SpringBootTestContextBootstrapper.getDefaultTestExecutionListenerClassNames:248 -Loaded default TestExecutionListener class names from location [META-INF/spring.factories]: [org.springframework.boot.test.mock.mockito.MockitoTestExecutionListener, org.springframework.boot.test.mock.mockito.ResetMocksTestExecutionListener, org.springframework.boot.test.autoconfigure.restdocs.RestDocsTestExecutionListener, org.springframework.boot.test.autoconfigure.web.client.MockRestServiceServerResetTestExecutionListener, org.springframework.boot.test.autoconfigure.web.servlet.MockMvcPrintOnlyOnFailureTestExecutionListener, org.springframework.boot.test.autoconfigure.web.servlet.WebDriverTestExecutionListener, org.springframework.test.context.web.ServletTestExecutionListener, org.springframework.test.context.support.DirtiesContextBeforeModesTestExecutionListener, org.springframework.test.context.support.DependencyInjectionTestExecutionListener, org.springframework.test.context.support.DirtiesContextTestExecutionListener, org.springframework.test.context.transaction.TransactionalTestExecutionListener, org.springframework.test.context.jdbc.SqlScriptsTestExecutionListener]
2019-06-27 17:03:55.719 INFO [main]o.s.boot.test.context.SpringBootTestContextBootstrapper.getTestExecutionListeners:177 -Using TestExecutionListeners: [org.springframework.test.context.web.ServletTestExecutionListener@3514a4c0, org.springframework.test.context.support.DirtiesContextBeforeModesTestExecutionListener@212b5695, org.springframework.boot.test.mock.mockito.MockitoTestExecutionListener@446293d, org.springframework.boot.test.autoconfigure.SpringBootDependencyInjectionTestExecutionListener@69997e9d, org.springframework.test.context.support.DirtiesContextTestExecutionListener@793be5ca, org.springframework.test.context.transaction.TransactionalTestExecutionListener@2df9b86, org.springframework.test.context.jdbc.SqlScriptsTestExecutionListener@37654521, org.springframework.boot.test.mock.mockito.ResetMocksTestExecutionListener@15aab8c6, org.springframework.boot.test.autoconfigure.restdocs.RestDocsTestExecutionListener@33990a0c, org.springframework.boot.test.autoconfigure.web.client.MockRestServiceServerResetTestExecutionListener@4de4b452, org.springframework.boot.test.autoconfigure.web.servlet.MockMvcPrintOnlyOnFailureTestExecutionListener@50b5ac82, org.springframework.boot.test.autoconfigure.web.servlet.WebDriverTestExecutionListener@101952da]
2019-06-27 17:03:56.676 INFO [main]com.ecpss.service.PayServiceTest.logStarting:50 -Starting PayServiceTest on xhost with PID 23496 (started by Raytine in D:\workaddress\projectwork\ddiancan)
2019-06-27 17:03:56.677 INFO [main]com.ecpss.service.PayServiceTest.logStartupProfileInfo:646 -No active profile set, falling back to default profiles: default
2019-06-27 17:03:58.395 INFO [main]o.s.d.repository.config.RepositoryConfigurationDelegate.multipleStoresDetected:244 -Multiple Spring Data modules found, entering strict repository configuration mode!
2019-06-27 17:03:58.397 INFO [main]o.s.d.repository.config.RepositoryConfigurationDelegate.registerRepositoriesIn:126 -Bootstrapping Spring Data repositories in DEFAULT mode.
2019-06-27 17:03:58.639 INFO [main]o.s.d.repository.config.RepositoryConfigurationDelegate.registerRepositoriesIn:182 -Finished Spring Data repository scanning in 228ms. Found 1 repository interfaces.
2019-06-27 17:03:58.667 INFO [main]o.s.d.repository.config.RepositoryConfigurationDelegate.multipleStoresDetected:244 -Multiple Spring Data modules found, entering strict repository configuration mode!
2019-06-27 17:03:58.669 INFO [main]o.s.d.repository.config.RepositoryConfigurationDelegate.registerRepositoriesIn:126 -Bootstrapping Spring Data repositories in DEFAULT mode.
2019-06-27 17:03:58.704 INFO [main]o.s.d.r.config.RepositoryConfigurationExtensionSupport.isStrictRepositoryCandidate:363 -Spring Data Redis - Could not safely identify store assignment for repository candidate interface com.ecpss.service.qservice.PageResponsity.
2019-06-27 17:03:58.707 INFO [main]o.s.d.repository.config.RepositoryConfigurationDelegate.registerRepositoriesIn:182 -Finished Spring Data repository scanning in 24ms. Found 0 repository interfaces.
2019-06-27 17:03:59.363 INFO [main]o.s.c.s.PostProcessorRegistrationDelegate$BeanPostProcessorChecker.postProcessAfterInitialization:330 -Bean 'org.springframework.transaction.annotation.ProxyTransactionManagementConfiguration' of type [org.springframework.transaction.annotation.ProxyTransactionManagementConfiguration$$EnhancerBySpringCGLIB$$333c1d5b] is not eligible for getting processed by all BeanPostProcessors (for example: not eligible for auto-proxying)
2019-06-27 17:03:59.980 INFO [main]com.alibaba.druid.pool.DruidDataSource.init:923 -{dataSource-1} inited
2019-06-27 17:04:00.375 INFO [main]org.hibernate.jpa.internal.util.LogHelper.logPersistenceUnitInformation:31 -HHH000204: Processing PersistenceUnitInfo [
	name: default
	...]
2019-06-27 17:04:00.503 INFO [main]org.hibernate.Version.logVersion:46 -HHH000412: Hibernate Core {5.3.10.Final}
2019-06-27 17:04:00.510 INFO [main]org.hibernate.cfg.Environment.<clinit>:213 -HHH000206: hibernate.properties not found
2019-06-27 17:04:00.732 INFO [main]org.hibernate.annotations.common.Version.<clinit>:49 -HCANN000001: Hibernate Commons Annotations {5.0.4.Final}
2019-06-27 17:04:01.153 INFO [main]org.hibernate.dialect.Dialect.<init>:157 -HHH000400: Using dialect: org.hibernate.dialect.MySQL5Dialect
2019-06-27 17:04:02.225 INFO [main]o.s.orm.jpa.LocalContainerEntityManagerFactoryBean.buildNativeEntityManagerFactory:415 -Initialized JPA EntityManagerFactory for persistence unit 'default'
2019-06-27 17:04:03.741 INFO [main]o.s.scheduling.concurrent.ThreadPoolTaskExecutor.initialize:171 -Initializing ExecutorService 'applicationTaskExecutor'
2019-06-27 17:04:03.970 WARN [main]o.s.b.a.o.j.JpaBaseConfiguration$JpaWebConfiguration$JpaWebMvcConfiguration.openEntityManagerInViewInterceptor:225 -spring.jpa.open-in-view is enabled by default. Therefore, database queries may be performed during view rendering. Explicitly configure spring.jpa.open-in-view to disable this warning
2019-06-27 17:04:04.168 WARN [main]o.s.b.a.t.ThymeleafAutoConfiguration$DefaultTemplateResolverConfiguration.checkTemplateLocationExists:105 -Cannot find template location: classpath:/templates/ (please add some templates or check your Thymeleaf configuration)
2019-06-27 17:04:05.397 INFO [main]com.ecpss.service.PayServiceTest.logStarted:59 -Started PayServiceTest in 9.429 seconds (JVM running for 11.524)
2019-06-27 17:04:05.550 INFO [Thread-3]o.s.scheduling.concurrent.ThreadPoolTaskExecutor.shutdown:208 -Shutting down ExecutorService 'applicationTaskExecutor'
2019-06-27 17:04:05.551 INFO [Thread-3]o.s.orm.jpa.LocalContainerEntityManagerFactoryBean.destroy:597 -Closing JPA EntityManagerFactory for persistence unit 'default'
2019-06-27 17:04:05.575 INFO [Thread-3]com.alibaba.druid.pool.DruidDataSource.close:1818 -{dataSource-1} closed
2019-06-27 17:05:36.036 INFO [main]o.s.boot.test.context.SpringBootTestContextBootstrapper.buildDefaultMergedContextConfiguration:308 -Neither @ContextConfiguration nor @ContextHierarchy found for test class [com.ecpss.service.PayServiceTest], using SpringBootContextLoader
2019-06-27 17:05:36.046 INFO [main]o.s.test.context.support.AbstractContextLoader.generateDefaultLocations:264 -Could not detect default resource locations for test class [com.ecpss.service.PayServiceTest]: no resource found for suffixes {-context.xml, Context.groovy}.
2019-06-27 17:05:36.048 INFO [main]o.s.t.context.support.AnnotationConfigContextLoaderUtils.detectDefaultConfigurationClasses:83 -Could not detect default configuration classes for test class [com.ecpss.service.PayServiceTest]: PayServiceTest does not declare any static, non-private, non-final, nested classes annotated with @Configuration.
2019-06-27 17:05:36.297 INFO [main]o.s.boot.test.context.SpringBootTestContextBootstrapper.getOrFindConfigurationClasses:235 -Found @SpringBootConfiguration com.ecpss.DdiancanApplication for test class com.ecpss.service.PayServiceTest
2019-06-27 17:05:36.886 INFO [main]o.s.boot.test.context.SpringBootTestContextBootstrapper.getDefaultTestExecutionListenerClassNames:248 -Loaded default TestExecutionListener class names from location [META-INF/spring.factories]: [org.springframework.boot.test.mock.mockito.MockitoTestExecutionListener, org.springframework.boot.test.mock.mockito.ResetMocksTestExecutionListener, org.springframework.boot.test.autoconfigure.restdocs.RestDocsTestExecutionListener, org.springframework.boot.test.autoconfigure.web.client.MockRestServiceServerResetTestExecutionListener, org.springframework.boot.test.autoconfigure.web.servlet.MockMvcPrintOnlyOnFailureTestExecutionListener, org.springframework.boot.test.autoconfigure.web.servlet.WebDriverTestExecutionListener, org.springframework.test.context.web.ServletTestExecutionListener, org.springframework.test.context.support.DirtiesContextBeforeModesTestExecutionListener, org.springframework.test.context.support.DependencyInjectionTestExecutionListener, org.springframework.test.context.support.DirtiesContextTestExecutionListener, org.springframework.test.context.transaction.TransactionalTestExecutionListener, org.springframework.test.context.jdbc.SqlScriptsTestExecutionListener]
2019-06-27 17:05:37.010 INFO [main]o.s.boot.test.context.SpringBootTestContextBootstrapper.getTestExecutionListeners:177 -Using TestExecutionListeners: [org.springframework.test.context.web.ServletTestExecutionListener@212b5695, org.springframework.test.context.support.DirtiesContextBeforeModesTestExecutionListener@446293d, org.springframework.boot.test.mock.mockito.MockitoTestExecutionListener@69997e9d, org.springframework.boot.test.autoconfigure.SpringBootDependencyInjectionTestExecutionListener@793be5ca, org.springframework.test.context.support.DirtiesContextTestExecutionListener@2df9b86, org.springframework.test.context.transaction.TransactionalTestExecutionListener@37654521, org.springframework.test.context.jdbc.SqlScriptsTestExecutionListener@15aab8c6, org.springframework.boot.test.mock.mockito.ResetMocksTestExecutionListener@33990a0c, org.springframework.boot.test.autoconfigure.restdocs.RestDocsTestExecutionListener@4de4b452, org.springframework.boot.test.autoconfigure.web.client.MockRestServiceServerResetTestExecutionListener@50b5ac82, org.springframework.boot.test.autoconfigure.web.servlet.MockMvcPrintOnlyOnFailureTestExecutionListener@101952da, org.springframework.boot.test.autoconfigure.web.servlet.WebDriverTestExecutionListener@6babf3bf]
2019-06-27 17:05:37.932 INFO [main]com.ecpss.service.PayServiceTest.logStarting:50 -Starting PayServiceTest on xhost with PID 25388 (started by Raytine in D:\workaddress\projectwork\ddiancan)
2019-06-27 17:05:37.934 INFO [main]com.ecpss.service.PayServiceTest.logStartupProfileInfo:646 -No active profile set, falling back to default profiles: default
2019-06-27 17:05:39.777 INFO [main]o.s.d.repository.config.RepositoryConfigurationDelegate.multipleStoresDetected:244 -Multiple Spring Data modules found, entering strict repository configuration mode!
2019-06-27 17:05:39.780 INFO [main]o.s.d.repository.config.RepositoryConfigurationDelegate.registerRepositoriesIn:126 -Bootstrapping Spring Data repositories in DEFAULT mode.
2019-06-27 17:05:40.024 INFO [main]o.s.d.repository.config.RepositoryConfigurationDelegate.registerRepositoriesIn:182 -Finished Spring Data repository scanning in 226ms. Found 1 repository interfaces.
2019-06-27 17:05:40.041 INFO [main]o.s.d.repository.config.RepositoryConfigurationDelegate.multipleStoresDetected:244 -Multiple Spring Data modules found, entering strict repository configuration mode!
2019-06-27 17:05:40.043 INFO [main]o.s.d.repository.config.RepositoryConfigurationDelegate.registerRepositoriesIn:126 -Bootstrapping Spring Data repositories in DEFAULT mode.
2019-06-27 17:05:40.068 INFO [main]o.s.d.r.config.RepositoryConfigurationExtensionSupport.isStrictRepositoryCandidate:363 -Spring Data Redis - Could not safely identify store assignment for repository candidate interface com.ecpss.service.qservice.PageResponsity.
2019-06-27 17:05:40.069 INFO [main]o.s.d.repository.config.RepositoryConfigurationDelegate.registerRepositoriesIn:182 -Finished Spring Data repository scanning in 16ms. Found 0 repository interfaces.
2019-06-27 17:05:40.844 INFO [main]o.s.c.s.PostProcessorRegistrationDelegate$BeanPostProcessorChecker.postProcessAfterInitialization:330 -Bean 'org.springframework.transaction.annotation.ProxyTransactionManagementConfiguration' of type [org.springframework.transaction.annotation.ProxyTransactionManagementConfiguration$$EnhancerBySpringCGLIB$$6687d0a8] is not eligible for getting processed by all BeanPostProcessors (for example: not eligible for auto-proxying)
2019-06-27 17:05:41.452 INFO [main]com.alibaba.druid.pool.DruidDataSource.init:923 -{dataSource-1} inited
2019-06-27 17:05:41.816 INFO [main]org.hibernate.jpa.internal.util.LogHelper.logPersistenceUnitInformation:31 -HHH000204: Processing PersistenceUnitInfo [
	name: default
	...]
2019-06-27 17:05:41.934 INFO [main]org.hibernate.Version.logVersion:46 -HHH000412: Hibernate Core {5.3.10.Final}
2019-06-27 17:05:41.940 INFO [main]org.hibernate.cfg.Environment.<clinit>:213 -HHH000206: hibernate.properties not found
2019-06-27 17:05:42.183 INFO [main]org.hibernate.annotations.common.Version.<clinit>:49 -HCANN000001: Hibernate Commons Annotations {5.0.4.Final}
2019-06-27 17:05:42.615 INFO [main]org.hibernate.dialect.Dialect.<init>:157 -HHH000400: Using dialect: org.hibernate.dialect.MySQL5Dialect
2019-06-27 17:05:43.610 INFO [main]o.s.orm.jpa.LocalContainerEntityManagerFactoryBean.buildNativeEntityManagerFactory:415 -Initialized JPA EntityManagerFactory for persistence unit 'default'
2019-06-27 17:05:45.266 INFO [main]o.s.scheduling.concurrent.ThreadPoolTaskExecutor.initialize:171 -Initializing ExecutorService 'applicationTaskExecutor'
2019-06-27 17:05:45.526 WARN [main]o.s.b.a.o.j.JpaBaseConfiguration$JpaWebConfiguration$JpaWebMvcConfiguration.openEntityManagerInViewInterceptor:225 -spring.jpa.open-in-view is enabled by default. Therefore, database queries may be performed during view rendering. Explicitly configure spring.jpa.open-in-view to disable this warning
2019-06-27 17:05:45.702 WARN [main]o.s.b.a.t.ThymeleafAutoConfiguration$DefaultTemplateResolverConfiguration.checkTemplateLocationExists:105 -Cannot find template location: classpath:/templates/ (please add some templates or check your Thymeleaf configuration)
2019-06-27 17:05:46.942 INFO [main]com.ecpss.service.PayServiceTest.logStarted:59 -Started PayServiceTest in 9.635 seconds (JVM running for 12.001)
2019-06-27 17:05:47.187 INFO [main]o.hibernate.hql.internal.QueryTranslatorFactoryInitiator.initiateService:47 -HHH000397: Using ASTQueryTranslatorFactory
2019-06-27 17:05:47.664 INFO [Thread-3]o.s.scheduling.concurrent.ThreadPoolTaskExecutor.shutdown:208 -Shutting down ExecutorService 'applicationTaskExecutor'
2019-06-27 17:05:47.666 INFO [Thread-3]o.s.orm.jpa.LocalContainerEntityManagerFactoryBean.destroy:597 -Closing JPA EntityManagerFactory for persistence unit 'default'
2019-06-27 17:05:47.685 INFO [Thread-3]com.alibaba.druid.pool.DruidDataSource.close:1818 -{dataSource-1} closed
2019-06-27 17:06:43.546 INFO [main]o.s.boot.test.context.SpringBootTestContextBootstrapper.buildDefaultMergedContextConfiguration:308 -Neither @ContextConfiguration nor @ContextHierarchy found for test class [com.ecpss.service.PayServiceTest], using SpringBootContextLoader
2019-06-27 17:06:43.557 INFO [main]o.s.test.context.support.AbstractContextLoader.generateDefaultLocations:264 -Could not detect default resource locations for test class [com.ecpss.service.PayServiceTest]: no resource found for suffixes {-context.xml, Context.groovy}.
2019-06-27 17:06:43.567 INFO [main]o.s.t.context.support.AnnotationConfigContextLoaderUtils.detectDefaultConfigurationClasses:83 -Could not detect default configuration classes for test class [com.ecpss.service.PayServiceTest]: PayServiceTest does not declare any static, non-private, non-final, nested classes annotated with @Configuration.
2019-06-27 17:06:43.822 INFO [main]o.s.boot.test.context.SpringBootTestContextBootstrapper.getOrFindConfigurationClasses:235 -Found @SpringBootConfiguration com.ecpss.DdiancanApplication for test class com.ecpss.service.PayServiceTest
2019-06-27 17:06:44.192 INFO [main]o.s.boot.test.context.SpringBootTestContextBootstrapper.getDefaultTestExecutionListenerClassNames:248 -Loaded default TestExecutionListener class names from location [META-INF/spring.factories]: [org.springframework.boot.test.mock.mockito.MockitoTestExecutionListener, org.springframework.boot.test.mock.mockito.ResetMocksTestExecutionListener, org.springframework.boot.test.autoconfigure.restdocs.RestDocsTestExecutionListener, org.springframework.boot.test.autoconfigure.web.client.MockRestServiceServerResetTestExecutionListener, org.springframework.boot.test.autoconfigure.web.servlet.MockMvcPrintOnlyOnFailureTestExecutionListener, org.springframework.boot.test.autoconfigure.web.servlet.WebDriverTestExecutionListener, org.springframework.test.context.web.ServletTestExecutionListener, org.springframework.test.context.support.DirtiesContextBeforeModesTestExecutionListener, org.springframework.test.context.support.DependencyInjectionTestExecutionListener, org.springframework.test.context.support.DirtiesContextTestExecutionListener, org.springframework.test.context.transaction.TransactionalTestExecutionListener, org.springframework.test.context.jdbc.SqlScriptsTestExecutionListener]
2019-06-27 17:06:44.225 INFO [main]o.s.boot.test.context.SpringBootTestContextBootstrapper.getTestExecutionListeners:177 -Using TestExecutionListeners: [org.springframework.test.context.web.ServletTestExecutionListener@212b5695, org.springframework.test.context.support.DirtiesContextBeforeModesTestExecutionListener@446293d, org.springframework.boot.test.mock.mockito.MockitoTestExecutionListener@69997e9d, org.springframework.boot.test.autoconfigure.SpringBootDependencyInjectionTestExecutionListener@793be5ca, org.springframework.test.context.support.DirtiesContextTestExecutionListener@2df9b86, org.springframework.test.context.transaction.TransactionalTestExecutionListener@37654521, org.springframework.test.context.jdbc.SqlScriptsTestExecutionListener@15aab8c6, org.springframework.boot.test.mock.mockito.ResetMocksTestExecutionListener@33990a0c, org.springframework.boot.test.autoconfigure.restdocs.RestDocsTestExecutionListener@4de4b452, org.springframework.boot.test.autoconfigure.web.client.MockRestServiceServerResetTestExecutionListener@50b5ac82, org.springframework.boot.test.autoconfigure.web.servlet.MockMvcPrintOnlyOnFailureTestExecutionListener@101952da, org.springframework.boot.test.autoconfigure.web.servlet.WebDriverTestExecutionListener@6babf3bf]
2019-06-27 17:06:45.305 INFO [main]com.ecpss.service.PayServiceTest.logStarting:50 -Starting PayServiceTest on xhost with PID 23796 (started by Raytine in D:\workaddress\projectwork\ddiancan)
2019-06-27 17:06:45.306 INFO [main]com.ecpss.service.PayServiceTest.logStartupProfileInfo:646 -No active profile set, falling back to default profiles: default
2019-06-27 17:06:47.061 INFO [main]o.s.d.repository.config.RepositoryConfigurationDelegate.multipleStoresDetected:244 -Multiple Spring Data modules found, entering strict repository configuration mode!
2019-06-27 17:06:47.065 INFO [main]o.s.d.repository.config.RepositoryConfigurationDelegate.registerRepositoriesIn:126 -Bootstrapping Spring Data repositories in DEFAULT mode.
2019-06-27 17:06:47.342 INFO [main]o.s.d.repository.config.RepositoryConfigurationDelegate.registerRepositoriesIn:182 -Finished Spring Data repository scanning in 267ms. Found 1 repository interfaces.
2019-06-27 17:06:47.361 INFO [main]o.s.d.repository.config.RepositoryConfigurationDelegate.multipleStoresDetected:244 -Multiple Spring Data modules found, entering strict repository configuration mode!
2019-06-27 17:06:47.362 INFO [main]o.s.d.repository.config.RepositoryConfigurationDelegate.registerRepositoriesIn:126 -Bootstrapping Spring Data repositories in DEFAULT mode.
2019-06-27 17:06:47.397 INFO [main]o.s.d.r.config.RepositoryConfigurationExtensionSupport.isStrictRepositoryCandidate:363 -Spring Data Redis - Could not safely identify store assignment for repository candidate interface com.ecpss.service.qservice.PageResponsity.
2019-06-27 17:06:47.397 INFO [main]o.s.d.repository.config.RepositoryConfigurationDelegate.registerRepositoriesIn:182 -Finished Spring Data repository scanning in 20ms. Found 0 repository interfaces.
2019-06-27 17:06:48.048 INFO [main]o.s.c.s.PostProcessorRegistrationDelegate$BeanPostProcessorChecker.postProcessAfterInitialization:330 -Bean 'org.springframework.transaction.annotation.ProxyTransactionManagementConfiguration' of type [org.springframework.transaction.annotation.ProxyTransactionManagementConfiguration$$EnhancerBySpringCGLIB$$333c1d5b] is not eligible for getting processed by all BeanPostProcessors (for example: not eligible for auto-proxying)
2019-06-27 17:06:48.642 INFO [main]com.alibaba.druid.pool.DruidDataSource.init:923 -{dataSource-1} inited
2019-06-27 17:06:48.971 INFO [main]org.hibernate.jpa.internal.util.LogHelper.logPersistenceUnitInformation:31 -HHH000204: Processing PersistenceUnitInfo [
	name: default
	...]
2019-06-27 17:06:49.067 INFO [main]org.hibernate.Version.logVersion:46 -HHH000412: Hibernate Core {5.3.10.Final}
2019-06-27 17:06:49.069 INFO [main]org.hibernate.cfg.Environment.<clinit>:213 -HHH000206: hibernate.properties not found
2019-06-27 17:06:49.271 INFO [main]org.hibernate.annotations.common.Version.<clinit>:49 -HCANN000001: Hibernate Commons Annotations {5.0.4.Final}
2019-06-27 17:06:49.733 INFO [main]org.hibernate.dialect.Dialect.<init>:157 -HHH000400: Using dialect: org.hibernate.dialect.MySQL5Dialect
2019-06-27 17:06:50.686 INFO [main]o.s.orm.jpa.LocalContainerEntityManagerFactoryBean.buildNativeEntityManagerFactory:415 -Initialized JPA EntityManagerFactory for persistence unit 'default'
2019-06-27 17:06:52.271 INFO [main]o.s.scheduling.concurrent.ThreadPoolTaskExecutor.initialize:171 -Initializing ExecutorService 'applicationTaskExecutor'
2019-06-27 17:06:52.539 WARN [main]o.s.b.a.o.j.JpaBaseConfiguration$JpaWebConfiguration$JpaWebMvcConfiguration.openEntityManagerInViewInterceptor:225 -spring.jpa.open-in-view is enabled by default. Therefore, database queries may be performed during view rendering. Explicitly configure spring.jpa.open-in-view to disable this warning
2019-06-27 17:06:52.714 WARN [main]o.s.b.a.t.ThymeleafAutoConfiguration$DefaultTemplateResolverConfiguration.checkTemplateLocationExists:105 -Cannot find template location: classpath:/templates/ (please add some templates or check your Thymeleaf configuration)
2019-06-27 17:06:54.161 INFO [main]com.ecpss.service.PayServiceTest.logStarted:59 -Started PayServiceTest in 9.781 seconds (JVM running for 11.777)
2019-06-27 17:06:54.297 INFO [main]o.hibernate.hql.internal.QueryTranslatorFactoryInitiator.initiateService:47 -HHH000397: Using ASTQueryTranslatorFactory
2019-06-27 17:06:54.510 INFO [Thread-3]o.s.scheduling.concurrent.ThreadPoolTaskExecutor.shutdown:208 -Shutting down ExecutorService 'applicationTaskExecutor'
2019-06-27 17:06:54.511 INFO [Thread-3]o.s.orm.jpa.LocalContainerEntityManagerFactoryBean.destroy:597 -Closing JPA EntityManagerFactory for persistence unit 'default'
2019-06-27 17:06:54.533 INFO [Thread-3]com.alibaba.druid.pool.DruidDataSource.close:1818 -{dataSource-1} closed
2019-06-27 17:07:44.838 INFO [main]o.s.boot.test.context.SpringBootTestContextBootstrapper.buildDefaultMergedContextConfiguration:308 -Neither @ContextConfiguration nor @ContextHierarchy found for test class [com.ecpss.service.PayServiceTest], using SpringBootContextLoader
2019-06-27 17:07:44.845 INFO [main]o.s.test.context.support.AbstractContextLoader.generateDefaultLocations:264 -Could not detect default resource locations for test class [com.ecpss.service.PayServiceTest]: no resource found for suffixes {-context.xml, Context.groovy}.
2019-06-27 17:07:44.846 INFO [main]o.s.t.context.support.AnnotationConfigContextLoaderUtils.detectDefaultConfigurationClasses:83 -Could not detect default configuration classes for test class [com.ecpss.service.PayServiceTest]: PayServiceTest does not declare any static, non-private, non-final, nested classes annotated with @Configuration.
2019-06-27 17:07:45.111 INFO [main]o.s.boot.test.context.SpringBootTestContextBootstrapper.getOrFindConfigurationClasses:235 -Found @SpringBootConfiguration com.ecpss.DdiancanApplication for test class com.ecpss.service.PayServiceTest
2019-06-27 17:07:45.556 INFO [main]o.s.boot.test.context.SpringBootTestContextBootstrapper.getDefaultTestExecutionListenerClassNames:248 -Loaded default TestExecutionListener class names from location [META-INF/spring.factories]: [org.springframework.boot.test.mock.mockito.MockitoTestExecutionListener, org.springframework.boot.test.mock.mockito.ResetMocksTestExecutionListener, org.springframework.boot.test.autoconfigure.restdocs.RestDocsTestExecutionListener, org.springframework.boot.test.autoconfigure.web.client.MockRestServiceServerResetTestExecutionListener, org.springframework.boot.test.autoconfigure.web.servlet.MockMvcPrintOnlyOnFailureTestExecutionListener, org.springframework.boot.test.autoconfigure.web.servlet.WebDriverTestExecutionListener, org.springframework.test.context.web.ServletTestExecutionListener, org.springframework.test.context.support.DirtiesContextBeforeModesTestExecutionListener, org.springframework.test.context.support.DependencyInjectionTestExecutionListener, org.springframework.test.context.support.DirtiesContextTestExecutionListener, org.springframework.test.context.transaction.TransactionalTestExecutionListener, org.springframework.test.context.jdbc.SqlScriptsTestExecutionListener]
2019-06-27 17:07:45.588 INFO [main]o.s.boot.test.context.SpringBootTestContextBootstrapper.getTestExecutionListeners:177 -Using TestExecutionListeners: [org.springframework.test.context.web.ServletTestExecutionListener@212b5695, org.springframework.test.context.support.DirtiesContextBeforeModesTestExecutionListener@446293d, org.springframework.boot.test.mock.mockito.MockitoTestExecutionListener@69997e9d, org.springframework.boot.test.autoconfigure.SpringBootDependencyInjectionTestExecutionListener@793be5ca, org.springframework.test.context.support.DirtiesContextTestExecutionListener@2df9b86, org.springframework.test.context.transaction.TransactionalTestExecutionListener@37654521, org.springframework.test.context.jdbc.SqlScriptsTestExecutionListener@15aab8c6, org.springframework.boot.test.mock.mockito.ResetMocksTestExecutionListener@33990a0c, org.springframework.boot.test.autoconfigure.restdocs.RestDocsTestExecutionListener@4de4b452, org.springframework.boot.test.autoconfigure.web.client.MockRestServiceServerResetTestExecutionListener@50b5ac82, org.springframework.boot.test.autoconfigure.web.servlet.MockMvcPrintOnlyOnFailureTestExecutionListener@101952da, org.springframework.boot.test.autoconfigure.web.servlet.WebDriverTestExecutionListener@6babf3bf]
2019-06-27 17:07:46.571 INFO [main]com.ecpss.service.PayServiceTest.logStarting:50 -Starting PayServiceTest on xhost with PID 24736 (started by Raytine in D:\workaddress\projectwork\ddiancan)
2019-06-27 17:07:46.572 INFO [main]com.ecpss.service.PayServiceTest.logStartupProfileInfo:646 -No active profile set, falling back to default profiles: default
2019-06-27 17:07:48.353 INFO [main]o.s.d.repository.config.RepositoryConfigurationDelegate.multipleStoresDetected:244 -Multiple Spring Data modules found, entering strict repository configuration mode!
2019-06-27 17:07:48.355 INFO [main]o.s.d.repository.config.RepositoryConfigurationDelegate.registerRepositoriesIn:126 -Bootstrapping Spring Data repositories in DEFAULT mode.
2019-06-27 17:07:48.604 INFO [main]o.s.d.repository.config.RepositoryConfigurationDelegate.registerRepositoriesIn:182 -Finished Spring Data repository scanning in 235ms. Found 1 repository interfaces.
2019-06-27 17:07:48.642 INFO [main]o.s.d.repository.config.RepositoryConfigurationDelegate.multipleStoresDetected:244 -Multiple Spring Data modules found, entering strict repository configuration mode!
2019-06-27 17:07:48.644 INFO [main]o.s.d.repository.config.RepositoryConfigurationDelegate.registerRepositoriesIn:126 -Bootstrapping Spring Data repositories in DEFAULT mode.
2019-06-27 17:07:48.676 INFO [main]o.s.d.r.config.RepositoryConfigurationExtensionSupport.isStrictRepositoryCandidate:363 -Spring Data Redis - Could not safely identify store assignment for repository candidate interface com.ecpss.service.qservice.PageResponsity.
2019-06-27 17:07:48.676 INFO [main]o.s.d.repository.config.RepositoryConfigurationDelegate.registerRepositoriesIn:182 -Finished Spring Data repository scanning in 18ms. Found 0 repository interfaces.
2019-06-27 17:07:49.367 INFO [main]o.s.c.s.PostProcessorRegistrationDelegate$BeanPostProcessorChecker.postProcessAfterInitialization:330 -Bean 'org.springframework.transaction.annotation.ProxyTransactionManagementConfiguration' of type [org.springframework.transaction.annotation.ProxyTransactionManagementConfiguration$$EnhancerBySpringCGLIB$$9686d17c] is not eligible for getting processed by all BeanPostProcessors (for example: not eligible for auto-proxying)
2019-06-27 17:07:49.993 INFO [main]com.alibaba.druid.pool.DruidDataSource.init:923 -{dataSource-1} inited
2019-06-27 17:07:50.369 INFO [main]org.hibernate.jpa.internal.util.LogHelper.logPersistenceUnitInformation:31 -HHH000204: Processing PersistenceUnitInfo [
	name: default
	...]
2019-06-27 17:07:50.496 INFO [main]org.hibernate.Version.logVersion:46 -HHH000412: Hibernate Core {5.3.10.Final}
2019-06-27 17:07:50.499 INFO [main]org.hibernate.cfg.Environment.<clinit>:213 -HHH000206: hibernate.properties not found
2019-06-27 17:07:50.733 INFO [main]org.hibernate.annotations.common.Version.<clinit>:49 -HCANN000001: Hibernate Commons Annotations {5.0.4.Final}
2019-06-27 17:07:51.199 INFO [main]org.hibernate.dialect.Dialect.<init>:157 -HHH000400: Using dialect: org.hibernate.dialect.MySQL5Dialect
2019-06-27 17:07:52.179 INFO [main]o.s.orm.jpa.LocalContainerEntityManagerFactoryBean.buildNativeEntityManagerFactory:415 -Initialized JPA EntityManagerFactory for persistence unit 'default'
2019-06-27 17:07:53.742 INFO [main]o.s.scheduling.concurrent.ThreadPoolTaskExecutor.initialize:171 -Initializing ExecutorService 'applicationTaskExecutor'
2019-06-27 17:07:53.997 WARN [main]o.s.b.a.o.j.JpaBaseConfiguration$JpaWebConfiguration$JpaWebMvcConfiguration.openEntityManagerInViewInterceptor:225 -spring.jpa.open-in-view is enabled by default. Therefore, database queries may be performed during view rendering. Explicitly configure spring.jpa.open-in-view to disable this warning
2019-06-27 17:07:54.242 WARN [main]o.s.b.a.t.ThymeleafAutoConfiguration$DefaultTemplateResolverConfiguration.checkTemplateLocationExists:105 -Cannot find template location: classpath:/templates/ (please add some templates or check your Thymeleaf configuration)
2019-06-27 17:07:55.571 INFO [main]com.ecpss.service.PayServiceTest.logStarted:59 -Started PayServiceTest in 9.838 seconds (JVM running for 11.971)
2019-06-27 17:07:55.716 INFO [main]o.hibernate.hql.internal.QueryTranslatorFactoryInitiator.initiateService:47 -HHH000397: Using ASTQueryTranslatorFactory
2019-06-27 17:07:55.985 INFO [main]com.ecpss.service.impl.PayServiceImpl.create:31 -【微信支付】发起支付, request={
  "payTypeEnum": "WXPAY_H5",
  "orderId": "1",
  "orderAmount": 123.0,
  "orderName": "微信点餐"
}
2019-06-27 17:07:56.780 INFO [main]okhttp3.OkHttpClient.log:129 ---> POST https://api.mch.weixin.qq.com/pay/unifiedorder http/1.1
2019-06-27 17:07:56.782 INFO [main]okhttp3.OkHttpClient.log:129 -Content-Type: application/xml; charset=utf-8
2019-06-27 17:07:56.782 INFO [main]okhttp3.OkHttpClient.log:129 -Content-Length: 194
2019-06-27 17:07:56.784 INFO [main]okhttp3.OkHttpClient.log:129 -
2019-06-27 17:07:56.784 INFO [main]okhttp3.OkHttpClient.log:129 -<xml>
   <appid>wxd898fcb01713c658</appid>
   <mch_id>1483469312</mch_id>
   <nonce_str>43CIz406gzFxKkoN</nonce_str>
   <sign>214FAE4E6618F7AEE36FC5E861AF5258</sign>
   <body>微信点餐</body>
2019-06-27 17:07:56.784 INFO [main]okhttp3.OkHttpClient.log:129 ---> END POST (194-byte body)
2019-06-27 17:07:57.148 INFO [main]okhttp3.OkHttpClient.log:129 -<-- 200 OK https://api.mch.weixin.qq.com/pay/unifiedorder (362ms)
2019-06-27 17:07:57.149 INFO [main]okhttp3.OkHttpClient.log:129 -Server: nginx
2019-06-27 17:07:57.150 INFO [main]okhttp3.OkHttpClient.log:129 -Date: Thu, 27 Jun 2019 09:07:54 GMT
2019-06-27 17:07:57.150 INFO [main]okhttp3.OkHttpClient.log:129 -Content-Type: text/plain
2019-06-27 17:07:57.151 INFO [main]okhttp3.OkHttpClient.log:129 -Content-Length: 106
2019-06-27 17:07:57.152 INFO [main]okhttp3.OkHttpClient.log:129 -Connection: keep-alive
2019-06-27 17:07:57.153 INFO [main]okhttp3.OkHttpClient.log:129 -Keep-Alive: timeout=8
2019-06-27 17:07:57.154 INFO [main]okhttp3.OkHttpClient.log:129 -
2019-06-27 17:07:57.155 INFO [main]okhttp3.OkHttpClient.log:129 -<xml><return_code><![CDATA[FAIL]]></return_code><return_msg><![CDATA[XML格式错误]]></return_msg></xml>
2019-06-27 17:07:57.156 INFO [main]okhttp3.OkHttpClient.log:129 -<-- END HTTP (106-byte body)
2019-06-27 17:07:57.303 INFO [Thread-3]o.s.scheduling.concurrent.ThreadPoolTaskExecutor.shutdown:208 -Shutting down ExecutorService 'applicationTaskExecutor'
2019-06-27 17:07:57.307 INFO [Thread-3]o.s.orm.jpa.LocalContainerEntityManagerFactoryBean.destroy:597 -Closing JPA EntityManagerFactory for persistence unit 'default'
2019-06-27 17:07:57.325 INFO [Thread-3]com.alibaba.druid.pool.DruidDataSource.close:1818 -{dataSource-1} closed
2019-06-27 17:09:21.173 INFO [main]o.s.boot.test.context.SpringBootTestContextBootstrapper.buildDefaultMergedContextConfiguration:308 -Neither @ContextConfiguration nor @ContextHierarchy found for test class [com.ecpss.service.PayServiceTest], using SpringBootContextLoader
2019-06-27 17:09:21.183 INFO [main]o.s.test.context.support.AbstractContextLoader.generateDefaultLocations:264 -Could not detect default resource locations for test class [com.ecpss.service.PayServiceTest]: no resource found for suffixes {-context.xml, Context.groovy}.
2019-06-27 17:09:21.184 INFO [main]o.s.t.context.support.AnnotationConfigContextLoaderUtils.detectDefaultConfigurationClasses:83 -Could not detect default configuration classes for test class [com.ecpss.service.PayServiceTest]: PayServiceTest does not declare any static, non-private, non-final, nested classes annotated with @Configuration.
2019-06-27 17:09:21.415 INFO [main]o.s.boot.test.context.SpringBootTestContextBootstrapper.getOrFindConfigurationClasses:235 -Found @SpringBootConfiguration com.ecpss.DdiancanApplication for test class com.ecpss.service.PayServiceTest
2019-06-27 17:09:21.866 INFO [main]o.s.boot.test.context.SpringBootTestContextBootstrapper.getDefaultTestExecutionListenerClassNames:248 -Loaded default TestExecutionListener class names from location [META-INF/spring.factories]: [org.springframework.boot.test.mock.mockito.MockitoTestExecutionListener, org.springframework.boot.test.mock.mockito.ResetMocksTestExecutionListener, org.springframework.boot.test.autoconfigure.restdocs.RestDocsTestExecutionListener, org.springframework.boot.test.autoconfigure.web.client.MockRestServiceServerResetTestExecutionListener, org.springframework.boot.test.autoconfigure.web.servlet.MockMvcPrintOnlyOnFailureTestExecutionListener, org.springframework.boot.test.autoconfigure.web.servlet.WebDriverTestExecutionListener, org.springframework.test.context.web.ServletTestExecutionListener, org.springframework.test.context.support.DirtiesContextBeforeModesTestExecutionListener, org.springframework.test.context.support.DependencyInjectionTestExecutionListener, org.springframework.test.context.support.DirtiesContextTestExecutionListener, org.springframework.test.context.transaction.TransactionalTestExecutionListener, org.springframework.test.context.jdbc.SqlScriptsTestExecutionListener]
2019-06-27 17:09:21.928 INFO [main]o.s.boot.test.context.SpringBootTestContextBootstrapper.getTestExecutionListeners:177 -Using TestExecutionListeners: [org.springframework.test.context.web.ServletTestExecutionListener@212b5695, org.springframework.test.context.support.DirtiesContextBeforeModesTestExecutionListener@446293d, org.springframework.boot.test.mock.mockito.MockitoTestExecutionListener@69997e9d, org.springframework.boot.test.autoconfigure.SpringBootDependencyInjectionTestExecutionListener@793be5ca, org.springframework.test.context.support.DirtiesContextTestExecutionListener@2df9b86, org.springframework.test.context.transaction.TransactionalTestExecutionListener@37654521, org.springframework.test.context.jdbc.SqlScriptsTestExecutionListener@15aab8c6, org.springframework.boot.test.mock.mockito.ResetMocksTestExecutionListener@33990a0c, org.springframework.boot.test.autoconfigure.restdocs.RestDocsTestExecutionListener@4de4b452, org.springframework.boot.test.autoconfigure.web.client.MockRestServiceServerResetTestExecutionListener@50b5ac82, org.springframework.boot.test.autoconfigure.web.servlet.MockMvcPrintOnlyOnFailureTestExecutionListener@101952da, org.springframework.boot.test.autoconfigure.web.servlet.WebDriverTestExecutionListener@6babf3bf]
2019-06-27 17:09:23.012 INFO [main]com.ecpss.service.PayServiceTest.logStarting:50 -Starting PayServiceTest on xhost with PID 22608 (started by Raytine in D:\workaddress\projectwork\ddiancan)
2019-06-27 17:09:23.014 INFO [main]com.ecpss.service.PayServiceTest.logStartupProfileInfo:646 -No active profile set, falling back to default profiles: default
2019-06-27 17:09:24.724 INFO [main]o.s.d.repository.config.RepositoryConfigurationDelegate.multipleStoresDetected:244 -Multiple Spring Data modules found, entering strict repository configuration mode!
2019-06-27 17:09:24.727 INFO [main]o.s.d.repository.config.RepositoryConfigurationDelegate.registerRepositoriesIn:126 -Bootstrapping Spring Data repositories in DEFAULT mode.
2019-06-27 17:09:24.997 INFO [main]o.s.d.repository.config.RepositoryConfigurationDelegate.registerRepositoriesIn:182 -Finished Spring Data repository scanning in 248ms. Found 1 repository interfaces.
2019-06-27 17:09:25.018 INFO [main]o.s.d.repository.config.RepositoryConfigurationDelegate.multipleStoresDetected:244 -Multiple Spring Data modules found, entering strict repository configuration mode!
2019-06-27 17:09:25.021 INFO [main]o.s.d.repository.config.RepositoryConfigurationDelegate.registerRepositoriesIn:126 -Bootstrapping Spring Data repositories in DEFAULT mode.
2019-06-27 17:09:25.055 INFO [main]o.s.d.r.config.RepositoryConfigurationExtensionSupport.isStrictRepositoryCandidate:363 -Spring Data Redis - Could not safely identify store assignment for repository candidate interface com.ecpss.service.qservice.PageResponsity.
2019-06-27 17:09:25.055 INFO [main]o.s.d.repository.config.RepositoryConfigurationDelegate.registerRepositoriesIn:182 -Finished Spring Data repository scanning in 21ms. Found 0 repository interfaces.
2019-06-27 17:09:25.685 INFO [main]o.s.c.s.PostProcessorRegistrationDelegate$BeanPostProcessorChecker.postProcessAfterInitialization:330 -Bean 'org.springframework.transaction.annotation.ProxyTransactionManagementConfiguration' of type [org.springframework.transaction.annotation.ProxyTransactionManagementConfiguration$$EnhancerBySpringCGLIB$$34bf3097] is not eligible for getting processed by all BeanPostProcessors (for example: not eligible for auto-proxying)
2019-06-27 17:09:26.331 INFO [main]com.alibaba.druid.pool.DruidDataSource.init:923 -{dataSource-1} inited
2019-06-27 17:09:26.645 INFO [main]org.hibernate.jpa.internal.util.LogHelper.logPersistenceUnitInformation:31 -HHH000204: Processing PersistenceUnitInfo [
	name: default
	...]
2019-06-27 17:09:26.744 INFO [main]org.hibernate.Version.logVersion:46 -HHH000412: Hibernate Core {5.3.10.Final}
2019-06-27 17:09:26.746 INFO [main]org.hibernate.cfg.Environment.<clinit>:213 -HHH000206: hibernate.properties not found
2019-06-27 17:09:26.957 INFO [main]org.hibernate.annotations.common.Version.<clinit>:49 -HCANN000001: Hibernate Commons Annotations {5.0.4.Final}
2019-06-27 17:09:27.420 INFO [main]org.hibernate.dialect.Dialect.<init>:157 -HHH000400: Using dialect: org.hibernate.dialect.MySQL5Dialect
2019-06-27 17:09:28.592 INFO [main]o.s.orm.jpa.LocalContainerEntityManagerFactoryBean.buildNativeEntityManagerFactory:415 -Initialized JPA EntityManagerFactory for persistence unit 'default'
2019-06-27 17:09:30.161 INFO [main]o.s.scheduling.concurrent.ThreadPoolTaskExecutor.initialize:171 -Initializing ExecutorService 'applicationTaskExecutor'
2019-06-27 17:09:30.418 WARN [main]o.s.b.a.o.j.JpaBaseConfiguration$JpaWebConfiguration$JpaWebMvcConfiguration.openEntityManagerInViewInterceptor:225 -spring.jpa.open-in-view is enabled by default. Therefore, database queries may be performed during view rendering. Explicitly configure spring.jpa.open-in-view to disable this warning
2019-06-27 17:09:30.712 WARN [main]o.s.b.a.t.ThymeleafAutoConfiguration$DefaultTemplateResolverConfiguration.checkTemplateLocationExists:105 -Cannot find template location: classpath:/templates/ (please add some templates or check your Thymeleaf configuration)
2019-06-27 17:09:31.985 INFO [main]com.ecpss.service.PayServiceTest.logStarted:59 -Started PayServiceTest in 9.851 seconds (JVM running for 11.854)
2019-06-27 17:09:32.119 INFO [main]o.hibernate.hql.internal.QueryTranslatorFactoryInitiator.initiateService:47 -HHH000397: Using ASTQueryTranslatorFactory
2019-06-27 17:09:32.334 INFO [main]com.ecpss.service.impl.PayServiceImpl.create:31 -【微信支付】发起支付, request={
  "payTypeEnum": "WXPAY_H5",
  "orderId": "1",
  "orderAmount": 123.0,
  "orderName": "微信点餐"
}
2019-06-27 17:09:32.741 INFO [main]okhttp3.OkHttpClient.log:129 ---> POST https://api.mch.weixin.qq.com/pay/unifiedorder http/1.1
2019-06-27 17:09:32.742 INFO [main]okhttp3.OkHttpClient.log:129 -Content-Type: application/xml; charset=utf-8
2019-06-27 17:09:32.742 INFO [main]okhttp3.OkHttpClient.log:129 -Content-Length: 194
2019-06-27 17:09:32.743 INFO [main]okhttp3.OkHttpClient.log:129 -
2019-06-27 17:09:32.744 INFO [main]okhttp3.OkHttpClient.log:129 -<xml>
   <appid>wxd898fcb01713c658</appid>
   <mch_id>1483469312</mch_id>
   <nonce_str>wxI6wZals8HHipPp</nonce_str>
   <sign>98A3A202B462BF24188E50DE7096AAF5</sign>
   <body>微信点餐</body>
2019-06-27 17:09:32.744 INFO [main]okhttp3.OkHttpClient.log:129 ---> END POST (194-byte body)
2019-06-27 17:09:33.149 INFO [main]okhttp3.OkHttpClient.log:129 -<-- 200 OK https://api.mch.weixin.qq.com/pay/unifiedorder (405ms)
2019-06-27 17:09:33.150 INFO [main]okhttp3.OkHttpClient.log:129 -Server: nginx
2019-06-27 17:09:33.150 INFO [main]okhttp3.OkHttpClient.log:129 -Date: Thu, 27 Jun 2019 09:09:30 GMT
2019-06-27 17:09:33.150 INFO [main]okhttp3.OkHttpClient.log:129 -Content-Type: text/plain
2019-06-27 17:09:33.150 INFO [main]okhttp3.OkHttpClient.log:129 -Content-Length: 106
2019-06-27 17:09:33.151 INFO [main]okhttp3.OkHttpClient.log:129 -Connection: keep-alive
2019-06-27 17:09:33.151 INFO [main]okhttp3.OkHttpClient.log:129 -Keep-Alive: timeout=8
2019-06-27 17:09:33.151 INFO [main]okhttp3.OkHttpClient.log:129 -
2019-06-27 17:09:33.151 INFO [main]okhttp3.OkHttpClient.log:129 -<xml><return_code><![CDATA[FAIL]]></return_code><return_msg><![CDATA[XML格式错误]]></return_msg></xml>
2019-06-27 17:09:33.152 INFO [main]okhttp3.OkHttpClient.log:129 -<-- END HTTP (106-byte body)
2019-06-27 17:09:33.228 INFO [Thread-3]o.s.scheduling.concurrent.ThreadPoolTaskExecutor.shutdown:208 -Shutting down ExecutorService 'applicationTaskExecutor'
2019-06-27 17:09:33.229 INFO [Thread-3]o.s.orm.jpa.LocalContainerEntityManagerFactoryBean.destroy:597 -Closing JPA EntityManagerFactory for persistence unit 'default'
2019-06-27 17:09:33.258 INFO [Thread-3]com.alibaba.druid.pool.DruidDataSource.close:1818 -{dataSource-1} closed
